spk_ver/v00/v0000	SES146	-0.118313	-53.0484	-52.9301
spk_ver/v00/v0001	SES002	-13.4938	-67.2455	-53.7517
spk_ver/v00/v0002	SES002	-8.48039	-61.967	-53.4866
spk_ver/v00/v0003	SES002	-15.063	-69.5864	-54.5234
spk_ver/v00/v0004	SES002	-0.507095	-53.6563	-53.1492
spk_ver/v00/v0005	SES002	-3.11352	-55.8698	-52.7563
spk_ver/v00/v0006	SES002	-5.67858	-58.0825	-52.4039
spk_ver/v00/v0007	SES002	-7.42879	-61.6836	-54.2548
spk_ver/v00/v0008	SES146	-0.687866	-53.903	-53.2151
spk_ver/v00/v0009	SES002	-1.23647	-53.0089	-51.7724
spk_ver/v00/v0010	SES002	-1.57969	-54.4463	-52.8666
spk_ver/v00/v0011	SES002	-0.675293	-55.1166	-54.4413
spk_ver/v00/v0012	SES002	-8.91218	-60.5815	-51.6693
spk_ver/v00/v0013	SES002	-6.07173	-58.0302	-51.9584
spk_ver/v00/v0014	SES002	-0.897285	-53.1562	-52.2589
spk_ver/v00/v0015	SES002	-0.884392	-52.9069	-52.0225
spk_ver/v00/v0016	SES275	-0.123535	-54.1071	-53.9836
spk_ver/v00/v0017	SES002	-0.556896	-52.4479	-51.891
spk_ver/v00/v0018	SES002	-11.2338	-65.8847	-54.6508
spk_ver/v00/v0019	SES002	-0.700596	-52.8186	-52.118
spk_ver/v00/v0020	SES002	-10.7985	-65.5405	-54.742
spk_ver/v00/v0021	SES002	-8.53788	-61.6249	-53.087
spk_ver/v00/v0022	SES002	-1.22297	-53.9544	-52.7314
spk_ver/v00/v0023	SES002	-6.54182	-58.5219	-51.9801
spk_ver/v00/v0024	SES002	-10.1568	-64.1509	-53.9941
spk_ver/v00/v0025	SES002	-5.66185	-59.3418	-53.6799
spk_ver/v00/v0026	SES002	-3.93861	-55.9004	-51.9617
spk_ver/v00/v0027	SES129	0.698811	-51.8694	-52.5682
spk_ver/v00/v0028	SES007	-1.64588	-53.9937	-52.3478
spk_ver/v00/v0029	SES083	-0.869022	-52.7992	-51.9301
spk_ver/v00/v0030	SES019	0.979656	-51.9125	-52.8922
spk_ver/v00/v0031	SES007	-1.6714	-55.2743	-53.6029
spk_ver/v00/v0032	SES270	0.16431	-51.9718	-52.1361
spk_ver/v00/v0033	SES007	-2.2939	-55.0945	-52.8006
spk_ver/v00/v0034	SES007	-1.61947	-58.2805	-56.661
spk_ver/v00/v0035	SES007	-0.515968	-52.8133	-52.2973
spk_ver/v00/v0036	SES007	-0.718494	-52.5005	-51.782
spk_ver/v00/v0037	SES007	-3.49918	-55.418	-51.9189
spk_ver/v00/v0038	SES259	0.745174	-50.598	-51.3432
spk_ver/v00/v0039	SES007	-2.66678	-55.5388	-52.872
spk_ver/v00/v0040	SES007	-3.09146	-54.4226	-51.3312
spk_ver/v00/v0041	SES007	-2.37698	-54.3006	-51.9236
spk_ver/v00/v0042	SES007	-0.401863	-53.3043	-52.9025
spk_ver/v00/v0043	SES007	-0.337345	-53.3909	-53.0535
spk_ver/v00/v0044	SES007	-2.69726	-53.5087	-50.8115
spk_ver/v00/v0045	SES007	-1.21247	-53.8139	-52.6015
spk_ver/v00/v0046	SES007	-0.963459	-53.2916	-52.3281
spk_ver/v00/v0047	SES172	-0.159264	-52.8124	-52.6532
spk_ver/v00/v0048	SES105	0.092392	-53.2878	-53.3802
spk_ver/v00/v0049	SES007	-0.72118	-52.7889	-52.0677
spk_ver/v00/v0050	SES292	-0.64719	-53.3134	-52.6663
spk_ver/v00/v0051	SES007	-1.65437	-54.9506	-53.2962
spk_ver/v00/v0052	SES068	0.00914001	-51.9811	-51.9903
spk_ver/v00/v0053	SES008	-1.11685	-52.7319	-51.615
spk_ver/v00/v0054	SES008	-5.07132	-59.8802	-54.8089
spk_ver/v00/v0055	SES008	-2.1548	-54.7001	-52.5453
spk_ver/v00/v0056	SES008	-5.31112	-57.887	-52.5758
spk_ver/v00/v0057	SES008	-4.41626	-56.9005	-52.4843
spk_ver/v00/v0058	SES083	-0.437065	-52.7167	-52.2797
spk_ver/v00/v0059	SES158	0.615673	-51.737	-52.3526
spk_ver/v00/v0060	SES008	-1.93113	-54.4958	-52.5646
spk_ver/v00/v0061	SES101	-0.349224	-53.1051	-52.7559
spk_ver/v00/v0062	SES008	-2.99802	-56.3911	-53.3931
spk_ver/v00/v0063	SES008	-2.05313	-55.0482	-52.995
spk_ver/v00/v0064	SES117	-0.296852	-54.0257	-53.7288
spk_ver/v00/v0065	SES149	1.16626	-50.907	-52.0732
spk_ver/v00/v0066	SES008	-1.72952	-54.1105	-52.381
spk_ver/v00/v0067	SES008	-2.12362	-56.5394	-54.4157
spk_ver/v00/v0068	SES162	0.924007	-53.0953	-54.0193
spk_ver/v00/v0069	SES008	-4.09482	-56.0129	-51.9181
spk_ver/v00/v0070	SES008	-0.667358	-52.8159	-52.1486
spk_ver/v00/v0071	SES008	-1.81099	-54.6798	-52.8688
spk_ver/v00/v0072	SES008	-0.961514	-52.4327	-51.4712
spk_ver/v00/v0073	SES008	-2.6759	-53.8988	-51.2229
spk_ver/v00/v0074	SES008	-2.85109	-54.9817	-52.1306
spk_ver/v00/v0075	SES008	-4.69521	-58.1712	-53.476
spk_ver/v00/v0076	SES167	0.372646	-52.2194	-52.592
spk_ver/v00/v0077	SES008	-1.97849	-53.6755	-51.697
spk_ver/v00/v0078	SES177	0.0938301	-52.362	-52.4559
spk_ver/v00/v0079	SES008	-1.85696	-55.0226	-53.1657
spk_ver/v00/v0080	SES008	-3.0689	-56.6319	-53.563
spk_ver/v00/v0081	SES008	-3.28145	-57.2348	-53.9534
spk_ver/v00/v0082	SES008	-1.9276	-54.0308	-52.1032
spk_ver/v00/v0083	SES008	-4.67111	-58.0992	-53.4281
spk_ver/v00/v0084	SES144	-0.0043869	-53.3244	-53.3201
spk_ver/v00/v0085	SES008	-1.98664	-54.6345	-52.6479
spk_ver/v00/v0086	SES008	-1.33862	-52.5569	-51.2183
spk_ver/v00/v0087	SES008	-2.4764	-56.6687	-54.1923
spk_ver/v00/v0088	SES008	-3.01808	-55.8028	-52.7847
spk_ver/v00/v0089	SES008	-0.926743	-54.4023	-53.4756
spk_ver/v00/v0090	SES142	1.86646	-51.9	-53.7664
spk_ver/v00/v0091	SES008	-5.78728	-57.6144	-51.8271
spk_ver/v00/v0092	SES158	-0.193966	-53.096	-52.9021
spk_ver/v00/v0093	SES014	-3.28262	-55.3802	-52.0976
spk_ver/v00/v0094	SES014	-0.89595	-55.0273	-54.1314
spk_ver/v00/v0095	SES014	-0.415127	-51.7896	-51.3745
spk_ver/v00/v0096	SES014	-1.80346	-53.9995	-52.196
spk_ver/v00/v0097	SES014	-1.55644	-54.7524	-53.196
spk_ver/v00/v0098	SES014	-0.900562	-52.3898	-51.4892
spk_ver/v00/v0099	SES014	-8.85264	-62.5579	-53.7052
spk_ver/v01/v0100	SES127	0.129063	-52.6846	-52.8136
spk_ver/v01/v0101	SES014	-5.34954	-59.7622	-54.4126
spk_ver/v01/v0102	SES014	-11.9151	-66.3174	-54.4023
spk_ver/v01/v0103	SES014	-1.87348	-56.5005	-54.627
spk_ver/v01/v0104	SES014	-7.55231	-61.7911	-54.2388
spk_ver/v01/v0105	SES014	-1.38985	-55.5908	-54.201
spk_ver/v01/v0106	SES014	-0.800198	-53.6837	-52.8835
spk_ver/v01/v0107	SES014	-9.78613	-62.0861	-52.3
spk_ver/v01/v0108	SES014	-13.2432	-66.9695	-53.7263
spk_ver/v01/v0109	SES014	-7.4265	-61.5302	-54.1037
spk_ver/v01/v0110	SES014	-1.02531	-54.934	-53.9087
spk_ver/v01/v0111	SES014	-0.830765	-52.4721	-51.6413
spk_ver/v01/v0112	SES014	-7.71925	-60.0913	-52.372
spk_ver/v01/v0113	SES104	-0.0256996	-52.7951	-52.7694
spk_ver/v01/v0114	SES082	-0.0779572	-51.8523	-51.7743
spk_ver/v01/v0115	SES087	0.999374	-51.4395	-52.4388
spk_ver/v01/v0116	SES014	-0.601082	-52.737	-52.1359
spk_ver/v01/v0117	SES177	-0.49649	-53.5325	-53.036
spk_ver/v01/v0118	SES014	-7.40527	-61.2843	-53.879
spk_ver/v01/v0119	SES014	-0.182587	-51.9662	-51.7836
spk_ver/v01/v0120	SES014	-11.3324	-65.5055	-54.1731
spk_ver/v01/v0121	SES146	-0.468994	-53.2029	-52.7339
spk_ver/v01/v0122	SES014	0.366245	-50.2564	-50.6227
spk_ver/v01/v0123	SES014	-0.363445	-52.6194	-52.2559
spk_ver/v01/v0124	SES014	-8.04689	-61.0843	-53.0374
spk_ver/v01/v0125	SES014	-2.86544	-56.1586	-53.2932
spk_ver/v01/v0126	SES016	-1.4304	-54.8804	-53.45
spk_ver/v01/v0127	SES016	-1.87569	-56.6628	-54.7871
spk_ver/v01/v0128	SES106	0.21661	-51.9136	-52.1302
spk_ver/v01/v0129	SES016	-4.2889	-55.8581	-51.5692
spk_ver/v01/v0130	SES016	-2.18588	-55.7304	-53.5445
spk_ver/v01/v0131	SES016	-3.85986	-56.0605	-52.2007
spk_ver/v01/v0132	SES016	-0.612404	-53.5524	-52.94
spk_ver/v01/v0133	SES016	-1.7841	-55.7924	-54.0083
spk_ver/v01/v0134	SES016	-2.27096	-53.9484	-51.6774
spk_ver/v01/v0135	SES016	-3.07845	-57.2683	-54.1898
spk_ver/v01/v0136	SES016	-1.17357	-55.2058	-54.0322
spk_ver/v01/v0137	SES007	0.0401306	-53.3891	-53.4292
spk_ver/v01/v0138	SES016	-0.702847	-53.189	-52.4862
spk_ver/v01/v0139	SES016	-0.858269	-52.7811	-51.9228
spk_ver/v01/v0140	SES016	0.478767	-52.572	-53.0508
spk_ver/v01/v0141	SES016	-7.078	-61.8303	-54.7523
spk_ver/v01/v0142	SES016	-3.32491	-55.5598	-52.2349
spk_ver/v01/v0143	SES016	-4.27662	-58.0665	-53.7899
spk_ver/v01/v0144	SES016	-1.33152	-53.4671	-52.1356
spk_ver/v01/v0145	SES016	-0.726135	-54.9669	-54.2408
spk_ver/v01/v0146	SES016	-1.0471	-53.0371	-51.99
spk_ver/v01/v0147	SES016	-0.875797	-53.825	-52.9492
spk_ver/v01/v0148	SES127	0.115131	-52.7112	-52.8263
spk_ver/v01/v0149	SES016	-3.18969	-55.4276	-52.2379
spk_ver/v01/v0150	SES016	-1.41196	-54.0924	-52.6804
spk_ver/v01/v0151	SES147	0.242821	-54.2137	-54.4565
spk_ver/v01/v0152	SES016	-0.557896	-53.3643	-52.8064
spk_ver/v01/v0153	SES104	0.388252	-50.8474	-51.2356
spk_ver/v01/v0154	SES016	-1.81367	-55.571	-53.7573
spk_ver/v01/v0155	SES016	-0.987438	-54.9116	-53.9241
spk_ver/v01/v0156	SES019	-0.0203743	-53.4626	-53.4422
spk_ver/v01/v0157	SES019	-2.2284	-53.6833	-51.4549
spk_ver/v01/v0158	SES019	-0.701942	-52.783	-52.0811
spk_ver/v01/v0159	SES007	-0.542233	-53.1047	-52.5625
spk_ver/v01/v0160	SES019	-1.67518	-53.003	-51.3279
spk_ver/v01/v0161	SES019	-1.63077	-54.7409	-53.1102
spk_ver/v01/v0162	SES019	-6.39693	-58.425	-52.0281
spk_ver/v01/v0163	SES189	-0.414829	-54.4958	-54.081
spk_ver/v01/v0164	SES019	-1.52643	-53.4	-51.8735
spk_ver/v01/v0165	SES019	-0.498253	-54.0135	-53.5153
spk_ver/v01/v0166	SES019	-5.47438	-57.6184	-52.1441
spk_ver/v01/v0167	SES019	-6.94169	-60.1615	-53.2198
spk_ver/v01/v0168	SES019	-0.949394	-54.368	-53.4186
spk_ver/v01/v0169	SES019	-1.43373	-54.3584	-52.9247
spk_ver/v01/v0170	SES270	0.217529	-52.0941	-52.3116
spk_ver/v01/v0171	SES019	-1.63577	-53.6208	-51.985
spk_ver/v01/v0172	SES019	-7.28138	-60.9211	-53.6397
spk_ver/v01/v0173	SES206	-0.282722	-52.4675	-52.1848
spk_ver/v01/v0174	SES019	-0.944702	-53.7952	-52.8505
spk_ver/v01/v0175	SES014	0.153938	-51.2703	-51.4242
spk_ver/v01/v0176	SES019	-5.13523	-57.8315	-52.6963
spk_ver/v01/v0177	SES120	0.342033	-53.1619	-53.504
spk_ver/v01/v0178	SES019	-0.421986	-54.5093	-54.0873
spk_ver/v01/v0179	SES019	-7.22927	-58.9716	-51.7423
spk_ver/v01/v0180	SES175	-0.0748215	-53.2356	-53.1608
spk_ver/v01/v0181	SES019	-7.35277	-61.4994	-54.1466
spk_ver/v01/v0182	SES019	-3.37138	-55.2448	-51.8734
spk_ver/v01/v0183	SES029	-1.623	-54.3749	-52.7519
spk_ver/v01/v0184	SES029	-3.6941	-55.7482	-52.0541
spk_ver/v01/v0185	SES029	-2.00127	-54.6813	-52.68
spk_ver/v01/v0186	SES068	0.0288925	-52.0808	-52.1097
spk_ver/v01/v0187	SES029	-3.9284	-55.7695	-51.8411
spk_ver/v01/v0188	SES029	-2.02059	-53.4065	-51.3859
spk_ver/v01/v0189	SES149	1.14445	-50.6953	-51.8397
spk_ver/v01/v0190	SES029	-3.19982	-54.8394	-51.6396
spk_ver/v01/v0191	SES029	-3.56722	-55.93	-52.3628
spk_ver/v01/v0192	SES183	0.00965881	-52.0219	-52.0316
spk_ver/v01/v0193	SES029	-0.957844	-53.9859	-53.028
spk_ver/v01/v0194	SES016	0.577965	-52.1963	-52.7742
spk_ver/v01/v0195	SES029	-1.98214	-54.2939	-52.3118
spk_ver/v01/v0196	SES029	-0.791374	-53.6624	-52.871
spk_ver/v01/v0197	SES029	-3.68381	-55.166	-51.4821
spk_ver/v01/v0198	SES146	-0.585854	-53.5951	-53.0092
spk_ver/v01/v0199	SES029	-2.2442	-55.8459	-53.6017
spk_ver/v02/v0200	SES029	-1.50082	-55.4034	-53.9025
spk_ver/v02/v0201	SES068	-0.0660591	-52.1111	-52.0451
spk_ver/v02/v0202	SES148	0.235893	-52.7548	-52.9907
spk_ver/v02/v0203	SES029	-2.0591	-54.3876	-52.3285
spk_ver/v02/v0204	SES029	-0.539013	-53.43	-52.891
spk_ver/v02/v0205	SES060	-0.346317	-52.094	-51.7477
spk_ver/v02/v0206	SES127	0.251156	-52.051	-52.3022
spk_ver/v02/v0207	SES029	-3.06016	-55.9362	-52.8761
spk_ver/v02/v0208	SES048	0.248119	-53.3033	-53.5515
spk_ver/v02/v0209	SES029	-1.06825	-53.8453	-52.777
spk_ver/v02/v0210	SES029	-3.48057	-56.2474	-52.7668
spk_ver/v02/v0211	SES029	-2.79136	-54.3865	-51.5952
spk_ver/v02/v0212	SES042	-12.4001	-66.6629	-54.2628
spk_ver/v02/v0213	SES085	-0.0495453	-53.7177	-53.6681
spk_ver/v02/v0214	SES206	0.336529	-51.2679	-51.6044
spk_ver/v02/v0215	SES144	0.168152	-52.7992	-52.9673
spk_ver/v02/v0216	SES042	-1.6844	-53.9165	-52.2321
spk_ver/v02/v0217	SES042	-1.79186	-57.6282	-55.8363
spk_ver/v02/v0218	SES042	-1.04527	-52.2128	-51.1676
spk_ver/v02/v0219	SES206	-0.02388	-51.7822	-51.7583
spk_ver/v02/v0220	SES019	2.01657	-51.492	-53.5086
spk_ver/v02/v0221	SES007	-0.464481	-53.2542	-52.7897
spk_ver/v02/v0222	SES042	-10.4451	-64.8871	-54.442
spk_ver/v02/v0223	SES147	0.789799	-53.6079	-54.3977
spk_ver/v02/v0224	SES105	0.19627	-53.1505	-53.3468
spk_ver/v02/v0225	SES042	-1.01002	-52.9376	-51.9276
spk_ver/v02/v0226	SES275	0.135815	-53.0799	-53.2157
spk_ver/v02/v0227	SES042	-1.8468	-54.6375	-52.7907
spk_ver/v02/v0228	SES042	-5.07263	-57.8074	-52.7348
spk_ver/v02/v0229	SES042	-13.0393	-65.4273	-52.388
spk_ver/v02/v0230	SES085	0.431011	-51.042	-51.4731
spk_ver/v02/v0231	SES014	0.730202	-50.4424	-51.1726
spk_ver/v02/v0232	SES042	-1.11687	-52.3681	-51.2512
spk_ver/v02/v0233	SES048	-2.98873	-55.032	-52.0433
spk_ver/v02/v0234	SES048	-6.68513	-61.3009	-54.6158
spk_ver/v02/v0235	SES029	0.0456314	-52.9283	-52.974
spk_ver/v02/v0236	SES048	-3.40944	-55.2433	-51.8339
spk_ver/v02/v0237	SES048	-3.23709	-55.3498	-52.1127
spk_ver/v02/v0238	SES048	-2.37003	-55.3294	-52.9594
spk_ver/v02/v0239	SES060	-0.0446968	-51.9141	-51.8694
spk_ver/v02/v0240	SES048	-4.73891	-58.4225	-53.6836
spk_ver/v02/v0241	SES048	-5.92195	-59.5295	-53.6075
spk_ver/v02/v0242	SES189	0.480732	-54.3597	-54.8404
spk_ver/v02/v0243	SES162	0.133121	-53.663	-53.7961
spk_ver/v02/v0244	SES048	-3.48886	-54.8424	-51.3535
spk_ver/v02/v0245	SES048	-3.03069	-54.8783	-51.8476
spk_ver/v02/v0246	SES048	-3.2436	-54.8037	-51.5601
spk_ver/v02/v0247	SES048	-3.27793	-56.7913	-53.5133
spk_ver/v02/v0248	SES226	0.87672	-51.3742	-52.2509
spk_ver/v02/v0249	SES048	-2.77132	-56.0387	-53.2674
spk_ver/v02/v0250	SES048	-0.998947	-54.7382	-53.7393
spk_ver/v02/v0251	SES048	-3.56256	-56.4395	-52.877
spk_ver/v02/v0252	SES060	-2.7231	-57.1638	-54.4407
spk_ver/v02/v0253	SES060	-3.50258	-55.4505	-51.9479
spk_ver/v02/v0254	SES259	0.884335	-50.5604	-51.4448
spk_ver/v02/v0255	SES060	-1.96698	-55.9954	-54.0284
spk_ver/v02/v0256	SES202	0.545563	-53.2005	-53.7461
spk_ver/v02/v0257	SES148	-0.324581	-52.4454	-52.1208
spk_ver/v02/v0258	SES060	-4.58427	-59.603	-55.0187
spk_ver/v02/v0259	SES060	-0.877235	-53.0612	-52.184
spk_ver/v02/v0260	SES060	-1.41624	-54.3686	-52.9524
spk_ver/v02/v0261	SES099	0.588566	-51.4546	-52.0431
spk_ver/v02/v0262	SES060	-1.95032	-54.8516	-52.9013
spk_ver/v02/v0263	SES060	-1.96728	-53.8075	-51.8402
spk_ver/v02/v0264	SES292	-0.538139	-53.581	-53.0429
spk_ver/v02/v0265	SES060	-0.805649	-53.1187	-52.313
spk_ver/v02/v0266	SES060	-4.35718	-57.4818	-53.1246
spk_ver/v02/v0267	SES060	-3.81514	-57.3352	-53.52
spk_ver/v02/v0268	SES060	-3.59957	-57.5043	-53.9047
spk_ver/v02/v0269	SES127	-0.249187	-52.7189	-52.4698
spk_ver/v02/v0270	SES060	-1.31937	-54.9282	-53.6088
spk_ver/v02/v0271	SES060	-1.31583	-53.7635	-52.4477
spk_ver/v02/v0272	SES060	-2.53604	-56.4381	-53.902
spk_ver/v02/v0273	SES087	0.694897	-51.5069	-52.2018
spk_ver/v02/v0274	SES146	0.0694427	-53.1187	-53.1881
spk_ver/v02/v0275	SES060	-3.74657	-57.1365	-53.3899
spk_ver/v02/v0276	SES002	0.197178	-51.9571	-52.1543
spk_ver/v02/v0277	SES060	-0.573322	-52.7288	-52.1555
spk_ver/v02/v0278	SES060	-4.31713	-57.0541	-52.737
spk_ver/v02/v0279	SES060	-4.27907	-55.7784	-51.4993
spk_ver/v02/v0280	SES129	1.20982	-51.2205	-52.4303
spk_ver/v02/v0281	SES162	0.332188	-52.9538	-53.286
spk_ver/v02/v0282	SES060	-3.15106	-55.24	-52.0889
spk_ver/v02/v0283	SES060	-1.52152	-53.7208	-52.1993
spk_ver/v02/v0284	SES062	-1.26128	-55.4486	-54.1873
spk_ver/v02/v0285	SES062	-3.8844	-56.0273	-52.1429
spk_ver/v02/v0286	SES120	-0.155113	-53.7107	-53.5555
spk_ver/v02/v0287	SES062	-4.06767	-57.3791	-53.3115
spk_ver/v02/v0288	SES062	-3.5975	-56.3184	-52.7209
spk_ver/v02/v0289	SES062	-3.28585	-54.1166	-50.8308
spk_ver/v02/v0290	SES062	-1.32792	-54.0061	-52.6782
spk_ver/v02/v0291	SES275	-0.0267525	-52.7903	-52.7636
spk_ver/v02/v0292	SES062	-2.00139	-55.6949	-53.6935
spk_ver/v02/v0293	SES062	-3.06601	-56.9925	-53.9265
spk_ver/v02/v0294	SES062	-2.52002	-54.0341	-51.5141
spk_ver/v02/v0295	SES062	-1.53345	-54.7008	-53.1674
spk_ver/v02/v0296	SES062	-2.28882	-54.9001	-52.6113
spk_ver/v02/v0297	SES062	-1.85056	-55.2397	-53.3891
spk_ver/v02/v0298	SES062	-3.65868	-56.5919	-52.9332
spk_ver/v02/v0299	SES062	-0.867348	-53.9499	-53.0825
spk_ver/v03/v0300	SES062	-3.27786	-58.0799	-54.802
spk_ver/v03/v0301	SES062	-1.31124	-53.2076	-51.8964
spk_ver/v03/v0302	SES172	-0.41647	-52.1019	-51.6855
spk_ver/v03/v0303	SES062	-0.831421	-53.5252	-52.6938
spk_ver/v03/v0304	SES062	-1.9577	-54.3714	-52.4137
spk_ver/v03/v0305	SES062	-3.03757	-55.6733	-52.6357
spk_ver/v03/v0306	SES062	-3.00867	-58.2576	-55.249
spk_ver/v03/v0307	SES062	-4.05465	-55.3075	-51.2528
spk_ver/v03/v0308	SES062	-3.60731	-57.5157	-53.9084
spk_ver/v03/v0309	SES062	-2.4984	-56.9643	-54.4659
spk_ver/v03/v0310	SES125	0.3717	-50.7864	-51.1581
spk_ver/v03/v0311	SES062	-3.81034	-55.3791	-51.5688
spk_ver/v03/v0312	SES062	-2.91477	-56.9717	-54.057
spk_ver/v03/v0313	SES062	-0.860832	-55.6985	-54.8377
spk_ver/v03/v0314	SES068	-3.35131	-55.4348	-52.0835
spk_ver/v03/v0315	SES068	-2.63615	-53.8918	-51.2556
spk_ver/v03/v0316	SES068	-4.46607	-58.7908	-54.3248
spk_ver/v03/v0317	SES068	-1.29384	-55.684	-54.3902
spk_ver/v03/v0318	SES068	-4.17799	-55.9839	-51.8059
spk_ver/v03/v0319	SES068	-4.84484	-58.0581	-53.2132
spk_ver/v03/v0320	SES068	-1.08487	-52.4853	-51.4004
spk_ver/v03/v0321	SES068	-0.639225	-53.3673	-52.7281
spk_ver/v03/v0322	SES068	-0.73539	-53.6314	-52.896
spk_ver/v03/v0323	SES068	-1.88863	-54.7447	-52.8561
spk_ver/v03/v0324	SES144	-0.380043	-54.4953	-54.1152
spk_ver/v03/v0325	SES068	-2.15852	-54.0766	-51.9181
spk_ver/v03/v0326	SES068	-0.322224	-51.6634	-51.3411
spk_ver/v03/v0327	SES068	-1.80388	-54.5249	-52.721
spk_ver/v03/v0328	SES068	-3.11197	-55.8432	-52.7313
spk_ver/v03/v0329	SES068	-1.09706	-53.609	-52.5119
spk_ver/v03/v0330	SES180	-0.0248909	-53.3906	-53.3657
spk_ver/v03/v0331	SES068	-0.569897	-53.417	-52.8471
spk_ver/v03/v0332	SES275	0.511696	-52.5377	-53.0494
spk_ver/v03/v0333	SES062	-0.500782	-51.7529	-51.2521
spk_ver/v03/v0334	SES270	0.747066	-52.0136	-52.7606
spk_ver/v03/v0335	SES068	-3.55216	-57.4385	-53.8863
spk_ver/v03/v0336	SES068	-1.04997	-52.5979	-51.5479
spk_ver/v03/v0337	SES068	-1.53401	-55.5739	-54.0399
spk_ver/v03/v0338	SES068	-1.67975	-55.5121	-53.8323
spk_ver/v03/v0339	SES068	-0.644779	-53.4815	-52.8367
spk_ver/v03/v0340	SES068	-1.56266	-55.6487	-54.086
spk_ver/v03/v0341	SES016	-0.0222931	-52.0493	-52.027
spk_ver/v03/v0342	SES068	-2.21716	-56.2644	-54.0473
spk_ver/v03/v0343	SES068	-0.855709	-53.8113	-52.9556
spk_ver/v03/v0344	SES125	0.557705	-51.4747	-52.0324
spk_ver/v03/v0345	SES187	-0.698589	-53.4713	-52.7727
spk_ver/v03/v0346	SES068	-2.71905	-54.8672	-52.1482
spk_ver/v03/v0347	SES143	0.228153	-52.7832	-53.0114
spk_ver/v03/v0348	SES292	-0.102726	-52.7008	-52.598
spk_ver/v03/v0349	SES082	-3.87642	-56.4565	-52.5801
spk_ver/v03/v0350	SES101	-0.297344	-51.9884	-51.691
spk_ver/v03/v0351	SES082	0.067997	-52.7865	-52.8545
spk_ver/v03/v0352	SES082	-0.515095	-53.1798	-52.6647
spk_ver/v03/v0353	SES082	-2.49986	-55.6447	-53.1449
spk_ver/v03/v0354	SES082	-10.7592	-65.1648	-54.4056
spk_ver/v03/v0355	SES083	-0.431709	-51.643	-51.2113
spk_ver/v03/v0356	SES082	-1.18834	-54.3907	-53.2023
spk_ver/v03/v0357	SES082	-7.9868	-61.5618	-53.575
spk_ver/v03/v0358	SES082	-0.689133	-52.8831	-52.194
spk_ver/v03/v0359	SES117	-0.441765	-54.9684	-54.5267
spk_ver/v03/v0360	SES082	-4.20436	-56.6462	-52.4418
spk_ver/v03/v0361	SES082	-0.0458031	-52.8495	-52.8037
spk_ver/v03/v0362	SES007	0.193333	-52.208	-52.4013
spk_ver/v03/v0363	SES082	-1.80923	-53.8341	-52.0249
spk_ver/v03/v0364	SES019	1.22331	-51.6072	-52.8305
spk_ver/v03/v0365	SES082	-0.560539	-53.2011	-52.6406
spk_ver/v03/v0366	SES226	0.560474	-52.0481	-52.6086
spk_ver/v03/v0367	SES167	0.561039	-51.707	-52.2681
spk_ver/v03/v0368	SES082	-1.73714	-52.9367	-51.1996
spk_ver/v03/v0369	SES042	1.68789	-49.7776	-51.4655
spk_ver/v03/v0370	SES042	0.888893	-50.9438	-51.8327
spk_ver/v03/v0371	SES082	-4.71827	-57.5647	-52.8464
spk_ver/v03/v0372	SES082	-0.881325	-52.6041	-51.7227
spk_ver/v03/v0373	SES082	-2.82651	-56.2516	-53.4251
spk_ver/v03/v0374	SES083	-0.746128	-52.4364	-51.6903
spk_ver/v03/v0375	SES292	-0.493828	-53.0154	-52.5216
spk_ver/v03/v0376	SES083	-3.65424	-55.8115	-52.1573
spk_ver/v03/v0377	SES083	-2.94406	-56.25	-53.306
spk_ver/v03/v0378	SES083	-2.1531	-55.6361	-53.483
spk_ver/v03/v0379	SES083	-1.16522	-54.1163	-52.9511
spk_ver/v03/v0380	SES083	-1.94267	-55.8424	-53.8997
spk_ver/v03/v0381	SES083	-0.996632	-53.4183	-52.4216
spk_ver/v03/v0382	SES148	-0.601227	-53.0322	-52.431
spk_ver/v03/v0383	SES083	-0.573994	-52.2419	-51.6679
spk_ver/v03/v0384	SES226	0.815357	-51.4376	-52.253
spk_ver/v03/v0385	SES226	0.284721	-51.3882	-51.673
spk_ver/v03/v0386	SES087	0.723923	-51.8265	-52.5504
spk_ver/v03/v0387	SES029	-0.0461655	-52.7073	-52.6611
spk_ver/v03/v0388	SES147	0.769424	-53.0629	-53.8323
spk_ver/v03/v0389	SES083	-3.47417	-56.647	-53.1728
spk_ver/v03/v0390	SES189	0.166435	-53.4173	-53.5838
spk_ver/v03/v0391	SES083	-0.989944	-53.8972	-52.9073
spk_ver/v03/v0392	SES083	-0.274048	-51.5208	-51.2467
spk_ver/v03/v0393	SES083	-1.33596	-53.7578	-52.4219
spk_ver/v03/v0394	SES083	-3.05228	-55.7081	-52.6558
spk_ver/v03/v0395	SES083	-0.833736	-53.3558	-52.522
spk_ver/v03/v0396	SES014	1.14955	-49.8604	-51.01
spk_ver/v03/v0397	SES085	-0.784145	-52.5898	-51.8057
spk_ver/v03/v0398	SES085	-1.1003	-52.3341	-51.2338
spk_ver/v03/v0399	SES085	-4.73333	-56.2846	-51.5512
spk_ver/v04/v0400	SES106	0.784035	-51.0164	-51.8004
spk_ver/v04/v0401	SES085	-3.78455	-55.9135	-52.1289
spk_ver/v04/v0402	SES085	-5.43837	-59.1488	-53.7104
spk_ver/v04/v0403	SES085	-0.32011	-52.2688	-51.9487
spk_ver/v04/v0404	SES180	0.494972	-52.0103	-52.5052
spk_ver/v04/v0405	SES129	0.379356	-51.2705	-51.6498
spk_ver/v04/v0406	SES085	-4.20809	-56.6427	-52.4346
spk_ver/v04/v0407	SES146	-0.0141106	-53.4417	-53.4276
spk_ver/v04/v0408	SES085	-0.406349	-52.1752	-51.7688
spk_ver/v04/v0409	SES085	-3.90938	-55.9978	-52.0884
spk_ver/v04/v0410	SES085	-5.64597	-57.6714	-52.0255
spk_ver/v04/v0411	SES292	-0.139488	-53.2594	-53.1199
spk_ver/v04/v0412	SES085	-0.821442	-52.5995	-51.778
spk_ver/v04/v0413	SES125	0.749649	-50.6724	-51.4221
spk_ver/v04/v0414	SES085	-3.05596	-59.6357	-56.5798
spk_ver/v04/v0415	SES085	-1.18579	-53.9196	-52.7338
spk_ver/v04/v0416	SES085	-3.46881	-55.8673	-52.3985
spk_ver/v04/v0417	SES062	-0.172913	-51.6375	-51.4645
spk_ver/v04/v0418	SES060	0.663094	-51.8926	-52.5557
spk_ver/v04/v0419	SES085	-1.32932	-53.995	-52.6656
spk_ver/v04/v0420	SES085	-4.43966	-56.7103	-52.2707
spk_ver/v04/v0421	SES085	-5.63256	-58.3981	-52.7655
spk_ver/v04/v0422	SES085	-1.03966	-54.6613	-53.6217
spk_ver/v04/v0423	SES085	-4.70041	-57.3504	-52.6499
spk_ver/v04/v0424	SES085	-3.38749	-57.1593	-53.7718
spk_ver/v04/v0425	SES183	-0.23204	-53.5931	-53.3611
spk_ver/v04/v0426	SES085	-4.35251	-56.4719	-52.1194
spk_ver/v04/v0427	SES087	-1.15505	-53.5715	-52.4164
spk_ver/v04/v0428	SES162	0.013176	-53.3914	-53.4046
spk_ver/v04/v0429	SES087	-0.331787	-52.0613	-51.7295
spk_ver/v04/v0430	SES087	-4.02235	-58.0399	-54.0175
spk_ver/v04/v0431	SES087	-11.3513	-65.0322	-53.6808
spk_ver/v04/v0432	SES087	-0.996838	-53.6297	-52.6329
spk_ver/v04/v0433	SES087	-8.28961	-60.0202	-51.7306
spk_ver/v04/v0434	SES142	2.21074	-51.2377	-53.4485
spk_ver/v04/v0435	SES087	-8.07838	-62.007	-53.9287
spk_ver/v04/v0436	SES099	0.0629501	-51.858	-51.9209
spk_ver/v04/v0437	SES087	-2.93823	-54.7869	-51.8487
spk_ver/v04/v0438	SES087	-4.89735	-58.1387	-53.2413
spk_ver/v04/v0439	SES087	-0.874271	-51.996	-51.1218
spk_ver/v04/v0440	SES087	-4.4612	-57.0956	-52.6344
spk_ver/v04/v0441	SES087	-10.4839	-63.9562	-53.4723
spk_ver/v04/v0442	SES187	0.230507	-53.4989	-53.7294
spk_ver/v04/v0443	SES172	0.143787	-53.0133	-53.1571
spk_ver/v04/v0444	SES087	-2.21808	-54.2062	-51.9882
spk_ver/v04/v0445	SES087	-1.18877	-52.6567	-51.4679
spk_ver/v04/v0446	SES087	-0.156677	-51.7043	-51.5476
spk_ver/v04/v0447	SES087	-0.697491	-52.4109	-51.7134
spk_ver/v04/v0448	SES106	0.858593	-51.9201	-52.7787
spk_ver/v04/v0449	SES146	-0.0136261	-53.5112	-53.4976
spk_ver/v04/v0450	SES087	-8.61581	-61.8447	-53.2289
spk_ver/v04/v0451	SES087	-1.08358	-53.2698	-52.1862
spk_ver/v04/v0452	SES007	0.229935	-52.7552	-52.9852
spk_ver/v04/v0453	SES087	-0.687943	-52.9027	-52.2147
spk_ver/v04/v0454	SES087	-7.12904	-60.6639	-53.5348
spk_ver/v04/v0455	SES180	-0.191692	-53.2704	-53.0787
spk_ver/v04/v0456	SES099	-5.14038	-58.7201	-53.5797
spk_ver/v04/v0457	SES042	0.565609	-51.5312	-52.0968
spk_ver/v04/v0458	SES099	-0.367352	-52.7059	-52.3385
spk_ver/v04/v0459	SES099	-11.299	-64.6472	-53.3482
spk_ver/v04/v0460	SES099	-6.84841	-61.6939	-54.8455
spk_ver/v04/v0461	SES099	-0.989101	-52.9636	-51.9745
spk_ver/v04/v0462	SES082	0.504665	-51.217	-51.7216
spk_ver/v04/v0463	SES099	-0.00906372	-52.4818	-52.4727
spk_ver/v04/v0464	SES099	0.177502	-51.4882	-51.6657
spk_ver/v04/v0465	SES099	-8.86409	-61.3978	-52.5337
spk_ver/v04/v0466	SES099	-0.983273	-52.8881	-51.9048
spk_ver/v04/v0467	SES099	-0.290771	-52.6282	-52.3374
spk_ver/v04/v0468	SES129	1.06138	-51.843	-52.9043
spk_ver/v04/v0469	SES101	-0.659229	-52.6747	-52.0155
spk_ver/v04/v0470	SES099	-7.06451	-61.154	-54.0895
spk_ver/v04/v0471	SES172	-0.164642	-52.9912	-52.8266
spk_ver/v04/v0472	SES099	-0.388252	-52.6433	-52.255
spk_ver/v04/v0473	SES270	0.917065	-51.7697	-52.6868
spk_ver/v04/v0474	SES099	-2.20763	-54.3961	-52.1884
spk_ver/v04/v0475	SES099	-2.81573	-54.7762	-51.9605
spk_ver/v04/v0476	SES099	-1.86728	-57.0078	-55.1405
spk_ver/v04/v0477	SES002	-0.226582	-51.4305	-51.2039
spk_ver/v04/v0478	SES099	0.124374	-51.944	-52.0684
spk_ver/v04/v0479	SES007	-1.311	-54.5582	-53.2472
spk_ver/v04/v0480	SES101	-3.12454	-54.5354	-51.4108
spk_ver/v04/v0481	SES101	-3.38452	-57.9076	-54.5231
spk_ver/v04/v0482	SES175	-0.227154	-53.6312	-53.4041
spk_ver/v04/v0483	SES101	-1.90783	-54.2718	-52.364
spk_ver/v04/v0484	SES101	-3.54993	-54.4703	-50.9203
spk_ver/v04/v0485	SES101	-3.30693	-56.9464	-53.6395
spk_ver/v04/v0486	SES101	-1.83287	-56.5219	-54.689
spk_ver/v04/v0487	SES101	-3.19849	-56.9129	-53.7144
spk_ver/v04/v0488	SES101	-3.36991	-56.2938	-52.9239
spk_ver/v04/v0489	SES147	0.772701	-53.7565	-54.5292
spk_ver/v04/v0490	SES085	-0.0816498	-53.6055	-53.5239
spk_ver/v04/v0491	SES101	-1.70552	-56.1229	-54.4174
spk_ver/v04/v0492	SES101	-2.66298	-56.8057	-54.1428
spk_ver/v04/v0493	SES101	-2.00962	-53.4512	-51.4415
spk_ver/v04/v0494	SES101	-2.00039	-56.499	-54.4986
spk_ver/v04/v0495	SES101	-1.1841	-52.4952	-51.3111
spk_ver/v04/v0496	SES101	-2.38836	-55.2352	-52.8469
spk_ver/v04/v0497	SES014	0.576054	-50.1696	-50.7457
spk_ver/v04/v0498	SES101	-1.92774	-54.3126	-52.3848
spk_ver/v04/v0499	SES101	-0.875969	-52.8278	-51.9518
spk_ver/v05/v0500	SES085	0.0647507	-51.9644	-52.0292
spk_ver/v05/v0501	SES101	-4.06669	-56.1959	-52.1292
spk_ver/v05/v0502	SES275	-0.107738	-52.843	-52.7353
spk_ver/v05/v0503	SES117	0.0489845	-53.9393	-53.9883
spk_ver/v05/v0504	SES101	-2.97549	-54.9238	-51.9483
spk_ver/v05/v0505	SES101	-0.682323	-53.1576	-52.4753
spk_ver/v05/v0506	SES101	-1.44247	-54.8898	-53.4473
spk_ver/v05/v0507	SES048	0.0786552	-51.7211	-51.7997
spk_ver/v05/v0508	SES117	-0.246784	-54.8715	-54.6247
spk_ver/v05/v0509	SES202	1.77822	-51.1953	-52.9735
spk_ver/v05/v0510	SES104	-0.873772	-54.853	-53.9792
spk_ver/v05/v0511	SES008	-0.105789	-53.6613	-53.5555
spk_ver/v05/v0512	SES104	-0.0540733	-53.4255	-53.3715
spk_ver/v05/v0513	SES104	-0.777344	-52.121	-51.3436
spk_ver/v05/v0514	SES104	-6.52686	-58.1333	-51.6064
spk_ver/v05/v0515	SES104	-11.0703	-64.7365	-53.6661
spk_ver/v05/v0516	SES104	-0.165604	-54.1388	-53.9732
spk_ver/v05/v0517	SES060	-0.300457	-51.2727	-50.9722
spk_ver/v05/v0518	SES104	-12.9572	-67.0218	-54.0646
spk_ver/v05/v0519	SES104	-11.3031	-65.2335	-53.9303
spk_ver/v05/v0520	SES104	-0.0218468	-51.237	-51.2151
spk_ver/v05/v0521	SES008	0.721935	-50.673	-51.3949
spk_ver/v05/v0522	SES068	0.462112	-52.4348	-52.8969
spk_ver/v05/v0523	SES087	0.625824	-51.1428	-51.7687
spk_ver/v05/v0524	SES104	-0.958397	-53.4927	-52.5343
spk_ver/v05/v0525	SES104	-0.740307	-53.0719	-52.3316
spk_ver/v05/v0526	SES104	-1.1101	-53.2851	-52.175
spk_ver/v05/v0527	SES083	0.0129089	-52.2227	-52.2357
spk_ver/v05/v0528	SES148	0.115082	-52.5784	-52.6935
spk_ver/v05/v0529	SES104	-0.982975	-53.8752	-52.8922
spk_ver/v05/v0530	SES104	-6.80197	-59.6192	-52.8172
spk_ver/v05/v0531	SES125	0.691105	-51.2867	-51.9778
spk_ver/v05/v0532	SES104	-9.92741	-63.0064	-53.079
spk_ver/v05/v0533	SES149	1.40982	-50.6061	-52.0159
spk_ver/v05/v0534	SES104	-8.78374	-61.5676	-52.7839
spk_ver/v05/v0535	SES187	-0.102631	-53.9421	-53.8395
spk_ver/v05/v0536	SES104	-0.833675	-52.7402	-51.9065
spk_ver/v05/v0537	SES104	-0.974392	-53.3462	-52.3718
spk_ver/v05/v0538	SES167	0.269714	-52.837	-53.1067
spk_ver/v05/v0539	SES104	-0.298874	-54.4876	-54.1887
spk_ver/v05/v0540	SES104	-7.67052	-58.6964	-51.0259
spk_ver/v05/v0541	SES183	0.452129	-54.4905	-54.9426
spk_ver/v05/v0542	SES104	-0.121769	-52.6401	-52.5183
spk_ver/v05/v0543	SES104	-8.63585	-61.2651	-52.6292
spk_ver/v05/v0544	SES105	-2.42851	-55.5642	-53.1357
spk_ver/v05/v0545	SES105	-1.14773	-54.5859	-53.4381
spk_ver/v05/v0546	SES105	-2.25621	-54.4893	-52.2331
spk_ver/v05/v0547	SES105	-2.30784	-56.4841	-54.1762
spk_ver/v05/v0548	SES019	1.59288	-51.8935	-53.4864
spk_ver/v05/v0549	SES105	-2.16807	-55.4756	-53.3075
spk_ver/v05/v0550	SES105	-1.74927	-55.4653	-53.7161
spk_ver/v05/v0551	SES202	1.7052	-53.0108	-54.716
spk_ver/v05/v0552	SES105	-2.59389	-56.0337	-53.4399
spk_ver/v05/v0553	SES105	-0.609764	-53.1917	-52.582
spk_ver/v05/v0554	SES105	-1.37288	-53.1996	-51.8268
spk_ver/v05/v0555	SES105	-1.34348	-53.9234	-52.5799
spk_ver/v05/v0556	SES082	-0.498238	-52.5104	-52.0122
spk_ver/v05/v0557	SES105	-2.60227	-54.4669	-51.8647
spk_ver/v05/v0558	SES014	0.646397	-50.5392	-51.1856
spk_ver/v05/v0559	SES105	-1.437	-53.8484	-52.4114
spk_ver/v05/v0560	SES177	-0.190632	-52.9688	-52.7782
spk_ver/v05/v0561	SES189	0.969379	-58.2565	-59.2259
spk_ver/v05/v0562	SES105	-1.02469	-54.8284	-53.8037
spk_ver/v05/v0563	SES099	0.433952	-52.9162	-53.3501
spk_ver/v05/v0564	SES105	-2.03002	-54.3437	-52.3137
spk_ver/v05/v0565	SES105	-2.76158	-55.0162	-52.2546
spk_ver/v05/v0566	SES105	-2.50289	-55.2246	-52.7218
spk_ver/v05/v0567	SES142	1.72378	-52.6443	-54.3681
spk_ver/v05/v0568	SES048	0.615211	-51.6515	-52.2667
spk_ver/v05/v0569	SES105	-2.8813	-54.8737	-51.9924
spk_ver/v05/v0570	SES105	-0.767124	-53.1204	-52.3532
spk_ver/v05/v0571	SES105	-3.12201	-56.8163	-53.6943
spk_ver/v05/v0572	SES105	-2.40294	-56.1998	-53.7969
spk_ver/v05/v0573	SES105	-2.87213	-55.5662	-52.6941
spk_ver/v05/v0574	SES105	-1.42744	-54.5766	-53.1492
spk_ver/v05/v0575	SES105	-2.26487	-56.0303	-53.7654
spk_ver/v05/v0576	SES106	-8.9767	-62.9106	-53.9339
spk_ver/v05/v0577	SES106	-1.84174	-55.6925	-53.8507
spk_ver/v05/v0578	SES106	-5.75399	-58.5288	-52.7748
spk_ver/v05/v0579	SES106	-6.40742	-58.764	-52.3566
spk_ver/v05/v0580	SES106	-0.790585	-52.2409	-51.4504
spk_ver/v05/v0581	SES106	-8.76763	-62.2923	-53.5246
spk_ver/v05/v0582	SES106	-0.976616	-54.5963	-53.6197
spk_ver/v05/v0583	SES106	-0.869446	-52.2179	-51.3484
spk_ver/v05/v0584	SES106	-8.01893	-61.164	-53.145
spk_ver/v05/v0585	SES106	-0.074585	-54.845	-54.7704
spk_ver/v05/v0586	SES106	-5.52175	-58.563	-53.0413
spk_ver/v05/v0587	SES106	-3.01456	-56.3956	-53.381
spk_ver/v05/v0588	SES106	-5.11988	-56.9452	-51.8253
spk_ver/v05/v0589	SES106	-7.48817	-59.1461	-51.6579
spk_ver/v05/v0590	SES082	-0.0809937	-52.5418	-52.4608
spk_ver/v05/v0591	SES180	-0.0895195	-53.2582	-53.1686
spk_ver/v05/v0592	SES106	-1.23103	-53.9589	-52.7279
spk_ver/v05/v0593	SES106	-10.0913	-63.9464	-53.8552
spk_ver/v05/v0594	SES292	-0.335732	-52.9702	-52.6344
spk_ver/v05/v0595	SES106	0.777359	-52.0316	-52.809
spk_ver/v05/v0596	SES106	-7.83	-61.2834	-53.4534
spk_ver/v05/v0597	SES106	-6.47581	-59.1509	-52.6751
spk_ver/v05/v0598	SES042	1.51663	-51.0554	-52.572
spk_ver/v05/v0599	SES106	-6.59451	-59.9566	-53.3621
spk_ver/v06/v0600	SES106	0.0792847	-53.1173	-53.1966
spk_ver/v06/v0601	SES106	-0.869419	-53.7489	-52.8795
spk_ver/v06/v0602	SES106	-3.57096	-56.2495	-52.6785
spk_ver/v06/v0603	SES106	-7.43443	-60.9609	-53.5265
spk_ver/v06/v0604	SES106	-6.17419	-58.5742	-52.4
spk_ver/v06/v0605	SES106	-7.00713	-61.9197	-54.9126
spk_ver/v06/v0606	SES048	0.850739	-51.259	-52.1098
spk_ver/v06/v0607	SES167	0.95253	-51.5381	-52.4906
spk_ver/v06/v0608	SES106	-5.79781	-59.2767	-53.4789
spk_ver/v06/v0609	SES143	-0.559879	-53.8303	-53.2704
spk_ver/v06/v0610	SES106	-11.4025	-66.3122	-54.9096
spk_ver/v06/v0611	SES106	-3.26114	-56.563	-53.3019
spk_ver/v06/v0612	SES106	-11.1198	-65.4934	-54.3737
spk_ver/v06/v0613	SES117	-1.07566	-53.9614	-52.8858
spk_ver/v06/v0614	SES117	-3.1182	-55.2501	-52.1319
spk_ver/v06/v0615	SES117	-1.34722	-54.6143	-53.2671
spk_ver/v06/v0616	SES106	0.303493	-50.4657	-50.7692
spk_ver/v06/v0617	SES142	2.48508	-52.7058	-55.1909
spk_ver/v06/v0618	SES048	0.476234	-51.3719	-51.8481
spk_ver/v06/v0619	SES175	0.0836601	-53.5084	-53.5921
spk_ver/v06/v0620	SES180	-0.11018	-52.6994	-52.5892
spk_ver/v06/v0621	SES117	-0.00342178	-54.6646	-54.6612
spk_ver/v06/v0622	SES029	-0.548931	-53.5265	-52.9776
spk_ver/v06/v0623	SES117	-1.28347	-53.4724	-52.1889
spk_ver/v06/v0624	SES117	-2.7256	-55.5461	-52.8205
spk_ver/v06/v0625	SES117	-1.21053	-56.4279	-55.2174
spk_ver/v06/v0626	SES106	0.559361	-51.5379	-52.0973
spk_ver/v06/v0627	SES226	0.242725	-51.296	-51.5387
spk_ver/v06/v0628	SES117	-0.665184	-53.875	-53.2098
spk_ver/v06/v0629	SES117	-1.82149	-51.6128	-49.7913
spk_ver/v06/v0630	SES117	-2.56092	-54.3633	-51.8023
spk_ver/v06/v0631	SES117	-2.75982	-57.1336	-54.3737
spk_ver/v06/v0632	SES117	-1.76614	-53.7569	-51.9907
spk_ver/v06/v0633	SES099	1.30816	-51.4049	-52.713
spk_ver/v06/v0634	SES105	0.249088	-53.1862	-53.4353
spk_ver/v06/v0635	SES167	-0.230858	-53.6534	-53.4225
spk_ver/v06/v0636	SES117	-0.0951767	-52.4661	-52.3709
spk_ver/v06/v0637	SES202	0.870716	-52.9109	-53.7816
spk_ver/v06/v0638	SES117	-2.12817	-54.35	-52.2218
spk_ver/v06/v0639	SES167	1.08162	-52.1946	-53.2763
spk_ver/v06/v0640	SES117	-1.09563	-53.7417	-52.646
spk_ver/v06/v0641	SES117	-2.41873	-53.917	-51.4983
spk_ver/v06/v0642	SES101	-0.14394	-51.9344	-51.7904
spk_ver/v06/v0643	SES068	-0.092823	-52.6345	-52.5417
spk_ver/v06/v0644	SES120	-2.4849	-56.0351	-53.5502
spk_ver/v06/v0645	SES120	-1.06952	-55.139	-54.0695
spk_ver/v06/v0646	SES172	-0.178772	-53.2429	-53.0641
spk_ver/v06/v0647	SES120	-1.75478	-54.0845	-52.3297
spk_ver/v06/v0648	SES120	-0.215443	-52.1156	-51.9002
spk_ver/v06/v0649	SES120	-1.93217	-55.6384	-53.7062
spk_ver/v06/v0650	SES087	0.531281	-51.9939	-52.5252
spk_ver/v06/v0651	SES120	-2.24895	-54.8753	-52.6263
spk_ver/v06/v0652	SES104	-0.106003	-53.6197	-53.5137
spk_ver/v06/v0653	SES129	0.417721	-51.3744	-51.7921
spk_ver/v06/v0654	SES120	-1.74835	-54.7169	-52.9685
spk_ver/v06/v0655	SES120	-2.23778	-55.2064	-52.9686
spk_ver/v06/v0656	SES120	-0.980286	-53.6639	-52.6837
spk_ver/v06/v0657	SES147	0.387749	-53.6402	-54.0279
spk_ver/v06/v0658	SES120	-2.27607	-55.362	-53.0859
spk_ver/v06/v0659	SES120	-2.1003	-53.7851	-51.6848
spk_ver/v06/v0660	SES120	-0.0304413	-52.6221	-52.5917
spk_ver/v06/v0661	SES120	-1.89637	-55.7331	-53.8368
spk_ver/v06/v0662	SES120	-1.43439	-53.5067	-52.0723
spk_ver/v06/v0663	SES120	-2.37476	-56.7751	-54.4003
spk_ver/v06/v0664	SES147	0.166241	-53.5008	-53.6671
spk_ver/v06/v0665	SES162	-0.0283852	-53.6369	-53.6085
spk_ver/v06/v0666	SES120	-1.10193	-53.3577	-52.2557
spk_ver/v06/v0667	SES120	-2.26506	-54.6917	-52.4266
spk_ver/v06/v0668	SES120	0.76128	-51.8013	-52.5626
spk_ver/v06/v0669	SES142	2.63335	-51.3014	-53.9348
spk_ver/v06/v0670	SES106	0.495102	-51.4547	-51.9498
spk_ver/v06/v0671	SES183	1.04582	-52.6875	-53.7333
spk_ver/v06/v0672	SES120	-2.63858	-55.5185	-52.8799
spk_ver/v06/v0673	SES029	-0.576965	-54.0392	-53.4622
spk_ver/v06/v0674	SES120	-1.27432	-54.444	-53.1697
spk_ver/v06/v0675	SES008	0.863556	-51.6029	-52.4664
spk_ver/v06/v0676	SES125	-9.47588	-64.3314	-54.8555
spk_ver/v06/v0677	SES143	0.227989	-53.3379	-53.5658
spk_ver/v06/v0678	SES125	-7.04282	-61.8015	-54.7587
spk_ver/v06/v0679	SES162	-0.105072	-52.993	-52.8879
spk_ver/v06/v0680	SES125	-3.94442	-56.1838	-52.2394
spk_ver/v06/v0681	SES125	-0.972946	-53.1454	-52.1725
spk_ver/v06/v0682	SES125	-6.52115	-57.8306	-51.3095
spk_ver/v06/v0683	SES226	0.393745	-51.8509	-52.2447
spk_ver/v06/v0684	SES125	-6.28036	-60.0497	-53.7693
spk_ver/v06/v0685	SES125	-10.2991	-62.8813	-52.5821
spk_ver/v06/v0686	SES120	-0.102711	-51.9603	-51.8576
spk_ver/v06/v0687	SES125	-1.4762	-55.9726	-54.4964
spk_ver/v06/v0688	SES158	0.49556	-51.9755	-52.4711
spk_ver/v06/v0689	SES125	-3.19337	-57.0712	-53.8778
spk_ver/v06/v0690	SES105	0.114071	-53.1661	-53.2802
spk_ver/v06/v0691	SES125	-0.989243	-53.6921	-52.7028
spk_ver/v06/v0692	SES125	-1.03007	-52.9168	-51.8867
spk_ver/v06/v0693	SES180	0.43531	-52.5087	-52.944
spk_ver/v06/v0694	SES125	-14.3473	-68.1152	-53.7679
spk_ver/v06/v0695	SES125	-2.00418	-53.9993	-51.9951
spk_ver/v06/v0696	SES125	-8.90492	-61.5226	-52.6177
spk_ver/v06/v0697	SES125	-10.912	-65.1651	-54.2531
spk_ver/v06/v0698	SES083	-0.881199	-52.6736	-51.7924
spk_ver/v06/v0699	SES125	-8.47121	-61.6927	-53.2215
spk_ver/v07/v0700	SES014	0.13681	-51.4594	-51.5963
spk_ver/v07/v0701	SES125	-4.61936	-56.245	-51.6257
spk_ver/v07/v0702	SES127	-0.898319	-53.5745	-52.6762
spk_ver/v07/v0703	SES127	-0.334522	-54.51	-54.1755
spk_ver/v07/v0704	SES206	0.15379	-51.5373	-51.691
spk_ver/v07/v0705	SES127	-1.23338	-54.8226	-53.5892
spk_ver/v07/v0706	SES127	-3.56099	-56.8473	-53.2863
spk_ver/v07/v0707	SES127	-3.71124	-55.3287	-51.6174
spk_ver/v07/v0708	SES275	-0.428879	-53.1049	-52.6761
spk_ver/v07/v0709	SES127	-1.50665	-54.6469	-53.1402
spk_ver/v07/v0710	SES105	-0.00405502	-53.3534	-53.3494
spk_ver/v07/v0711	SES127	-2.01969	-55.1864	-53.1667
spk_ver/v07/v0712	SES127	-1.89952	-54.4918	-52.5923
spk_ver/v07/v0713	SES127	-2.33855	-55.197	-52.8584
spk_ver/v07/v0714	SES019	1.95026	-52.018	-53.9683
spk_ver/v07/v0715	SES127	-2.02775	-56.8168	-54.789
spk_ver/v07/v0716	SES148	0.212536	-52.3444	-52.5569
spk_ver/v07/v0717	SES162	0.0412865	-52.5949	-52.6362
spk_ver/v07/v0718	SES189	0.152172	-54.6604	-54.8126
spk_ver/v07/v0719	SES149	0.0149918	-51.4946	-51.5096
spk_ver/v07/v0720	SES175	0.380569	-53.2173	-53.5979
spk_ver/v07/v0721	SES127	-3.03868	-55.3525	-52.3138
spk_ver/v07/v0722	SES127	-0.78516	-54.1312	-53.3461
spk_ver/v07/v0723	SES127	-1.77782	-54.6066	-52.8288
spk_ver/v07/v0724	SES127	-3.89864	-57.1464	-53.2478
spk_ver/v07/v0725	SES127	-1.55453	-54.934	-53.3794
spk_ver/v07/v0726	SES259	1.09385	-50.6094	-51.7033
spk_ver/v07/v0727	SES127	-1.53143	-55.2792	-53.7478
spk_ver/v07/v0728	SES127	0.00263977	-51.4908	-51.4934
spk_ver/v07/v0729	SES127	-4.15784	-56.6882	-52.5303
spk_ver/v07/v0730	SES127	-1.57064	-55.875	-54.3044
spk_ver/v07/v0731	SES129	-1.03143	-52.3969	-51.3655
spk_ver/v07/v0732	SES129	-2.60384	-56.1487	-53.5449
spk_ver/v07/v0733	SES129	-3.67115	-58.5937	-54.9225
spk_ver/v07/v0734	SES129	-7.80529	-63.0354	-55.2302
spk_ver/v07/v0735	SES183	0.447567	-52.7189	-53.1664
spk_ver/v07/v0736	SES129	-2.44	-55.5085	-53.0685
spk_ver/v07/v0737	SES129	-1.31799	-54.8256	-53.5076
spk_ver/v07/v0738	SES129	-3.84284	-56.5574	-52.7145
spk_ver/v07/v0739	SES129	-3.77715	-57.1272	-53.3501
spk_ver/v07/v0740	SES167	-0.441753	-52.938	-52.4962
spk_ver/v07/v0741	SES129	-2.3144	-56.1083	-53.7939
spk_ver/v07/v0742	SES129	-2.69968	-53.5931	-50.8934
spk_ver/v07/v0743	SES129	-0.840702	-53.6362	-52.7954
spk_ver/v07/v0744	SES129	-3.68736	-58.3852	-54.6978
spk_ver/v07/v0745	SES180	0.541183	-52.7847	-53.3259
spk_ver/v07/v0746	SES129	-1.18278	-53.1055	-51.9227
spk_ver/v07/v0747	SES292	-0.566341	-52.9026	-52.3362
spk_ver/v07/v0748	SES202	0.525925	-52.7684	-53.2943
spk_ver/v07/v0749	SES270	0.246876	-52.0531	-52.3
spk_ver/v07/v0750	SES129	-2.23687	-54.0465	-51.8096
spk_ver/v07/v0751	SES129	-3.2105	-54.2672	-51.0567
spk_ver/v07/v0752	SES060	-0.80159	-53.1086	-52.307
spk_ver/v07/v0753	SES129	-2.83571	-56.2166	-53.3809
spk_ver/v07/v0754	SES129	-6.93711	-62.9724	-56.0353
spk_ver/v07/v0755	SES129	-2.00534	-55.75	-53.7447
spk_ver/v07/v0756	SES175	0.138199	-53.6965	-53.8347
spk_ver/v07/v0757	SES129	-2.89524	-55.7732	-52.878
spk_ver/v07/v0758	SES129	-3.46366	-56.2258	-52.7621
spk_ver/v07/v0759	SES129	-3.4012	-54.629	-51.2278
spk_ver/v07/v0760	SES129	-2.63799	-55.21	-52.572
spk_ver/v07/v0761	SES129	-2.66791	-53.0143	-50.3464
spk_ver/v07/v0762	SES172	-0.398193	-53.9378	-53.5396
spk_ver/v07/v0763	SES129	-1.81757	-55.9256	-54.108
spk_ver/v07/v0764	SES129	-3.90306	-55.9871	-52.084
spk_ver/v07/v0765	SES175	0.562325	-53.64	-54.2024
spk_ver/v07/v0766	SES129	-3.2767	-54.7668	-51.4901
spk_ver/v07/v0767	SES129	-3.3207	-56.5511	-53.2304
spk_ver/v07/v0768	SES042	0.642956	-51.0941	-51.7371
spk_ver/v07/v0769	SES099	0.811626	-52.2401	-53.0518
spk_ver/v07/v0770	SES142	-3.76683	-57.0489	-53.282
spk_ver/v07/v0771	SES142	-3.7649	-55.9036	-52.1387
spk_ver/v07/v0772	SES101	-0.468243	-52.6473	-52.1791
spk_ver/v07/v0773	SES142	-6.8088	-59.9652	-53.1564
spk_ver/v07/v0774	SES142	-2.43474	-57.0638	-54.6291
spk_ver/v07/v0775	SES142	-1.18635	-54.4192	-53.2329
spk_ver/v07/v0776	SES142	-3.42265	-55.0034	-51.5808
spk_ver/v07/v0777	SES142	-2.49049	-55.6072	-53.1167
spk_ver/v07/v0778	SES142	-1.35504	-55.5567	-54.2017
spk_ver/v07/v0779	SES142	-6.84829	-59.1587	-52.3104
spk_ver/v07/v0780	SES142	-2.72234	-56.3746	-53.6522
spk_ver/v07/v0781	SES142	-5.67619	-58.1699	-52.4938
spk_ver/v07/v0782	SES101	0.288578	-52.5227	-52.8112
spk_ver/v07/v0783	SES142	-3.69717	-56.1929	-52.4957
spk_ver/v07/v0784	SES187	0.209358	-53.2503	-53.4597
spk_ver/v07/v0785	SES143	0.493454	-54.0923	-54.5857
spk_ver/v07/v0786	SES142	-3.45567	-56.8013	-53.3456
spk_ver/v07/v0787	SES144	-0.133072	-52.915	-52.7819
spk_ver/v07/v0788	SES275	-0.0981369	-52.8708	-52.7727
spk_ver/v07/v0789	SES142	-3.08698	-55.8167	-52.7297
spk_ver/v07/v0790	SES099	0.553448	-51.1381	-51.6916
spk_ver/v07/v0791	SES142	-5.4921	-58.6474	-53.1553
spk_ver/v07/v0792	SES142	-3.59983	-54.048	-50.4482
spk_ver/v07/v0793	SES142	-5.87138	-58.7718	-52.9005
spk_ver/v07/v0794	SES014	0.370636	-50.5878	-50.9584
spk_ver/v07/v0795	SES142	-4.75243	-56.7624	-52.0099
spk_ver/v07/v0796	SES142	-3.98595	-56.1455	-52.1596
spk_ver/v07/v0797	SES143	-0.446873	-52.4373	-51.9905
spk_ver/v07/v0798	SES206	-0.426014	-51.4413	-51.0153
spk_ver/v07/v0799	SES143	-4.19088	-57.3042	-53.1133
spk_ver/v08/v0800	SES143	-0.354305	-53.8747	-53.5204
spk_ver/v08/v0801	SES143	-0.305122	-52.4471	-52.142
spk_ver/v08/v0802	SES143	-1.75719	-54.4778	-52.7206
spk_ver/v08/v0803	SES143	-3.03251	-55.3402	-52.3077
spk_ver/v08/v0804	SES143	-3.05392	-56.2136	-53.1596
spk_ver/v08/v0805	SES143	-2.12476	-55.2076	-53.0829
spk_ver/v08/v0806	SES143	-1.96442	-55.8705	-53.906
spk_ver/v08/v0807	SES177	-0.431618	-52.9014	-52.4698
spk_ver/v08/v0808	SES149	1.11215	-50.8188	-51.931
spk_ver/v08/v0809	SES143	-4.42708	-56.2249	-51.7978
spk_ver/v08/v0810	SES158	0.130058	-52.8011	-52.9311
spk_ver/v08/v0811	SES143	-0.635441	-57.3291	-56.6937
spk_ver/v08/v0812	SES062	0.172947	-51.4718	-51.6447
spk_ver/v08/v0813	SES259	0.855949	-50.8127	-51.6686
spk_ver/v08/v0814	SES143	-4.95023	-55.7653	-50.8151
spk_ver/v08/v0815	SES143	-3.11694	-55.6511	-52.5342
spk_ver/v08/v0816	SES143	-0.635426	-53.3307	-52.6952
spk_ver/v08/v0817	SES144	-0.90554	-54.1758	-53.2703
spk_ver/v08/v0818	SES143	-1.39642	-54.5649	-53.1685
spk_ver/v08/v0819	SES143	-1.94506	-54.6051	-52.66
spk_ver/v08/v0820	SES143	-1.23621	-52.173	-50.9368
spk_ver/v08/v0821	SES143	-1.31681	-54.7568	-53.44
spk_ver/v08/v0822	SES143	-3.00367	-54.8997	-51.896
spk_ver/v08/v0823	SES104	0.68251	-51.1265	-51.809
spk_ver/v08/v0824	SES143	-1.85154	-54.6392	-52.7877
spk_ver/v08/v0825	SES143	-2.96783	-55.0068	-52.039
spk_ver/v08/v0826	SES144	-3.64471	-55.5124	-51.8676
spk_ver/v08/v0827	SES144	-1.53706	-54.1826	-52.6455
spk_ver/v08/v0828	SES144	-0.789623	-52.8849	-52.0953
spk_ver/v08/v0829	SES172	-0.209267	-53.6283	-53.4191
spk_ver/v08/v0830	SES144	-0.403214	-53.3961	-52.9929
spk_ver/v08/v0831	SES183	-0.0693512	-53.8834	-53.814
spk_ver/v08/v0832	SES144	-2.33118	-55.963	-53.6318
spk_ver/v08/v0833	SES144	-3.91097	-55.5522	-51.6412
spk_ver/v08/v0834	SES144	-0.667179	-53.621	-52.9538
spk_ver/v08/v0835	SES144	-1.94486	-55.6446	-53.6997
spk_ver/v08/v0836	SES144	-1.18314	-53.9907	-52.8075
spk_ver/v08/v0837	SES144	-2.30456	-53.2551	-50.9505
spk_ver/v08/v0838	SES144	-2.00053	-55.9715	-53.971
spk_ver/v08/v0839	SES085	-0.0778313	-52.672	-52.5942
spk_ver/v08/v0840	SES144	-1.53691	-54.4719	-52.935
spk_ver/v08/v0841	SES144	-2.96975	-56.904	-53.9343
spk_ver/v08/v0842	SES144	-2.83969	-54.8777	-52.038
spk_ver/v08/v0843	SES144	-0.75906	-53.1351	-52.3761
spk_ver/v08/v0844	SES144	-1.58395	-53.6211	-52.0372
spk_ver/v08/v0845	SES144	-2.67179	-54.0416	-51.3698
spk_ver/v08/v0846	SES104	0.0805016	-52.0493	-52.1298
spk_ver/v08/v0847	SES144	-1.92111	-55.2151	-53.294
spk_ver/v08/v0848	SES144	-1.53989	-57.0847	-55.5448
spk_ver/v08/v0849	SES144	-4.23228	-56.2094	-51.9771
spk_ver/v08/v0850	SES144	-3.31458	-54.714	-51.3994
spk_ver/v08/v0851	SES144	-1.33472	-53.3627	-52.028
spk_ver/v08/v0852	SES144	-0.427269	-52.5613	-52.1341
spk_ver/v08/v0853	SES144	-2.63593	-54.6214	-51.9855
spk_ver/v08/v0854	SES144	-1.50291	-54.5822	-53.0793
spk_ver/v08/v0855	SES144	-0.90184	-52.2645	-51.3626
spk_ver/v08/v0856	SES082	-0.166931	-55.0807	-54.9138
spk_ver/v08/v0857	SES142	1.86577	-51.6604	-53.5262
spk_ver/v08/v0858	SES144	-0.898701	-55.4093	-54.5106
spk_ver/v08/v0859	SES144	-0.753929	-54.3977	-53.6437
spk_ver/v08/v0860	SES146	-2.59587	-55.4459	-52.85
spk_ver/v08/v0861	SES146	-2.24229	-55.2241	-52.9818
spk_ver/v08/v0862	SES146	-2.78968	-55.3647	-52.5751
spk_ver/v08/v0863	SES146	-2.26451	-56.3988	-54.1343
spk_ver/v08/v0864	SES146	-2.88719	-54.1075	-51.2204
spk_ver/v08/v0865	SES008	1.21557	-51.0091	-52.2246
spk_ver/v08/v0866	SES142	0.980286	-52.3352	-53.3154
spk_ver/v08/v0867	SES146	-2.1346	-53.4913	-51.3567
spk_ver/v08/v0868	SES082	0.587868	-50.8828	-51.4706
spk_ver/v08/v0869	SES146	-1.29345	-52.708	-51.4145
spk_ver/v08/v0870	SES146	-1.6965	-55.1818	-53.4853
spk_ver/v08/v0871	SES146	-2.65096	-55.3516	-52.7007
spk_ver/v08/v0872	SES146	-2.73289	-56.2816	-53.5487
spk_ver/v08/v0873	SES082	-0.0938072	-51.0966	-51.0028
spk_ver/v08/v0874	SES146	-1.8127	-55.947	-54.1343
spk_ver/v08/v0875	SES144	-0.189922	-53.8755	-53.6856
spk_ver/v08/v0876	SES146	-1.95692	-51.8246	-49.8677
spk_ver/v08/v0877	SES146	-2.28139	-54.5115	-52.2301
spk_ver/v08/v0878	SES146	-0.953075	-53.9317	-52.9786
spk_ver/v08/v0879	SES146	-2.79956	-55.8041	-53.0045
spk_ver/v08/v0880	SES146	-2.43629	-56.1458	-53.7095
spk_ver/v08/v0881	SES143	0.440933	-53.1873	-53.6282
spk_ver/v08/v0882	SES146	-0.954525	-54.0905	-53.1359
spk_ver/v08/v0883	SES147	-1.83754	-53.8281	-51.9906
spk_ver/v08/v0884	SES147	-0.675388	-53.5732	-52.8979
spk_ver/v08/v0885	SES016	0.169338	-52.3915	-52.5608
spk_ver/v08/v0886	SES147	-1.23351	-55.1537	-53.9202
spk_ver/v08/v0887	SES147	-1.21164	-54.5774	-53.3658
spk_ver/v08/v0888	SES147	-0.954357	-54.8308	-53.8764
spk_ver/v08/v0889	SES019	0.416439	-52.3832	-52.7997
spk_ver/v08/v0890	SES147	-2.2625	-56.4144	-54.1519
spk_ver/v08/v0891	SES147	-2.46652	-54.7977	-52.3312
spk_ver/v08/v0892	SES147	-1.53186	-55.0799	-53.5481
spk_ver/v08/v0893	SES270	0.806324	-52.9319	-53.7382
spk_ver/v08/v0894	SES029	-0.408897	-53.63	-53.2211
spk_ver/v08/v0895	SES147	-1.83317	-56.948	-55.1148
spk_ver/v08/v0896	SES117	-0.205971	-54.2696	-54.0636
spk_ver/v08/v0897	SES183	1.15992	-53.7842	-54.9441
spk_ver/v08/v0898	SES147	-2.41338	-53.8603	-51.4469
spk_ver/v08/v0899	SES147	-1.45349	-56.419	-54.9655
spk_ver/v09/v0900	SES087	0.1423	-51.8057	-51.948
spk_ver/v09/v0901	SES147	-4.2128	-57.1545	-52.9417
spk_ver/v09/v0902	SES147	-3.4143	-55.6095	-52.1952
spk_ver/v09/v0903	SES147	-0.998817	-54.0722	-53.0734
spk_ver/v09/v0904	SES147	-1.80844	-53.6457	-51.8373
spk_ver/v09/v0905	SES143	-0.227676	-53.8764	-53.6488
spk_ver/v09/v0906	SES149	-0.14399	-51.761	-51.617
spk_ver/v09/v0907	SES148	-0.707569	-52.7897	-52.0821
spk_ver/v09/v0908	SES148	-0.859657	-53.3816	-52.5219
spk_ver/v09/v0909	SES106	1.05911	-52.006	-53.0652
spk_ver/v09/v0910	SES148	-1.07487	-55.5678	-54.4929
spk_ver/v09/v0911	SES148	-2.19645	-54.9067	-52.7103
spk_ver/v09/v0912	SES142	0.269569	-53.5142	-53.7838
spk_ver/v09/v0913	SES148	-3.3189	-56.2794	-52.9605
spk_ver/v09/v0914	SES148	-2.38321	-54.8104	-52.4272
spk_ver/v09/v0915	SES148	-2.54666	-57.5923	-55.0456
spk_ver/v09/v0916	SES148	-2.39406	-56.7015	-54.3075
spk_ver/v09/v0917	SES148	-0.148869	-53.0967	-52.9478
spk_ver/v09/v0918	SES148	-0.22533	-52.2688	-52.0435
spk_ver/v09/v0919	SES270	0.275753	-52.5383	-52.8141
spk_ver/v09/v0920	SES148	-1.13947	-52.9652	-51.8257
spk_ver/v09/v0921	SES148	-2.20074	-54.3836	-52.1829
spk_ver/v09/v0922	SES129	0.895447	-50.9086	-51.8041
spk_ver/v09/v0923	SES117	0.0346603	-53.1298	-53.1644
spk_ver/v09/v0924	SES042	1.15509	-50.647	-51.8021
spk_ver/v09/v0925	SES148	-2.04955	-56.1335	-54.0839
spk_ver/v09/v0926	SES148	-3.72238	-57.3748	-53.6524
spk_ver/v09/v0927	SES144	0.229126	-52.9307	-53.1599
spk_ver/v09/v0928	SES007	-0.830929	-54.1146	-53.2837
spk_ver/v09/v0929	SES148	-2.12438	-53.7199	-51.5955
spk_ver/v09/v0930	SES148	-1.09274	-53.155	-52.0623
spk_ver/v09/v0931	SES148	-1.97179	-56.2813	-54.3095
spk_ver/v09/v0932	SES202	1.11759	-52.1249	-53.2425
spk_ver/v09/v0933	SES148	-0.508789	-52.4392	-51.9304
spk_ver/v09/v0934	SES148	-3.0933	-54.2581	-51.1648
spk_ver/v09/v0935	SES060	0.46291	-51.3349	-51.7978
spk_ver/v09/v0936	SES060	0.412529	-52.5148	-52.9273
spk_ver/v09/v0937	SES148	-1.00714	-53.5931	-52.586
spk_ver/v09/v0938	SES148	-1.48469	-54.4634	-52.9787
spk_ver/v09/v0939	SES148	-1.64727	-53.216	-51.5688
spk_ver/v09/v0940	SES148	-2.12654	-53.4626	-51.3361
spk_ver/v09/v0941	SES149	-2.75745	-55.792	-53.0346
spk_ver/v09/v0942	SES149	-5.65862	-57.4774	-51.8188
spk_ver/v09/v0943	SES149	-6.99331	-60.4691	-53.4758
spk_ver/v09/v0944	SES149	-1.34698	-53.7642	-52.4173
spk_ver/v09/v0945	SES105	-0.295708	-52.5152	-52.2195
spk_ver/v09/v0946	SES149	-2.30712	-53.7289	-51.4218
spk_ver/v09/v0947	SES149	-6.26115	-60.745	-54.4838
spk_ver/v09/v0948	SES149	-5.79863	-57.9151	-52.1165
spk_ver/v09/v0949	SES149	-3.64204	-54.4351	-50.7931
spk_ver/v09/v0950	SES226	0.0797768	-51.2863	-51.3661
spk_ver/v09/v0951	SES149	-6.48695	-59.9934	-53.5064
spk_ver/v09/v0952	SES149	-3.31496	-55.8415	-52.5265
spk_ver/v09/v0953	SES062	-0.129452	-52.0849	-51.9554
spk_ver/v09/v0954	SES149	-8.09299	-61.5754	-53.4824
spk_ver/v09/v0955	SES048	-0.154163	-51.8149	-51.6608
spk_ver/v09/v0956	SES158	-0.353882	-52.2968	-51.943
spk_ver/v09/v0957	SES158	-3.93148	-58.5426	-54.6112
spk_ver/v09/v0958	SES158	-0.88636	-52.0836	-51.1973
spk_ver/v09/v0959	SES158	-0.458378	-52.4008	-51.9424
spk_ver/v09/v0960	SES158	-5.32093	-59.1913	-53.8704
spk_ver/v09/v0961	SES147	0.719875	-53.5806	-54.3004
spk_ver/v09/v0962	SES158	-10.1853	-64.1853	-53.9999
spk_ver/v09/v0963	SES292	-0.418301	-53.1025	-52.6842
spk_ver/v09/v0964	SES060	-0.0517197	-51.7947	-51.743
spk_ver/v09/v0965	SES002	0.213909	-52.0104	-52.2243
spk_ver/v09/v0966	SES149	1.41435	-50.5541	-51.9684
spk_ver/v09/v0967	SES158	-7.21492	-61.3472	-54.1323
spk_ver/v09/v0968	SES158	-0.599163	-52.8867	-52.2876
spk_ver/v09/v0969	SES275	-1.23331	-55.0993	-53.8659
spk_ver/v09/v0970	SES158	-6.46607	-59.2277	-52.7616
spk_ver/v09/v0971	SES158	-5.53175	-58.3545	-52.8228
spk_ver/v09/v0972	SES002	0.39653	-51.1432	-51.5398
spk_ver/v09/v0973	SES158	-7.04459	-59.5336	-52.489
spk_ver/v09/v0974	SES202	0.778233	-52.2919	-53.0701
spk_ver/v09/v0975	SES158	-9.25268	-63.6106	-54.3579
spk_ver/v09/v0976	SES158	0.180119	-51.6593	-51.8394
spk_ver/v09/v0977	SES162	-1.41473	-54.0168	-52.6021
spk_ver/v09/v0978	SES162	-5.2592	-58.4365	-53.1773
spk_ver/v09/v0979	SES162	-5.21299	-57.6916	-52.4786
spk_ver/v09/v0980	SES162	-0.898769	-54.8743	-53.9755
spk_ver/v09/v0981	SES162	-1.47758	-55.5796	-54.1021
spk_ver/v09/v0982	SES259	0.845966	-50.7698	-51.6158
spk_ver/v09/v0983	SES162	-2.32244	-58.4639	-56.1415
spk_ver/v09/v0984	SES162	-0.924881	-52.8034	-51.8785
spk_ver/v09/v0985	SES162	-0.5844	-53.2271	-52.6427
spk_ver/v09/v0986	SES062	0.0198517	-51.6058	-51.6256
spk_ver/v09/v0987	SES162	-0.615997	-53.7487	-53.1327
spk_ver/v09/v0988	SES162	-3.33918	-55.284	-51.9448
spk_ver/v09/v0989	SES162	-3.00387	-57.3365	-54.3327
spk_ver/v09/v0990	SES162	-2.85109	-54.8852	-52.0342
spk_ver/v09/v0991	SES087	0.683853	-51.6379	-52.3217
spk_ver/v09/v0992	SES120	-0.435287	-53.6932	-53.2579
spk_ver/v09/v0993	SES162	-3.67019	-55.4075	-51.7374
spk_ver/v09/v0994	SES162	-0.854778	-53.4223	-52.5675
spk_ver/v09/v0995	SES162	-3.31901	-54.2452	-50.9262
spk_ver/v09/v0996	SES162	-1.23663	-52.3786	-51.142
spk_ver/v09/v0997	SES162	-4.75588	-56.9536	-52.1978
spk_ver/v09/v0998	SES162	-2.13473	-56.4905	-54.3558
spk_ver/v09/v0999	SES162	-1.44482	-52.5401	-51.0953
spk_ver/v10/v1000	SES162	-3.71652	-55.7367	-52.0202
spk_ver/v10/v1001	SES148	-0.152878	-53.5676	-53.4147
spk_ver/v10/v1002	SES162	0.309986	-53.6866	-53.9966
spk_ver/v10/v1003	SES162	-1.52877	-54.7306	-53.2018
spk_ver/v10/v1004	SES162	-1.47894	-55.6167	-54.1378
spk_ver/v10/v1005	SES162	-3.62207	-57.2378	-53.6157
spk_ver/v10/v1006	SES162	-2.5935	-55.1089	-52.5154
spk_ver/v10/v1007	SES162	-1.55073	-55.421	-53.8702
spk_ver/v10/v1008	SES162	-2.46156	-57.5159	-55.0544
spk_ver/v10/v1009	SES162	-4.34149	-56.2869	-51.9454
spk_ver/v10/v1010	SES167	-2.21036	-55.4761	-53.2658
spk_ver/v10/v1011	SES167	-0.205627	-53.3442	-53.1386
spk_ver/v10/v1012	SES167	-1.36224	-55.2818	-53.9196
spk_ver/v10/v1013	SES167	-5.86148	-58.2193	-52.3578
spk_ver/v10/v1014	SES167	-1.75534	-53.0911	-51.3357
spk_ver/v10/v1015	SES167	-1.43039	-53.7952	-52.3648
spk_ver/v10/v1016	SES167	-1.51366	-54.5295	-53.0159
spk_ver/v10/v1017	SES167	-1.32016	-54.3691	-53.049
spk_ver/v10/v1018	SES167	-1.47774	-54.4876	-53.0098
spk_ver/v10/v1019	SES167	-1.76286	-54.5887	-52.8259
spk_ver/v10/v1020	SES167	-5.00595	-57.4351	-52.4292
spk_ver/v10/v1021	SES167	-1.47325	-56.729	-55.2557
spk_ver/v10/v1022	SES167	-3.18587	-55.9785	-52.7926
spk_ver/v10/v1023	SES167	-2.36	-56.3271	-53.9672
spk_ver/v10/v1024	SES167	-2.85872	-58.2081	-55.3494
spk_ver/v10/v1025	SES167	-1.22459	-52.9703	-51.7457
spk_ver/v10/v1026	SES167	-1.79868	-54.9747	-53.176
spk_ver/v10/v1027	SES167	-1.54265	-53.5684	-52.0257
spk_ver/v10/v1028	SES167	-4.90856	-57.2079	-52.2993
spk_ver/v10/v1029	SES167	-3.01026	-56.1159	-53.1057
spk_ver/v10/v1030	SES167	-2.66785	-54.8153	-52.1475
spk_ver/v10/v1031	SES167	-4.72243	-56.9503	-52.2278
spk_ver/v10/v1032	SES167	-4.64197	-55.3204	-50.6784
spk_ver/v10/v1033	SES167	-5.3124	-56.3247	-51.0123
spk_ver/v10/v1034	SES002	0.250103	-50.617	-50.8671
spk_ver/v10/v1035	SES167	-2.01748	-54.1457	-52.1282
spk_ver/v10/v1036	SES083	0.232601	-52.4808	-52.7134
spk_ver/v10/v1037	SES167	-2.01024	-55.4695	-53.4593
spk_ver/v10/v1038	SES167	-3.17247	-58.0422	-54.8697
spk_ver/v10/v1039	SES167	-1.98396	-55.6166	-53.6327
spk_ver/v10/v1040	SES167	-4.73956	-57.9354	-53.1958
spk_ver/v10/v1041	SES167	-0.607304	-54.5683	-53.9609
spk_ver/v10/v1042	SES087	0.814938	-52.0153	-52.8302
spk_ver/v10/v1043	SES029	0.225098	-52.57	-52.7951
spk_ver/v10/v1044	SES206	-0.16386	-51.5498	-51.3859
spk_ver/v10/v1045	SES172	-2.34307	-55.7727	-53.4296
spk_ver/v10/v1046	SES172	-0.0784645	-52.4478	-52.3693
spk_ver/v10/v1047	SES172	-1.37881	-53.9476	-52.5688
spk_ver/v10/v1048	SES259	0.959591	-50.4178	-51.3774
spk_ver/v10/v1049	SES172	-3.76331	-54.7633	-51
spk_ver/v10/v1050	SES120	0.1101	-53.7978	-53.9079
spk_ver/v10/v1051	SES172	-1.28799	-53.7684	-52.4804
spk_ver/v10/v1052	SES172	-2.43961	-56.0799	-53.6403
spk_ver/v10/v1053	SES172	-3.8833	-57.2683	-53.385
spk_ver/v10/v1054	SES172	-2.36177	-55.4627	-53.1009
spk_ver/v10/v1055	SES189	0.385918	-55.8103	-56.1963
spk_ver/v10/v1056	SES172	-4.21123	-56.2321	-52.0209
spk_ver/v10/v1057	SES172	-0.950397	-53.6218	-52.6714
spk_ver/v10/v1058	SES172	-2.07653	-55.0256	-52.949
spk_ver/v10/v1059	SES172	-0.782837	-53.3078	-52.5249
spk_ver/v10/v1060	SES029	-0.430328	-52.5044	-52.074
spk_ver/v10/v1061	SES175	-6.34095	-59.2127	-52.8718
spk_ver/v10/v1062	SES187	-0.733524	-52.7119	-51.9783
spk_ver/v10/v1063	SES019	1.86424	-52.1485	-54.0127
spk_ver/v10/v1064	SES175	-4.07254	-56.4275	-52.355
spk_ver/v10/v1065	SES175	-5.24479	-57.1047	-51.8599
spk_ver/v10/v1066	SES175	-3.70458	-57.5432	-53.8386
spk_ver/v10/v1067	SES175	-1.95725	-55.2278	-53.2706
spk_ver/v10/v1068	SES175	-3.58506	-55.9569	-52.3718
spk_ver/v10/v1069	SES016	0.576431	-51.7577	-52.3341
spk_ver/v10/v1070	SES175	-1.94267	-56.0672	-54.1245
spk_ver/v10/v1071	SES175	-1.79371	-52.8633	-51.0696
spk_ver/v10/v1072	SES175	-4.28999	-56.8596	-52.5696
spk_ver/v10/v1073	SES029	-0.823219	-53.4355	-52.6123
spk_ver/v10/v1074	SES175	-3.33007	-56.0435	-52.7134
spk_ver/v10/v1075	SES175	-1.35735	-53.0494	-51.692
spk_ver/v10/v1076	SES175	-0.989731	-52.416	-51.4263
spk_ver/v10/v1077	SES175	-4.39613	-55.7011	-51.305
spk_ver/v10/v1078	SES127	0.281464	-51.3884	-51.6699
spk_ver/v10/v1079	SES175	-3.47385	-54.3859	-50.912
spk_ver/v10/v1080	SES175	-0.94556	-54.8108	-53.8653
spk_ver/v10/v1081	SES175	-3.40078	-55.8883	-52.4875
spk_ver/v10/v1082	SES175	-2.75651	-54.5948	-51.8383
spk_ver/v10/v1083	SES007	0.487965	-53.1186	-53.6065
spk_ver/v10/v1084	SES068	0.216	-51.883	-52.099
spk_ver/v10/v1085	SES008	0.203129	-51.3051	-51.5082
spk_ver/v10/v1086	SES175	-0.605907	-52.1427	-51.5368
spk_ver/v10/v1087	SES175	-2.66517	-55.1707	-52.5056
spk_ver/v10/v1088	SES008	0.690201	-51.8102	-52.5004
spk_ver/v10/v1089	SES177	-2.30466	-53.1218	-50.8172
spk_ver/v10/v1090	SES177	-3.08992	-54.844	-51.754
spk_ver/v10/v1091	SES177	-3.62527	-56.4777	-52.8524
spk_ver/v10/v1092	SES177	-0.869808	-53.6308	-52.761
spk_ver/v10/v1093	SES177	-4.44914	-56.743	-52.2939
spk_ver/v10/v1094	SES002	0.551193	-51.056	-51.6072
spk_ver/v10/v1095	SES104	0.432816	-51.6764	-52.1092
spk_ver/v10/v1096	SES177	-0.967205	-53.5827	-52.6155
spk_ver/v10/v1097	SES177	-1.54453	-55.6833	-54.1388
spk_ver/v10/v1098	SES177	-2.02552	-53.6456	-51.6201
spk_ver/v10/v1099	SES177	0.0582504	-52.636	-52.6942
spk_ver/v11/v1100	SES177	-2.90088	-55.701	-52.8001
spk_ver/v11/v1101	SES085	-0.868492	-53.3101	-52.4416
spk_ver/v11/v1102	SES187	-0.512596	-53.8519	-53.3393
spk_ver/v11/v1103	SES177	-0.870632	-54.4388	-53.5682
spk_ver/v11/v1104	SES177	-0.202541	-52.3007	-52.0981
spk_ver/v11/v1105	SES177	-0.258858	-52.1385	-51.8796
spk_ver/v11/v1106	SES177	-1.72571	-54.074	-52.3483
spk_ver/v11/v1107	SES177	-0.435024	-53.0882	-52.6532
spk_ver/v11/v1108	SES177	-0.523354	-53.2751	-52.7518
spk_ver/v11/v1109	SES125	0.372543	-51.1606	-51.5331
spk_ver/v11/v1110	SES177	-2.57837	-54.5762	-51.9979
spk_ver/v11/v1111	SES177	-1.20728	-53.381	-52.1737
spk_ver/v11/v1112	SES177	-2.26867	-54.6093	-52.3407
spk_ver/v11/v1113	SES177	-4.96452	-56.1879	-51.2234
spk_ver/v11/v1114	SES177	-0.962944	-55.0961	-54.1331
spk_ver/v11/v1115	SES177	-0.940063	-54.9805	-54.0405
spk_ver/v11/v1116	SES085	-0.0154953	-51.7919	-51.7765
spk_ver/v11/v1117	SES147	0.247643	-53.012	-53.2596
spk_ver/v11/v1118	SES177	-0.417324	-53.6952	-53.2779
spk_ver/v11/v1119	SES177	-2.81846	-54.6528	-51.8343
spk_ver/v11/v1120	SES180	-4.70362	-57.1947	-52.4911
spk_ver/v11/v1121	SES189	-0.293106	-54.7687	-54.4756
spk_ver/v11/v1122	SES117	-0.539188	-56.274	-55.7348
spk_ver/v11/v1123	SES129	1.74761	-50.4573	-52.2049
spk_ver/v11/v1124	SES180	-1.14552	-54.4058	-53.2602
spk_ver/v11/v1125	SES180	-0.447998	-52.4096	-51.9616
spk_ver/v11/v1126	SES180	-1.16273	-53.727	-52.5643
spk_ver/v11/v1127	SES180	-0.886211	-53.7932	-52.907
spk_ver/v11/v1128	SES016	-0.0544739	-53.8327	-53.7782
spk_ver/v11/v1129	SES158	0.10368	-51.6572	-51.7609
spk_ver/v11/v1130	SES180	-2.04536	-54.8122	-52.7668
spk_ver/v11/v1131	SES180	-3.28509	-53.8894	-50.6043
spk_ver/v11/v1132	SES180	-0.556301	-54.8193	-54.263
spk_ver/v11/v1133	SES180	-3.17263	-54.7942	-51.6215
spk_ver/v11/v1134	SES180	-1.41516	-55.2831	-53.8679
spk_ver/v11/v1135	SES180	-0.663151	-52.1458	-51.4827
spk_ver/v11/v1136	SES180	-4.38431	-58.1507	-53.7664
spk_ver/v11/v1137	SES148	-0.209137	-52.4917	-52.2825
spk_ver/v11/v1138	SES104	0.283859	-50.2582	-50.542
spk_ver/v11/v1139	SES180	-3.70778	-56.7061	-52.9983
spk_ver/v11/v1140	SES083	0.325016	-52.3793	-52.7043
spk_ver/v11/v1141	SES180	-2.93464	-55.3885	-52.4539
spk_ver/v11/v1142	SES180	-0.97929	-54.0069	-53.0276
spk_ver/v11/v1143	SES180	-1.77736	-55.9903	-54.213
spk_ver/v11/v1144	SES099	0.244488	-52.5154	-52.7599
spk_ver/v11/v1145	SES180	-1.23623	-54.3258	-53.0895
spk_ver/v11/v1146	SES183	-2.16147	-54.9798	-52.8183
spk_ver/v11/v1147	SES183	-0.661057	-53.1783	-52.5173
spk_ver/v11/v1148	SES183	-4.0517	-57.8166	-53.7649
spk_ver/v11/v1149	SES183	-4.54913	-56.6044	-52.0553
spk_ver/v11/v1150	SES183	-3.71471	-56.3875	-52.6728
spk_ver/v11/v1151	SES082	0.239758	-51.6912	-51.931
spk_ver/v11/v1152	SES183	-1.43234	-55.7994	-54.367
spk_ver/v11/v1153	SES183	-1.71479	-54.4742	-52.7594
spk_ver/v11/v1154	SES002	0.356739	-50.4684	-50.8252
spk_ver/v11/v1155	SES183	-1.76171	-55.7198	-53.9581
spk_ver/v11/v1156	SES183	-3.61055	-57.3062	-53.6956
spk_ver/v11/v1157	SES183	-2.9874	-52.8219	-49.8345
spk_ver/v11/v1158	SES183	-0.361416	-52.683	-52.3216
spk_ver/v11/v1159	SES183	-1.98153	-54.8986	-52.9171
spk_ver/v11/v1160	SES183	-3.16391	-55.2221	-52.0582
spk_ver/v11/v1161	SES183	-3.07557	-57.1457	-54.0701
spk_ver/v11/v1162	SES105	0.38166	-52.5386	-52.9202
spk_ver/v11/v1163	SES183	-4.36436	-56.3026	-51.9382
spk_ver/v11/v1164	SES259	0.98798	-51.0336	-52.0216
spk_ver/v11/v1165	SES183	-1.78746	-55.5561	-53.7687
spk_ver/v11/v1166	SES183	-4.04208	-55.7126	-51.6705
spk_ver/v11/v1167	SES183	-1.71333	-54.9142	-53.2009
spk_ver/v11/v1168	SES183	-1.78939	-53.7368	-51.9475
spk_ver/v11/v1169	SES183	-4.59058	-56.5679	-51.9773
spk_ver/v11/v1170	SES183	-3.3338	-55.4687	-52.1349
spk_ver/v11/v1171	SES183	-4.88345	-58.4305	-53.547
spk_ver/v11/v1172	SES187	-2.47091	-55.2881	-52.8172
spk_ver/v11/v1173	SES019	1.72483	-52.5497	-54.2745
spk_ver/v11/v1174	SES187	-4.06468	-57.9167	-53.852
spk_ver/v11/v1175	SES187	-1.70475	-55.923	-54.2183
spk_ver/v11/v1176	SES083	-0.447895	-51.9773	-51.5294
spk_ver/v11/v1177	SES187	-4.73488	-58.4632	-53.7284
spk_ver/v11/v1178	SES187	-3.18173	-55.3152	-52.1335
spk_ver/v11/v1179	SES187	-1.28591	-54.5188	-53.2329
spk_ver/v11/v1180	SES187	-0.269501	-53.5677	-53.2982
spk_ver/v11/v1181	SES187	-4.68669	-56.4218	-51.7351
spk_ver/v11/v1182	SES187	-0.136482	-52.5722	-52.4357
spk_ver/v11/v1183	SES187	-3.10134	-55.6495	-52.5481
spk_ver/v11/v1184	SES187	0.206985	-52.5334	-52.7404
spk_ver/v11/v1185	SES127	0.255146	-52.3336	-52.5888
spk_ver/v11/v1186	SES187	-0.585083	-52.6716	-52.0865
spk_ver/v11/v1187	SES187	-1.41859	-53.009	-51.5905
spk_ver/v11/v1188	SES187	-1.34871	-55.454	-54.1053
spk_ver/v11/v1189	SES042	0.611538	-51.0032	-51.6148
spk_ver/v11/v1190	SES187	-0.359074	-52.7342	-52.3752
spk_ver/v11/v1191	SES187	-3.67351	-57.9449	-54.2714
spk_ver/v11/v1192	SES187	-3.04796	-55.7677	-52.7197
spk_ver/v11/v1193	SES183	-0.0341873	-53.6797	-53.6455
spk_ver/v11/v1194	SES187	-0.927689	-55.0318	-54.1042
spk_ver/v11/v1195	SES187	-4.15453	-56.9607	-52.8062
spk_ver/v11/v1196	SES146	0.353905	-53.5859	-53.9398
spk_ver/v11/v1197	SES189	-4.01355	-55.6506	-51.637
spk_ver/v11/v1198	SES175	0.110275	-53.8047	-53.9149
spk_ver/v11/v1199	SES189	-3.82399	-57.4461	-53.6221
spk_ver/v12/v1200	SES189	-1.89272	-53.141	-51.2483
spk_ver/v12/v1201	SES177	-0.0704536	-52.4698	-52.3993
spk_ver/v12/v1202	SES189	-1.24862	-55.0485	-53.7999
spk_ver/v12/v1203	SES143	-0.434097	-53.7905	-53.3564
spk_ver/v12/v1204	SES189	-1.9258	-54.4775	-52.5517
spk_ver/v12/v1205	SES189	-1.95417	-54.0638	-52.1096
spk_ver/v12/v1206	SES189	-4.58626	-58.1497	-53.5635
spk_ver/v12/v1207	SES189	-2.74551	-55.0932	-52.3477
spk_ver/v12/v1208	SES189	-2.38742	-53.5378	-51.1504
spk_ver/v12/v1209	SES189	-4.14228	-57.6331	-53.4908
spk_ver/v12/v1210	SES189	-0.490505	-54.0619	-53.5714
spk_ver/v12/v1211	SES062	0.12833	-51.6622	-51.7905
spk_ver/v12/v1212	SES189	-2.11437	-54.2514	-52.137
spk_ver/v12/v1213	SES048	0.233692	-51.808	-52.0417
spk_ver/v12/v1214	SES042	0.824116	-50.5046	-51.3287
spk_ver/v12/v1215	SES008	1.34876	-50.2923	-51.6411
spk_ver/v12/v1216	SES202	-3.57062	-54.3656	-50.7949
spk_ver/v12/v1217	SES202	-2.26043	-56.38	-54.1195
spk_ver/v12/v1218	SES085	0.327431	-50.8486	-51.176
spk_ver/v12/v1219	SES202	-2.7567	-54.904	-52.1473
spk_ver/v12/v1220	SES202	-2.2536	-54.3915	-52.1379
spk_ver/v12/v1221	SES202	-0.578678	-54.8015	-54.2228
spk_ver/v12/v1222	SES202	-6.46806	-59.6128	-53.1447
spk_ver/v12/v1223	SES158	0.0140152	-52.2756	-52.2896
spk_ver/v12/v1224	SES202	-1.40364	-55.5952	-54.1916
spk_ver/v12/v1225	SES202	-5.84826	-57.8552	-52.007
spk_ver/v12/v1226	SES202	-4.72976	-56.9454	-52.2157
spk_ver/v12/v1227	SES202	-3.33932	-56.5775	-53.2382
spk_ver/v12/v1228	SES177	0.293835	-52.867	-53.1608
spk_ver/v12/v1229	SES202	-3.98921	-56.54	-52.5508
spk_ver/v12/v1230	SES202	-0.862659	-53.9478	-53.0851
spk_ver/v12/v1231	SES202	-3.54436	-57.4596	-53.9152
spk_ver/v12/v1232	SES202	-0.878735	-56.1004	-55.2217
spk_ver/v12/v1233	SES206	0.372837	-50.7287	-51.1016
spk_ver/v12/v1234	SES202	-5.59659	-58.2052	-52.6086
spk_ver/v12/v1235	SES202	-4.13525	-56.0813	-51.946
spk_ver/v12/v1236	SES125	0.955151	-51.5789	-52.5341
spk_ver/v12/v1237	SES127	0.0871735	-51.9514	-52.0386
spk_ver/v12/v1238	SES202	1.26783	-51.8085	-53.0763
spk_ver/v12/v1239	SES167	0.280659	-52.0111	-52.2917
spk_ver/v12/v1240	SES206	-9.60217	-63.0092	-53.4071
spk_ver/v12/v1241	SES206	-9.64807	-63.6947	-54.0466
spk_ver/v12/v1242	SES206	-0.424034	-52.1167	-51.6927
spk_ver/v12/v1243	SES206	-1.75623	-54.5256	-52.7693
spk_ver/v12/v1244	SES259	0.543434	-51.9211	-52.4646
spk_ver/v12/v1245	SES206	-2.76626	-54.9276	-52.1613
spk_ver/v12/v1246	SES206	-4.31116	-56.3179	-52.0067
spk_ver/v12/v1247	SES206	-0.541065	-52.4493	-51.9083
spk_ver/v12/v1248	SES206	-11.6357	-65.9632	-54.3275
spk_ver/v12/v1249	SES270	0.620987	-52.669	-53.29
spk_ver/v12/v1250	SES206	-6.82087	-60.1641	-53.3432
spk_ver/v12/v1251	SES206	-4.15119	-55.8282	-51.677
spk_ver/v12/v1252	SES206	-3.88412	-56.7299	-52.8458
spk_ver/v12/v1253	SES206	-0.233017	-52.0251	-51.792
spk_ver/v12/v1254	SES206	-0.145569	-52.1756	-52.03
spk_ver/v12/v1255	SES125	0.654758	-51.3994	-52.0542
spk_ver/v12/v1256	SES206	-10.4918	-63.3735	-52.8817
spk_ver/v12/v1257	SES206	-6.02364	-57.706	-51.6823
spk_ver/v12/v1258	SES206	-1.67563	-54.0021	-52.3264
spk_ver/v12/v1259	SES206	-10.9624	-64.5362	-53.5738
spk_ver/v12/v1260	SES206	-14.1171	-68.1936	-54.0765
spk_ver/v12/v1261	SES206	-7.79415	-60.3236	-52.5295
spk_ver/v12/v1262	SES206	-9.93568	-63.082	-53.1463
spk_ver/v12/v1263	SES206	-5.9872	-58.0931	-52.1059
spk_ver/v12/v1264	SES149	0.942379	-51.7773	-52.7197
spk_ver/v12/v1265	SES206	-0.609501	-54.2414	-53.6319
spk_ver/v12/v1266	SES206	-12.2237	-65.7259	-53.5022
spk_ver/v12/v1267	SES206	0.0427017	-54.6485	-54.6912
spk_ver/v12/v1268	SES206	-5.03489	-58.2315	-53.1966
spk_ver/v12/v1269	SES206	-12.4784	-68.0737	-55.5954
spk_ver/v12/v1270	SES206	-16.5359	-71.9622	-55.4263
spk_ver/v12/v1271	SES226	-10.5644	-64.8899	-54.3255
spk_ver/v12/v1272	SES226	-0.444206	-51.4296	-50.9854
spk_ver/v12/v1273	SES226	-8.77076	-60.9154	-52.1447
spk_ver/v12/v1274	SES226	-7.8192	-61.0305	-53.2113
spk_ver/v12/v1275	SES226	-0.194622	-52.6918	-52.4972
spk_ver/v12/v1276	SES226	-7.08636	-60.1178	-53.0314
spk_ver/v12/v1277	SES226	-0.708694	-52.5015	-51.7928
spk_ver/v12/v1278	SES226	-0.238033	-52.7075	-52.4694
spk_ver/v12/v1279	SES226	-6.25196	-57.808	-51.556
spk_ver/v12/v1280	SES226	-1.59315	-53.2509	-51.6578
spk_ver/v12/v1281	SES226	-0.655659	-53.8369	-53.1813
spk_ver/v12/v1282	SES226	-1.38821	-54.4832	-53.0949
spk_ver/v12/v1283	SES143	-0.121956	-53.1475	-53.0256
spk_ver/v12/v1284	SES226	-3.37383	-55.1975	-51.8237
spk_ver/v12/v1285	SES226	-1.19019	-52.945	-51.7548
spk_ver/v12/v1286	SES226	-1.35081	-54.7303	-53.3794
spk_ver/v12/v1287	SES226	-2.03366	-54.4763	-52.4426
spk_ver/v12/v1288	SES226	-7.1482	-59.3496	-52.2014
spk_ver/v12/v1289	SES104	0.559685	-51.9482	-52.5079
spk_ver/v12/v1290	SES008	1.26282	-52.4306	-53.6934
spk_ver/v12/v1291	SES226	-0.780807	-52.6408	-51.86
spk_ver/v12/v1292	SES259	-2.60182	-55.4738	-52.872
spk_ver/v12/v1293	SES062	0.0142708	-51.9415	-51.9558
spk_ver/v12/v1294	SES099	0.0526199	-53.4894	-53.542
spk_ver/v12/v1295	SES158	-0.74387	-53.5549	-52.811
spk_ver/v12/v1296	SES259	-5.72068	-57.5025	-51.7818
spk_ver/v12/v1297	SES259	-2.05099	-54.3876	-52.3366
spk_ver/v12/v1298	SES259	-1.22519	-52.8784	-51.6532
spk_ver/v12/v1299	SES259	-5.3768	-58.2847	-52.9079
spk_ver/v13/v1300	SES120	-0.00975418	-53.4184	-53.4087
spk_ver/v13/v1301	SES259	-7.74418	-60.8767	-53.1325
spk_ver/v13/v1302	SES259	-7.70609	-61.0443	-53.3382
spk_ver/v13/v1303	SES129	0.681538	-52.2598	-52.9414
spk_ver/v13/v1304	SES259	-4.47039	-58.2325	-53.7621
spk_ver/v13/v1305	SES259	-4.09967	-58.5347	-54.435
spk_ver/v13/v1306	SES106	0.49572	-52.1302	-52.626
spk_ver/v13/v1307	SES259	-3.26845	-57.4277	-54.1592
spk_ver/v13/v1308	SES259	-1.05193	-53.3833	-52.3313
spk_ver/v13/v1309	SES259	-7.09142	-59.396	-52.3046
spk_ver/v13/v1310	SES259	-5.33064	-57.1789	-51.8483
spk_ver/v13/v1311	SES259	-6.61074	-58.8035	-52.1927
spk_ver/v13/v1312	SES259	-1.02923	-51.9297	-50.9005
spk_ver/v13/v1313	SES144	0.0264587	-52.7562	-52.7827
spk_ver/v13/v1314	SES259	-6.8227	-60.1109	-53.2882
spk_ver/v13/v1315	SES162	0.0776863	-52.5985	-52.6762
spk_ver/v13/v1316	SES206	-0.29895	-51.5369	-51.2379
spk_ver/v13/v1317	SES175	0.478466	-53.6348	-54.1133
spk_ver/v13/v1318	SES259	-8.14382	-62.0875	-53.9437
spk_ver/v13/v1319	SES259	-8.83144	-62.4326	-53.6011
spk_ver/v13/v1320	SES270	0.18034	-52.0361	-52.2164
spk_ver/v13/v1321	SES101	-0.967651	-53.0766	-52.1089
spk_ver/v13/v1322	SES177	0.09729	-52.3951	-52.4924
spk_ver/v13/v1323	SES127	0.00321198	-51.3153	-51.3185
spk_ver/v13/v1324	SES270	-8.28979	-61.6647	-53.3749
spk_ver/v13/v1325	SES062	-0.000873566	-51.9513	-51.9504
spk_ver/v13/v1326	SES270	0.245163	-52.4318	-52.6769
spk_ver/v13/v1327	SES120	-0.611298	-54.2507	-53.6394
spk_ver/v13/v1328	SES270	-1.38272	-55.1669	-53.7842
spk_ver/v13/v1329	SES270	-4.83758	-56.2018	-51.3642
spk_ver/v13/v1330	SES270	0.195885	-52.981	-53.1769
spk_ver/v13/v1331	SES270	-5.88953	-57.0515	-51.1619
spk_ver/v13/v1332	SES270	-0.43734	-51.6468	-51.2094
spk_ver/v13/v1333	SES270	-0.662708	-54.0993	-53.4366
spk_ver/v13/v1334	SES270	-1.48226	-53.4339	-51.9516
spk_ver/v13/v1335	SES270	0.284966	-51.7425	-52.0275
spk_ver/v13/v1336	SES270	-0.410866	-52.0989	-51.688
spk_ver/v13/v1337	SES016	0.269577	-52.4066	-52.6761
spk_ver/v13/v1338	SES270	-4.76664	-56.9753	-52.2087
spk_ver/v13/v1339	SES002	-0.0417252	-51.1415	-51.0998
spk_ver/v13/v1340	SES105	0.831776	-53.3809	-54.2126
spk_ver/v13/v1341	SES275	-2.29134	-56.8437	-54.5523
spk_ver/v13/v1342	SES187	-1.28354	-55.522	-54.2384
spk_ver/v13/v1343	SES275	-2.30844	-55.8059	-53.4975
spk_ver/v13/v1344	SES275	-2.61434	-56.0318	-53.4175
spk_ver/v13/v1345	SES275	-2.31836	-54.614	-52.2957
spk_ver/v13/v1346	SES275	-5.13161	-57.645	-52.5134
spk_ver/v13/v1347	SES275	-2.41853	-56.6546	-54.236
spk_ver/v13/v1348	SES180	-0.536503	-53.2564	-52.7199
spk_ver/v13/v1349	SES275	-2.01459	-57.4368	-55.4222
spk_ver/v13/v1350	SES275	-1.02688	-52.1497	-51.1228
spk_ver/v13/v1351	SES275	-3.53729	-60.5812	-57.0439
spk_ver/v13/v1352	SES275	-1.00478	-53.3887	-52.384
spk_ver/v13/v1353	SES275	-1.9419	-56.1619	-54.22
spk_ver/v13/v1354	SES189	0.489151	-54.7643	-55.2535
spk_ver/v13/v1355	SES068	-0.429924	-51.7597	-51.3298
spk_ver/v13/v1356	SES275	-3.16301	-56.8554	-53.6924
spk_ver/v13/v1357	SES048	-0.13456	-52.3379	-52.2033
spk_ver/v13/v1358	SES226	0.337154	-50.784	-51.1212
spk_ver/v13/v1359	SES016	-0.501419	-52.5575	-52.0561
spk_ver/v13/v1360	SES275	-1.92743	-55.8005	-53.8731
spk_ver/v13/v1361	SES068	0.681168	-51.0577	-51.7389
spk_ver/v13/v1362	SES275	-3.0556	-55.0644	-52.0088
spk_ver/v13/v1363	SES275	-2.60759	-55.464	-52.8564
spk_ver/v13/v1364	SES275	-2.80946	-58.0645	-55.255
spk_ver/v13/v1365	SES275	-2.09888	-54.2489	-52.15
spk_ver/v13/v1366	SES187	-0.558151	-53.006	-52.4478
spk_ver/v13/v1367	SES275	-4.08108	-57.3696	-53.2886
spk_ver/v13/v1368	SES125	0.685478	-51.2525	-51.938
spk_ver/v13/v1369	SES275	-1.19384	-54.8027	-53.6089
spk_ver/v13/v1370	SES292	-2.5115	-54.397	-51.8855
spk_ver/v13/v1371	SES292	-3.02459	-54.7328	-51.7082
spk_ver/v13/v1372	SES292	-2.7492	-56.0766	-53.3274
spk_ver/v13/v1373	SES292	-2.02057	-54.8017	-52.7811
spk_ver/v13/v1374	SES101	-0.0273361	-53.0463	-53.0189
spk_ver/v13/v1375	SES292	-3.51237	-57.5405	-54.0281
spk_ver/v13/v1376	SES292	-1.86352	-54.0255	-52.162
spk_ver/v13/v1377	SES292	-5.39971	-59.878	-54.4783
spk_ver/v13/v1378	SES292	-0.817135	-53.2991	-52.4819
spk_ver/v13/v1379	SES292	-1.58884	-54.4586	-52.8697
spk_ver/v13/v1380	SES292	-1.21485	-54.029	-52.8142
spk_ver/v13/v1381	SES292	-2.04059	-52.3813	-50.3407
spk_ver/v13/v1382	SES292	-2.99565	-57.4714	-54.4757
spk_ver/v13/v1383	SES292	-1.51029	-53.8645	-52.3542
spk_ver/v13/v1384	SES292	-2.66752	-55.6196	-52.9521
spk_ver/v13/v1385	SES292	-1.29026	-54.146	-52.8558
spk_ver/v13/v1386	SES292	-2.3887	-55.9788	-53.5901
spk_ver/v13/v1387	SES158	0.933506	-53.1553	-54.0888
spk_ver/v13/v1388	SES292	-0.482925	-52.0196	-51.5367
spk_ver/v13/v1389	SES292	-1.1838	-52.1088	-50.925
spk_ver/v13/v1390	SES292	-2.76466	-54.1739	-51.4093
spk_ver/v13/v1391	SES292	-2.48191	-55.1179	-52.636
spk_ver/v13/v1392	SES292	-1.58643	-55.7207	-54.1343
spk_ver/v13/v1393	SES292	-2.40042	-54.1418	-51.7414
spk_ver/v13/v1394	SES292	-5.08127	-58.2182	-53.1369
spk_ver/v13/v1395	SES292	-2.61695	-54.1623	-51.5454
spk_ver/v13/v1396	SES117	-0.356758	-54.494	-54.1372
spk_ver/v13/v1397	SES292	-1.9449	-53.591	-51.6461
spk_ver/v13/v1398	SES292	-2.38467	-56.2657	-53.881
spk_ver/v13/v1399	SES292	-0.189842	-52.3548	-52.1649
