BLOCK00/SES002/SA002S12	SES002	-5.41381	-13.7068	-8.29295
BLOCK00/SES002/SA002S13	SES002	-4.78542	-13.7786	-8.99318
BLOCK00/SES002/SA002S23	SES002	-3.96009	-12.4063	-8.44618
BLOCK00/SES002/SA002S26	SES002	-5.50856	-14.8238	-9.31522
BLOCK00/SES002/SA002S28	SES002	-4.02399	-12.4524	-8.4284
BLOCK00/SES007/SA007S14	SES007	-6.40933	-13.5538	-7.1445
BLOCK00/SES007/SA007S15	SES007	-5.8492	-13.5855	-7.73634
BLOCK00/SES007/SA007S24	SES007	-5.73224	-13.0978	-7.36561
BLOCK00/SES007/SA007S27	SES007	-6.35286	-14.8041	-8.45128
BLOCK00/SES007/SA007S29	SES007	-5.21118	-12.5001	-7.28888
BLOCK00/SES008/SA008S11	SES008	-2.17072	-9.99971	-7.82899
BLOCK00/SES008/SA008S12	SES008	-3.07275	-10.6839	-7.61112
BLOCK00/SES008/SA008S19	SES008	-2.51077	-10.5722	-8.06146
BLOCK00/SES008/SA008S22	SES008	-2.69775	-10.9178	-8.22
BLOCK00/SES008/SA008S29	SES008	-3.0451	-10.8188	-7.77371
BLOCK01/SES014/SA014S10	SES014	-5.47428	-13.5917	-8.11741
BLOCK01/SES014/SA014S12	SES014	-4.18493	-12.1983	-8.01333
BLOCK01/SES014/SA014S24	SES014	-4.2352	-12.7005	-8.46528
BLOCK01/SES014/SA014S26	SES014	-5.48571	-13.2466	-7.7609
BLOCK01/SES014/SA014S28	SES014	-4.38189	-12.0069	-7.62504
BLOCK01/SES016/SA016S12	SES016	-3.41069	-13.4241	-10.0134
BLOCK01/SES016/SA016S13	SES016	-5.17308	-13.0607	-7.88766
BLOCK01/SES016/SA016S22	SES016	-4.4063	-12.4019	-7.99562
BLOCK01/SES016/SA016S25	SES016	-6.43763	-13.0748	-6.63715
BLOCK01/SES016/SA016S27	SES016	-6.47859	-14.2834	-7.80485
BLOCK01/SES019/SA019S13	SES019	-3.47396	-12.9591	-9.48517
BLOCK01/SES019/SA019S14	SES019	-3.84015	-13.0535	-9.21331
BLOCK01/SES019/SA019S22	SES019	-3.63118	-12.5515	-8.92034
BLOCK01/SES019/SA019S25	SES019	-4.37748	-13.4935	-9.11606
BLOCK01/SES019/SA019S29	SES019	-2.70461	-13.2379	-10.5333
BLOCK02/SES029/SA029S11	SES029	-4.81245	-11.7042	-6.8917
BLOCK02/SES029/SA029S12	SES029	-5.04658	-12.1239	-7.07731
BLOCK02/SES029/SA029S20	SES029	-5.36685	-12.2253	-6.85844
BLOCK02/SES029/SA029S25	SES029	-5.25173	-12.9881	-7.73636
BLOCK02/SES029/SA029S28	SES029	-6.85177	-14.1548	-7.30307
BLOCK04/SES042/SA042S12	SES042	-5.68153	-13.5435	-7.86198
BLOCK04/SES042/SA042S15	SES042	-5.7879	-13.2305	-7.44263
BLOCK04/SES042/SA042S22	SES042	-4.75677	-14.051	-9.29424
BLOCK04/SES042/SA042S25	SES042	-4.73713	-13.9693	-9.23215
BLOCK04/SES042/SA042S27	SES042	-4.5311	-13.5036	-8.97251
BLOCK04/SES048/SA048S11	SES048	-5.53344	-12.4157	-6.8823
BLOCK04/SES048/SA048S12	SES048	-5.26036	-13.3571	-8.09678
BLOCK04/SES048/SA048S20	SES048	-6.96592	-13.7457	-6.77975
BLOCK04/SES048/SA048S23	SES048	-4.36507	-12.0915	-7.72644
BLOCK04/SES048/SA048S27	SES048	-5.43184	-13.2134	-7.78157
BLOCK06/SES060/SA060S11	SES060	-4.76729	-12.7658	-7.99847
BLOCK06/SES060/SA060S12	SES060	-4.54856	-13.3419	-8.79335
BLOCK06/SES060/SA060S22	SES060	-4.87892	-13.455	-8.57612
BLOCK06/SES060/SA060S24	SES060	-5.76183	-12.7166	-6.95476
BLOCK06/SES060/SA060S28	SES060	-5.58723	-12.1852	-6.598
BLOCK06/SES062/SA062S10	SES062	-4.83473	-12.1169	-7.28221
BLOCK06/SES062/SA062S11	SES062	-3.74374	-12.2949	-8.55112
BLOCK06/SES062/SA062S21	SES062	-5.70762	-11.9573	-6.24963
BLOCK06/SES062/SA062S26	SES062	-4.61501	-12.3784	-7.76337
BLOCK06/SES062/SA062S29	SES062	-5.59592	-12.7432	-7.14725
BLOCK06/SES068/SA068S14	SES068	-4.87429	-12.6878	-7.81353
BLOCK06/SES068/SA068S15	SES068	-4.95336	-12.915	-7.96166
BLOCK06/SES068/SA068S23	SES068	-4.84146	-12.731	-7.88951
BLOCK06/SES068/SA068S27	SES068	-4.89161	-12.654	-7.76241
BLOCK06/SES068/SA068S29	SES068	-5.37152	-13.2852	-7.91369
BLOCK08/SES082/SA082S12	SES082	-4.40899	-12.8551	-8.44615
BLOCK08/SES082/SA082S14	SES082	-3.953	-12.2201	-8.26708
BLOCK08/SES082/SA082S21	SES082	-4.10559	-11.8788	-7.77326
BLOCK08/SES082/SA082S24	SES082	-4.20437	-12.376	-8.17162
BLOCK08/SES082/SA082S28	SES082	-4.32545	-12.49	-8.16454
BLOCK08/SES083/SA083S14	SES083	-5.46325	-12.7567	-7.29349
BLOCK08/SES083/SA083S15	SES083	-4.92899	-12.4581	-7.52916
BLOCK08/SES083/SA083S24	SES083	-5.1346	-12.7727	-7.63814
BLOCK08/SES083/SA083S26	SES083	-4.7342	-13.3458	-8.61157
BLOCK08/SES083/SA083S29	SES083	-5.0314	-12.9668	-7.93542
BLOCK08/SES085/SA085S10	SES085	-4.47357	-11.6961	-7.22253
BLOCK08/SES085/SA085S13	SES085	-3.80261	-12.025	-8.22243
BLOCK08/SES085/SA085S22	SES085	-4.55506	-12.2383	-7.68321
BLOCK08/SES085/SA085S26	SES085	-5.63732	-13.5672	-7.92984
BLOCK08/SES085/SA085S28	SES085	-4.5469	-12.2956	-7.7487
BLOCK08/SES087/SA087S15	SES087	-3.37773	-12.0348	-8.6571
BLOCK08/SES087/SA087S16	SES087	-2.92327	-11.7868	-8.86351
BLOCK08/SES087/SA087S24	SES087	-4.03555	-12.6571	-8.62157
BLOCK08/SES087/SA087S26	SES087	-4.0776	-11.6808	-7.60318
BLOCK08/SES087/SA087S29	SES087	-4.23569	-11.9996	-7.76391
BLOCK09/SES099/SA099S15	SES099	-5.44859	-13.9922	-8.54365
BLOCK09/SES099/SA099S16	SES099	-4.09486	-12.2059	-8.11106
BLOCK09/SES099/SA099S24	SES099	-4.45177	-12.7756	-8.3238
BLOCK09/SES099/SA099S26	SES099	-5.51649	-13.5606	-8.04413
BLOCK09/SES099/SA099S29	SES099	-4.33229	-12.8602	-8.52794
BLOCK10/SES101/SA101S11	SES101	-5.41846	-12.3061	-6.88765
BLOCK10/SES101/SA101S13	SES101	-6.00721	-12.2569	-6.24973
BLOCK10/SES101/SA101S22	SES101	-3.91838	-12.2264	-8.30805
BLOCK10/SES101/SA101S24	SES101	-4.17596	-11.6361	-7.46019
BLOCK10/SES101/SA101S28	SES101	-4.16174	-11.9359	-7.77414
BLOCK10/SES104/SA104S11	SES104	-5.05728	-12.5399	-7.48261
BLOCK10/SES104/SA104S12	SES104	-3.86058	-12.0063	-8.14571
BLOCK10/SES104/SA104S21	SES104	-4.71849	-13.0609	-8.34239
BLOCK10/SES104/SA104S24	SES104	-5.03165	-13.3207	-8.289
BLOCK10/SES104/SA104S28	SES104	-4.349	-12.4893	-8.14034
BLOCK10/SES105/SA105S12	SES105	-3.57836	-12.1955	-8.61713
BLOCK10/SES105/SA105S13	SES105	-5.47491	-13.0738	-7.59886
BLOCK10/SES105/SA105S22	SES105	-4.32904	-13.0932	-8.76415
BLOCK10/SES105/SA105S26	SES105	-4.46552	-13.1555	-8.68998
BLOCK10/SES105/SA105S29	SES105	-5.17023	-12.5886	-7.41834
BLOCK10/SES106/SA106S09	SES106	-4.93506	-13.353	-8.41796
BLOCK10/SES106/SA106S11	SES106	-5.14731	-12.7559	-7.60864
BLOCK10/SES106/SA106S22	SES106	-4.59682	-13.4502	-8.85335
BLOCK10/SES106/SA106S27	SES106	-4.93866	-12.4631	-7.52448
BLOCK10/SES106/SA106S29	SES106	-5.42729	-12.555	-7.12767
BLOCK11/SES117/SA117S12	SES117	-5.01897	-13.4317	-8.41276
BLOCK11/SES117/SA117S13	SES117	-4.7433	-13.0717	-8.32838
BLOCK11/SES117/SA117S23	SES117	-3.91002	-13.399	-9.48902
BLOCK11/SES117/SA117S25	SES117	-4.78529	-13.4818	-8.69648
BLOCK11/SES117/SA117S28	SES117	-5.37598	-13.9342	-8.55819
BLOCK12/SES120/SA120S08	SES120	-5.32119	-13.6596	-8.33836
BLOCK12/SES120/SA120S11	SES120	-5.79846	-16.2516	-10.4531
BLOCK12/SES120/SA120S22	SES120	-6.37441	-13.6625	-7.2881
BLOCK12/SES120/SA120S24	SES120	-5.57627	-14.0477	-8.47144
BLOCK12/SES120/SA120S28	SES120	-5.49571	-13.9503	-8.45458
BLOCK12/SES125/SA125S13	SES125	-4.88378	-13.012	-8.12819
BLOCK12/SES125/SA125S14	SES125	-4.5232	-12.9138	-8.39057
BLOCK12/SES125/SA125S25	SES125	-3.83706	-12.6206	-8.7835
BLOCK12/SES125/SA125S27	SES125	-4.30164	-12.1811	-7.87948
BLOCK12/SES125/SA125S29	SES125	-4.51786	-12.2788	-7.76094
BLOCK12/SES127/SA127S11	SES127	-3.59389	-11.6441	-8.05019
BLOCK12/SES127/SA127S12	SES127	-4.56922	-11.1862	-6.61696
BLOCK12/SES127/SA127S23	SES127	-3.98234	-11.0262	-7.04385
BLOCK12/SES127/SA127S25	SES127	-4.87435	-11.901	-7.02663
BLOCK12/SES127/SA127S27	SES127	-2.72485	-10.3519	-7.62708
BLOCK12/SES129/SA129S11	SES129	-3.23035	-10.2767	-7.04632
BLOCK12/SES129/SA129S12	SES129	-3.83773	-10.7051	-6.86742
BLOCK12/SES129/SA129S22	SES129	-3.49797	-11.2131	-7.71509
BLOCK12/SES129/SA129S27	SES129	-2.64494	-10.6028	-7.95786
BLOCK12/SES129/SA129S29	SES129	-5.26429	-13.7913	-8.52702
BLOCK14/SES142/SA142S11	SES142	-5.14493	-12.7326	-7.58771
BLOCK14/SES142/SA142S12	SES142	-4.89558	-12.8139	-7.91829
BLOCK14/SES142/SA142S24	SES142	-5.45685	-12.9886	-7.53171
BLOCK14/SES142/SA142S27	SES142	-5.77998	-13.2814	-7.50142
BLOCK14/SES142/SA142S29	SES142	-5.10499	-12.6299	-7.52494
BLOCK14/SES143/SA143S12	SES143	-4.16891	-12.1008	-7.93193
BLOCK14/SES143/SA143S13	SES143	-3.66115	-11.8097	-8.14852
BLOCK14/SES143/SA143S23	SES143	-3.7624	-11.4267	-7.66429
BLOCK14/SES143/SA143S25	SES143	-4.51372	-12.9737	-8.45999
BLOCK14/SES143/SA143S28	SES143	-5.02115	-13.0977	-8.07654
BLOCK14/SES144/SA144S09	SES144	-3.69987	-11.6544	-7.95453
BLOCK14/SES144/SA144S11	SES144	-4.86994	-12.3107	-7.4408
BLOCK14/SES144/SA144S21	SES144	-5.08883	-12.9664	-7.87756
BLOCK14/SES144/SA144S25	SES144	-3.50547	-11.7813	-8.27588
BLOCK14/SES144/SA144S29	SES144	-5.73471	-13.7618	-8.02713
BLOCK14/SES146/SA146S14	SES146	-5.47777	-13.7902	-8.31246
BLOCK14/SES146/SA146S15	SES146	-6.55026	-14.5875	-8.0372
BLOCK14/SES146/SA146S24	SES146	-6.14025	-14.1381	-7.99783
BLOCK14/SES146/SA146S26	SES146	-5.80411	-13.8933	-8.08917
BLOCK14/SES146/SA146S29	SES146	-5.23224	-13.7384	-8.5062
BLOCK14/SES147/SA147S11	SES147	-5.45837	-13.3217	-7.86334
BLOCK14/SES147/SA147S13	SES147	-4.53324	-11.7951	-7.26185
BLOCK14/SES147/SA147S23	SES147	-3.72742	-11.5747	-7.84728
BLOCK14/SES147/SA147S26	SES147	-3.51897	-11.6152	-8.09625
BLOCK14/SES147/SA147S28	SES147	-4.46868	-12.1864	-7.71768
BLOCK14/SES148/SA148S10	SES148	-4.34227	-11.3728	-7.03053
BLOCK14/SES148/SA148S12	SES148	-3.48015	-11.433	-7.95284
BLOCK14/SES148/SA148S22	SES148	-3.73922	-11.1975	-7.45827
BLOCK14/SES148/SA148S26	SES148	-4.22234	-10.8056	-6.58327
BLOCK14/SES148/SA148S29	SES148	-4.71738	-12.2605	-7.54308
BLOCK14/SES149/SA149S13	SES149	-6.84558	-13.9586	-7.11298
BLOCK14/SES149/SA149S14	SES149	-6.20285	-13.0498	-6.84691
BLOCK14/SES149/SA149S24	SES149	-5.01795	-12.6598	-7.64187
BLOCK14/SES149/SA149S26	SES149	-6.13585	-13.158	-7.02214
BLOCK14/SES149/SA149S28	SES149	-4.89841	-11.6909	-6.79247
BLOCK15/SES158/SA158S13	SES158	-6.42813	-14.1659	-7.73777
BLOCK15/SES158/SA158S14	SES158	-5.68509	-14.4965	-8.81138
BLOCK15/SES158/SA158S23	SES158	-6.76871	-13.6639	-6.89518
BLOCK15/SES158/SA158S26	SES158	-5.18266	-13.7656	-8.58298
BLOCK15/SES158/SA158S28	SES158	-5.29623	-13.5295	-8.2333
BLOCK16/SES162/SA162S10	SES162	-4.15145	-12.9565	-8.80503
BLOCK16/SES162/SA162S11	SES162	-5.16129	-12.2669	-7.10559
BLOCK16/SES162/SA162S21	SES162	-4.36408	-12.1374	-7.77336
BLOCK16/SES162/SA162S24	SES162	-4.23149	-11.9311	-7.69961
BLOCK16/SES162/SA162S27	SES162	-3.67024	-12.7966	-9.12633
BLOCK16/SES167/SA167S14	SES167	-3.83845	-11.3255	-7.48706
BLOCK16/SES167/SA167S15	SES167	-2.80651	-10.5235	-7.71698
BLOCK16/SES167/SA167S21	SES167	-3.81195	-11.1823	-7.37039
BLOCK16/SES167/SA167S25	SES167	-2.40291	-10.5041	-8.10122
BLOCK16/SES167/SA167S29	SES167	-3.39014	-10.8713	-7.48117
BLOCK17/SES172/SA172S12	SES172	-3.16385	-12.0461	-8.88226
BLOCK17/SES172/SA172S13	SES172	-3.96603	-12.7579	-8.79186
BLOCK17/SES172/SA172S23	SES172	-3.35391	-11.1526	-7.79869
BLOCK17/SES172/SA172S27	SES172	-3.44462	-12.5123	-9.06766
BLOCK17/SES172/SA172S29	SES172	-2.79852	-11.1098	-8.31128
BLOCK17/SES175/SA175S11	SES175	-5.54037	-13.4304	-7.89001
BLOCK17/SES175/SA175S13	SES175	-6.57897	-12.5371	-5.95814
BLOCK17/SES175/SA175S23	SES175	-4.48954	-11.5496	-7.06006
BLOCK17/SES175/SA175S25	SES175	-5.41056	-13.6366	-8.22601
BLOCK17/SES175/SA175S28	SES175	-5.31298	-12.4196	-7.10664
BLOCK17/SES177/SA177S15	SES177	-5.04564	-13.6201	-8.57449
BLOCK17/SES177/SA177S17	SES177	-5.08078	-13.3191	-8.23837
BLOCK17/SES177/SA177S23	SES177	-4.35144	-12.7237	-8.37229
BLOCK17/SES177/SA177S26	SES177	-6.58029	-13.0057	-6.42542
BLOCK17/SES177/SA177S28	SES177	-4.5893	-13.0981	-8.50877
BLOCK18/SES180/SA180S13	SES180	-5.55517	-13.9624	-8.4072
BLOCK18/SES180/SA180S15	SES180	-4.43922	-11.9821	-7.54288
BLOCK18/SES180/SA180S24	SES180	-4.79065	-11.6573	-6.86667
BLOCK18/SES180/SA180S26	SES180	-6.1174	-13.1419	-7.02446
BLOCK18/SES180/SA180S29	SES180	-5.50617	-13.4996	-7.99348
BLOCK18/SES183/SA183S13	SES183	-3.45187	-11.5155	-8.06363
BLOCK18/SES183/SA183S14	SES183	-5.36952	-12.8548	-7.48527
BLOCK18/SES183/SA183S24	SES183	-3.7477	-12.5813	-8.8336
BLOCK18/SES183/SA183S27	SES183	-2.85911	-11.9739	-9.11478
BLOCK18/SES183/SA183S29	SES183	-3.49563	-11.688	-8.19238
BLOCK18/SES187/SA187S13	SES187	-5.22364	-14.0366	-8.81298
BLOCK18/SES187/SA187S14	SES187	-5.87255	-14.4131	-8.5405
BLOCK18/SES187/SA187S24	SES187	-3.65462	-12.6475	-8.99286
BLOCK18/SES187/SA187S27	SES187	-3.92306	-12.6862	-8.76312
BLOCK18/SES187/SA187S29	SES187	-7.00269	-16.063	-9.06032
BLOCK18/SES189/SA189S10	SES189	-4.21458	-13.2782	-9.06365
BLOCK18/SES189/SA189S13	SES189	-4.99748	-14.6353	-9.63778
BLOCK18/SES189/SA189S24	SES189	-5.61887	-13.2426	-7.62371
BLOCK18/SES189/SA189S26	SES189	-6.10506	-14.1616	-8.05652
BLOCK18/SES189/SA189S29	SES189	-5.98653	-13.989	-8.00248
BLOCK20/SES202/SA202S12	SES202	-4.58784	-12.537	-7.94919
BLOCK20/SES202/SA202S14	SES202	-5.45897	-13.4546	-7.9956
BLOCK20/SES202/SA202S24	SES202	-4.46982	-12.8808	-8.41095
BLOCK20/SES202/SA202S27	SES202	-4.59987	-12.2085	-7.60867
BLOCK20/SES202/SA202S29	SES202	-5.04868	-12.775	-7.72635
BLOCK20/SES206/SA206S15	SES206	-5.90866	-12.7609	-6.85225
BLOCK20/SES206/SA206S17	SES206	-6.39339	-14.5612	-8.16784
BLOCK20/SES206/SA206S24	SES206	-5.86765	-13.0535	-7.18583
BLOCK20/SES206/SA206S27	SES206	-5.49478	-14.1628	-8.66798
BLOCK20/SES206/SA206S29	SES206	-7.53075	-14.9257	-7.39494
BLOCK22/SES226/SA226S12	SES226	-4.09344	-12.5062	-8.41279
BLOCK22/SES226/SA226S13	SES226	-5.35108	-14.0546	-8.70352
BLOCK22/SES226/SA226S20	SES226	-5.99022	-14.0503	-8.06006
BLOCK22/SES226/SA226S23	SES226	-5.23572	-12.9098	-7.67407
BLOCK22/SES226/SA226S28	SES226	-4.90702	-12.7327	-7.82569
BLOCK25/SES259/SA259S13	SES259	-6.06631	-14.3747	-8.30842
BLOCK25/SES259/SA259S14	SES259	-5.82066	-13.5374	-7.71673
BLOCK25/SES259/SA259S22	SES259	-4.89221	-12.6572	-7.76499
BLOCK25/SES259/SA259S24	SES259	-5.43317	-13.4039	-7.97072
BLOCK25/SES259/SA259S28	SES259	-4.53631	-12.4556	-7.91926
BLOCK27/SES270/SA270S14	SES270	-2.90735	-11.891	-8.9837
BLOCK27/SES270/SA270S16	SES270	-3.25435	-10.7483	-7.49399
BLOCK27/SES270/SA270S22	SES270	-3.01451	-11.359	-8.34445
BLOCK27/SES270/SA270S26	SES270	-2.62838	-10.9548	-8.32642
BLOCK27/SES270/SA270S28	SES270	-2.58005	-10.7608	-8.18074
BLOCK27/SES275/SA275S17	SES275	-4.97711	-12.483	-7.50593
BLOCK27/SES275/SA275S18	SES275	-5.13411	-12.7351	-7.60098
BLOCK27/SES275/SA275S24	SES275	-4.15819	-12.3522	-8.19406
BLOCK27/SES275/SA275S26	SES275	-4.00981	-11.8736	-7.86378
BLOCK27/SES275/SA275S28	SES275	-4.93134	-12.7212	-7.78982
BLOCK29/SES292/SA292S10	SES292	-5.75369	-12.6254	-6.87167
BLOCK29/SES292/SA292S12	SES292	-4.70789	-13.4035	-8.6956
BLOCK29/SES292/SA292S22	SES292	-5.14899	-12.9909	-7.8419
BLOCK29/SES292/SA292S24	SES292	-5.26434	-12.8155	-7.5512
BLOCK29/SES292/SA292S27	SES292	-5.50781	-12.9162	-7.4084
BLOCK00/SES001/SA001S14	SES062	-4.70138	-13.035	-8.33362
BLOCK00/SES001/SA001S14	SES082	-4.24664	-12.5803	-8.33362
BLOCK00/SES001/SA001S14	SES106	-4.29538	-12.629	-8.33362
BLOCK00/SES001/SA001S14	SES206	-4.41917	-12.7528	-8.33362
BLOCK00/SES001/SA001S15	SES062	-3.7395	-11.3852	-7.64571
BLOCK00/SES001/SA001S15	SES104	-3.87625	-11.522	-7.64571
BLOCK00/SES001/SA001S15	SES106	-3.59153	-11.2372	-7.64571
BLOCK00/SES001/SA001S15	SES206	-4.21152	-11.8572	-7.64571
BLOCK00/SES001/SA001S24	SES062	-3.18875	-11.2356	-8.04683
BLOCK00/SES001/SA001S24	SES082	-3.20745	-11.2543	-8.04683
BLOCK00/SES001/SA001S24	SES087	-3.69964	-11.7465	-8.04683
BLOCK00/SES001/SA001S24	SES206	-3.49827	-11.5451	-8.04683
BLOCK00/SES001/SA001S27	SES062	-5.49014	-11.6625	-6.1724
BLOCK00/SES001/SA001S27	SES082	-5.28536	-11.4578	-6.1724
BLOCK00/SES001/SA001S27	SES087	-5.04358	-11.216	-6.1724
BLOCK00/SES001/SA001S27	SES206	-5.89908	-12.0715	-6.1724
BLOCK00/SES001/SA001S29	SES062	-4.32457	-12.2334	-7.90879
BLOCK00/SES001/SA001S29	SES082	-4.09232	-12.0011	-7.90879
BLOCK00/SES001/SA001S29	SES158	-4.51197	-12.4208	-7.90879
BLOCK00/SES001/SA001S29	SES206	-4.44077	-12.3496	-7.90879
BLOCK00/SES003/SA003S11	SES002	-3.60458	-11.8579	-8.25333
BLOCK00/SES003/SA003S11	SES019	-4.24441	-12.4977	-8.25333
BLOCK00/SES003/SA003S11	SES082	-3.52913	-11.7825	-8.25333
BLOCK00/SES003/SA003S11	SES125	-3.59291	-11.8462	-8.25333
BLOCK00/SES003/SA003S15	SES016	-5.77323	-12.9837	-7.21049
BLOCK00/SES003/SA003S15	SES019	-6.2391	-13.4496	-7.21049
BLOCK00/SES003/SA003S15	SES062	-5.00977	-12.2203	-7.21049
BLOCK00/SES003/SA003S15	SES206	-5.50054	-12.711	-7.21049
BLOCK00/SES003/SA003S22	SES002	-3.76666	-11.6181	-7.85142
BLOCK00/SES003/SA003S22	SES062	-3.4484	-11.2998	-7.85142
BLOCK00/SES003/SA003S22	SES082	-3.683	-11.5344	-7.85142
BLOCK00/SES003/SA003S22	SES087	-3.72193	-11.5734	-7.85142
BLOCK00/SES003/SA003S25	SES062	-3.1578	-12.0374	-8.87964
BLOCK00/SES003/SA003S25	SES082	-3.88533	-12.765	-8.87964
BLOCK00/SES003/SA003S25	SES087	-3.65889	-12.5385	-8.87964
BLOCK00/SES003/SA003S25	SES206	-4.84126	-13.7209	-8.87964
BLOCK00/SES003/SA003S29	SES002	-3.71264	-12.0655	-8.3529
BLOCK00/SES003/SA003S29	SES062	-3.38125	-11.7342	-8.3529
BLOCK00/SES003/SA003S29	SES082	-3.49651	-11.8494	-8.3529
BLOCK00/SES003/SA003S29	SES087	-3.44102	-11.7939	-8.3529
BLOCK00/SES004/SA004S12	SES083	-4.5266	-11.6447	-7.11806
BLOCK00/SES004/SA004S12	SES148	-4.40454	-11.5226	-7.11806
BLOCK00/SES004/SA004S12	SES172	-4.34561	-11.4637	-7.11806
BLOCK00/SES004/SA004S12	SES292	-4.66095	-11.779	-7.11806
BLOCK00/SES004/SA004S17	SES083	-4.81615	-12.2407	-7.42457
BLOCK00/SES004/SA004S17	SES162	-4.89832	-12.3229	-7.42457
BLOCK00/SES004/SA004S17	SES172	-4.71385	-12.1384	-7.42457
BLOCK00/SES004/SA004S17	SES292	-4.92937	-12.3539	-7.42457
BLOCK00/SES004/SA004S24	SES083	-5.0001	-12.156	-7.15592
BLOCK00/SES004/SA004S24	SES148	-5.69507	-12.851	-7.15592
BLOCK00/SES004/SA004S24	SES172	-4.96835	-12.1243	-7.15592
BLOCK00/SES004/SA004S24	SES292	-5.14082	-12.2967	-7.15592
BLOCK00/SES004/SA004S26	SES083	-4.11873	-11.9161	-7.79733
BLOCK00/SES004/SA004S26	SES127	-3.76983	-11.5672	-7.79733
BLOCK00/SES004/SA004S26	SES148	-4.98022	-12.7776	-7.79733
BLOCK00/SES004/SA004S26	SES292	-4.56501	-12.3623	-7.79733
BLOCK00/SES004/SA004S28	SES083	-4.79772	-12.0138	-7.21605
BLOCK00/SES004/SA004S28	SES127	-3.89382	-11.1099	-7.21605
BLOCK00/SES004/SA004S28	SES187	-4.48679	-11.7028	-7.21605
BLOCK00/SES004/SA004S28	SES292	-4.66006	-11.8761	-7.21605
BLOCK00/SES006/SA006S10	SES014	-3.2958	-12.617	-9.32123
BLOCK00/SES006/SA006S10	SES158	-3.29239	-12.6136	-9.32123
BLOCK00/SES006/SA006S10	SES226	-3.1829	-12.5041	-9.32123
BLOCK00/SES006/SA006S10	SES270	-3.02812	-12.3493	-9.32123
BLOCK00/SES006/SA006S11	SES158	-3.79647	-12.7025	-8.90601
BLOCK00/SES006/SA006S11	SES226	-3.39157	-12.2976	-8.90601
BLOCK00/SES006/SA006S11	SES270	-3.16618	-12.0722	-8.90601
BLOCK00/SES006/SA006S11	SES275	-3.74919	-12.6552	-8.90601
BLOCK00/SES006/SA006S23	SES062	-5.51954	-14.5136	-8.99406
BLOCK00/SES006/SA006S23	SES105	-5.73105	-14.7251	-8.99406
BLOCK00/SES006/SA006S23	SES158	-4.95308	-13.9471	-8.99406
BLOCK00/SES006/SA006S23	SES275	-5.30949	-14.3035	-8.99406
BLOCK00/SES006/SA006S26	SES104	-3.60489	-12.659	-9.05408
BLOCK00/SES006/SA006S26	SES158	-3.6388	-12.6929	-9.05408
BLOCK00/SES006/SA006S26	SES270	-3.44449	-12.4986	-9.05408
BLOCK00/SES006/SA006S26	SES275	-3.72684	-12.7809	-9.05408
BLOCK00/SES006/SA006S28	SES007	-3.89779	-13.4295	-9.53173
BLOCK00/SES006/SA006S28	SES105	-3.61114	-13.1429	-9.53173
BLOCK00/SES006/SA006S28	SES158	-3.52416	-13.0559	-9.53173
BLOCK00/SES006/SA006S28	SES275	-3.58415	-13.1159	-9.53173
BLOCK00/SES009/SA009S12	SES083	-6.61322	-14.4375	-7.8243
BLOCK00/SES009/SA009S12	SES148	-8.90076	-16.7251	-7.8243
BLOCK00/SES009/SA009S12	SES177	-6.05369	-13.878	-7.8243
BLOCK00/SES009/SA009S12	SES292	-6.59078	-14.4151	-7.8243
BLOCK00/SES009/SA009S15	SES007	-5.70686	-13.0145	-7.3076
BLOCK00/SES009/SA009S15	SES099	-7.04858	-14.3562	-7.3076
BLOCK00/SES009/SA009S15	SES148	-8.28164	-15.5892	-7.3076
BLOCK00/SES009/SA009S15	SES172	-6.28427	-13.5919	-7.3076
BLOCK00/SES009/SA009S24	SES146	-5.323	-13.2775	-7.95449
BLOCK00/SES009/SA009S24	SES148	-7.63733	-15.5918	-7.95449
BLOCK00/SES009/SA009S24	SES177	-5.4132	-13.3677	-7.95449
BLOCK00/SES009/SA009S24	SES292	-5.81985	-13.7743	-7.95449
BLOCK00/SES009/SA009S26	SES083	-5.50731	-13.219	-7.71173
BLOCK00/SES009/SA009S26	SES101	-5.71868	-13.4304	-7.71173
BLOCK00/SES009/SA009S26	SES120	-5.54008	-13.2518	-7.71173
BLOCK00/SES009/SA009S26	SES177	-5.33156	-13.0433	-7.71173
BLOCK00/SES009/SA009S29	SES083	-5.32876	-13.1626	-7.83383
BLOCK00/SES009/SA009S29	SES101	-5.47175	-13.3056	-7.83383
BLOCK00/SES009/SA009S29	SES177	-5.14145	-12.9753	-7.83383
BLOCK00/SES009/SA009S29	SES292	-5.28	-13.1138	-7.83383
BLOCK01/SES011/SA011S10	SES019	-7.97469	-17.0439	-9.06918
BLOCK01/SES011/SA011S10	SES042	-5.87111	-14.9403	-9.06918
BLOCK01/SES011/SA011S10	SES082	-8.12684	-17.196	-9.06918
BLOCK01/SES011/SA011S10	SES206	-6.88536	-15.9545	-9.06918
BLOCK01/SES011/SA011S11	SES019	-5.04156	-13.7167	-8.6751
BLOCK01/SES011/SA011S11	SES042	-4.16744	-12.8425	-8.6751
BLOCK01/SES011/SA011S11	SES082	-4.7776	-13.4527	-8.6751
BLOCK01/SES011/SA011S11	SES206	-4.60608	-13.2812	-8.6751
BLOCK01/SES011/SA011S22	SES019	-5.5045	-14.3147	-8.81017
BLOCK01/SES011/SA011S22	SES042	-4.80553	-13.6157	-8.81017
BLOCK01/SES011/SA011S22	SES082	-5.76117	-14.5713	-8.81017
BLOCK01/SES011/SA011S22	SES206	-5.37159	-14.1818	-8.81017
BLOCK01/SES011/SA011S24	SES019	-7.02771	-15.1357	-8.108
BLOCK01/SES011/SA011S24	SES042	-5.43157	-13.5396	-8.108
BLOCK01/SES011/SA011S24	SES104	-6.37117	-14.4792	-8.108
BLOCK01/SES011/SA011S24	SES206	-5.85107	-13.9591	-8.108
BLOCK01/SES011/SA011S27	SES082	-4.36503	-12.567	-8.20194
BLOCK01/SES011/SA011S27	SES087	-5.29274	-13.4947	-8.20194
BLOCK01/SES011/SA011S27	SES125	-4.35248	-12.5544	-8.20194
BLOCK01/SES011/SA011S27	SES206	-4.63242	-12.8344	-8.20194
BLOCK01/SES012/SA012S11	SES007	-6.13144	-13.1664	-7.03492
BLOCK01/SES012/SA012S11	SES082	-6.02117	-13.0561	-7.03492
BLOCK01/SES012/SA012S11	SES083	-6.44872	-13.4836	-7.03492
BLOCK01/SES012/SA012S11	SES206	-5.95626	-12.9912	-7.03492
BLOCK01/SES012/SA012S14	SES082	-6.6255	-14.7754	-8.14989
BLOCK01/SES012/SA012S14	SES087	-8.34483	-16.4947	-8.14989
BLOCK01/SES012/SA012S14	SES206	-6.1489	-14.2988	-8.14989
BLOCK01/SES012/SA012S14	SES292	-7.21335	-15.3632	-8.14989
BLOCK01/SES012/SA012S24	SES082	-4.66524	-13.5876	-8.92233
BLOCK01/SES012/SA012S24	SES087	-5.80356	-14.7259	-8.92233
BLOCK01/SES012/SA012S24	SES120	-4.8901	-13.8124	-8.92233
BLOCK01/SES012/SA012S24	SES206	-4.54066	-13.463	-8.92233
BLOCK01/SES012/SA012S26	SES019	-8.25548	-17.1494	-8.89391
BLOCK01/SES012/SA012S26	SES082	-7.10449	-15.9984	-8.89391
BLOCK01/SES012/SA012S26	SES206	-6.22976	-15.1237	-8.89391
BLOCK01/SES012/SA012S26	SES292	-7.69988	-16.5938	-8.89391
BLOCK01/SES012/SA012S29	SES062	-5.81462	-12.5616	-6.74694
BLOCK01/SES012/SA012S29	SES082	-5.52733	-12.2743	-6.74694
BLOCK01/SES012/SA012S29	SES083	-5.9483	-12.6952	-6.74694
BLOCK01/SES012/SA012S29	SES206	-5.63609	-12.383	-6.74694
BLOCK01/SES013/SA013S16	SES062	-6.21915	-15.2376	-9.01844
BLOCK01/SES013/SA013S16	SES106	-5.75413	-14.7726	-9.01844
BLOCK01/SES013/SA013S16	SES206	-6.17493	-15.1934	-9.01844
BLOCK01/SES013/SA013S16	SES226	-5.862	-14.8804	-9.01844
BLOCK01/SES013/SA013S17	SES062	-4.97736	-13.0767	-8.09933
BLOCK01/SES013/SA013S17	SES106	-4.67288	-12.7722	-8.09933
BLOCK01/SES013/SA013S17	SES206	-5.59745	-13.6968	-8.09933
BLOCK01/SES013/SA013S17	SES226	-4.70652	-12.8059	-8.09933
BLOCK01/SES013/SA013S23	SES104	-5.79116	-15.1621	-9.37098
BLOCK01/SES013/SA013S23	SES106	-5.55428	-14.9253	-9.37098
BLOCK01/SES013/SA013S23	SES206	-6.00925	-15.3802	-9.37098
BLOCK01/SES013/SA013S23	SES270	-7.02991	-16.4009	-9.37098
BLOCK01/SES013/SA013S25	SES042	-5.76959	-14.3293	-8.55969
BLOCK01/SES013/SA013S25	SES104	-4.16582	-12.7255	-8.55969
BLOCK01/SES013/SA013S25	SES106	-3.98065	-12.5403	-8.55969
BLOCK01/SES013/SA013S25	SES206	-5.0772	-13.6369	-8.55969
BLOCK01/SES013/SA013S29	SES062	-4.51925	-13.2464	-8.72716
BLOCK01/SES013/SA013S29	SES104	-4.411	-13.1382	-8.72716
BLOCK01/SES013/SA013S29	SES106	-3.97147	-12.6986	-8.72716
BLOCK01/SES013/SA013S29	SES206	-5.13798	-13.8651	-8.72716
BLOCK02/SES021/SA021S13	SES016	-5.5691	-13.531	-7.96195
BLOCK02/SES021/SA021S13	SES029	-5.855	-13.8169	-7.96195
BLOCK02/SES021/SA021S13	SES087	-7.84186	-15.8038	-7.96195
BLOCK02/SES021/SA021S13	SES206	-5.92294	-13.8849	-7.96195
BLOCK02/SES021/SA021S15	SES087	-6.88645	-14.576	-7.68954
BLOCK02/SES021/SA021S15	SES125	-5.52663	-13.2162	-7.68954
BLOCK02/SES021/SA021S15	SES206	-5.6596	-13.3491	-7.68954
BLOCK02/SES021/SA021S15	SES226	-5.95185	-13.6414	-7.68954
BLOCK02/SES021/SA021S23	SES062	-5.85433	-14.6907	-8.83636
BLOCK02/SES021/SA021S23	SES087	-5.91752	-14.7539	-8.83636
BLOCK02/SES021/SA021S23	SES206	-5.18553	-14.0219	-8.83636
BLOCK02/SES021/SA021S23	SES226	-5.48634	-14.3227	-8.83636
BLOCK02/SES021/SA021S27	SES002	-6.13212	-13.4334	-7.30132
BLOCK02/SES021/SA021S27	SES016	-7.25204	-14.5534	-7.30132
BLOCK02/SES021/SA021S27	SES019	-6.72155	-14.0229	-7.30132
BLOCK02/SES021/SA021S27	SES062	-6.1575	-13.4588	-7.30132
BLOCK02/SES021/SA021S29	SES087	-7.45228	-15.6545	-8.20221
BLOCK02/SES021/SA021S29	SES125	-6.43129	-14.6335	-8.20221
BLOCK02/SES021/SA021S29	SES206	-6.23141	-14.4336	-8.20221
BLOCK02/SES021/SA021S29	SES226	-6.90415	-15.1064	-8.20221
BLOCK04/SES043/SA043S09	SES083	-3.6993	-12.1721	-8.47282
BLOCK04/SES043/SA043S09	SES101	-3.8711	-12.3439	-8.47282
BLOCK04/SES043/SA043S09	SES144	-3.71474	-12.1876	-8.47282
BLOCK04/SES043/SA043S09	SES172	-3.89885	-12.3717	-8.47282
BLOCK04/SES043/SA043S11	SES083	-3.99612	-11.5144	-7.51832
BLOCK04/SES043/SA043S11	SES101	-3.88212	-11.4004	-7.51832
BLOCK04/SES043/SA043S11	SES144	-3.66889	-11.1872	-7.51832
BLOCK04/SES043/SA043S11	SES172	-4.03285	-11.5512	-7.51832
BLOCK04/SES043/SA043S23	SES083	-4.00187	-12.0603	-8.05844
BLOCK04/SES043/SA043S23	SES144	-3.74763	-11.8061	-8.05844
BLOCK04/SES043/SA043S23	SES177	-4.30262	-12.3611	-8.05844
BLOCK04/SES043/SA043S23	SES275	-3.97781	-12.0363	-8.05844
BLOCK04/SES043/SA043S26	SES083	-3.27534	-12.3477	-9.07241
BLOCK04/SES043/SA043S26	SES101	-3.42665	-12.4991	-9.07241
BLOCK04/SES043/SA043S26	SES144	-3.30945	-12.3819	-9.07241
BLOCK04/SES043/SA043S26	SES177	-3.53875	-12.6112	-9.07241
BLOCK04/SES043/SA043S28	SES016	-5.15416	-13.122	-7.96786
BLOCK04/SES043/SA043S28	SES083	-4.94675	-12.9146	-7.96786
BLOCK04/SES043/SA043S28	SES101	-5.18677	-13.1546	-7.96786
BLOCK04/SES043/SA043S28	SES144	-5.16619	-13.134	-7.96786
BLOCK04/SES044/SA044S10	SES127	-3.49348	-12.1731	-8.67961
BLOCK04/SES044/SA044S10	SES144	-3.04976	-11.7294	-8.67961
BLOCK04/SES044/SA044S10	SES147	-3.54474	-12.2244	-8.67961
BLOCK04/SES044/SA044S10	SES148	-3.22873	-11.9083	-8.67961
BLOCK04/SES044/SA044S11	SES101	-4.16745	-12.2108	-8.04333
BLOCK04/SES044/SA044S11	SES144	-4.18009	-12.2234	-8.04333
BLOCK04/SES044/SA044S11	SES147	-4.4524	-12.4957	-8.04333
BLOCK04/SES044/SA044S11	SES177	-4.62283	-12.6662	-8.04333
BLOCK04/SES044/SA044S24	SES007	-4.97308	-12.943	-7.96997
BLOCK04/SES044/SA044S24	SES101	-4.35433	-12.3243	-7.96997
BLOCK04/SES044/SA044S24	SES147	-4.58204	-12.552	-7.96997
BLOCK04/SES044/SA044S24	SES177	-4.68681	-12.6568	-7.96997
BLOCK04/SES044/SA044S26	SES007	-5.19782	-12.6517	-7.45389
BLOCK04/SES044/SA044S26	SES016	-5.08034	-12.5342	-7.45389
BLOCK04/SES044/SA044S26	SES101	-4.35219	-11.8061	-7.45389
BLOCK04/SES044/SA044S26	SES147	-4.44251	-11.8964	-7.45389
BLOCK04/SES044/SA044S29	SES007	-6.19389	-13.5803	-7.38644
BLOCK04/SES044/SA044S29	SES101	-5.74284	-13.1293	-7.38644
BLOCK04/SES044/SA044S29	SES147	-5.84299	-13.2294	-7.38644
BLOCK04/SES044/SA044S29	SES177	-5.98028	-13.3667	-7.38644
BLOCK04/SES046/SA046S13	SES101	-3.42109	-12.3833	-8.96219
BLOCK04/SES046/SA046S13	SES144	-3.38227	-12.3445	-8.96219
BLOCK04/SES046/SA046S13	SES147	-3.60032	-12.5625	-8.96219
BLOCK04/SES046/SA046S13	SES177	-3.67166	-12.6339	-8.96219
BLOCK04/SES046/SA046S15	SES048	-5.9704	-12.3977	-6.42735
BLOCK04/SES046/SA046S15	SES083	-5.60201	-12.0294	-6.42735
BLOCK04/SES046/SA046S15	SES120	-6.44742	-12.8748	-6.42735
BLOCK04/SES046/SA046S15	SES148	-5.95572	-12.3831	-6.42735
BLOCK04/SES046/SA046S22	SES101	-3.41007	-11.7578	-8.34773
BLOCK04/SES046/SA046S22	SES144	-3.30427	-11.652	-8.34773
BLOCK04/SES046/SA046S22	SES147	-3.49547	-11.8432	-8.34773
BLOCK04/SES046/SA046S22	SES172	-3.60223	-11.95	-8.34773
BLOCK04/SES046/SA046S25	SES083	-3.7647	-11.345	-7.58032
BLOCK04/SES046/SA046S25	SES127	-3.99138	-11.5717	-7.58032
BLOCK04/SES046/SA046S25	SES144	-3.21394	-10.7943	-7.58032
BLOCK04/SES046/SA046S25	SES148	-3.29904	-10.8794	-7.58032
BLOCK04/SES046/SA046S28	SES007	-4.5746	-12.2667	-7.69209
BLOCK04/SES046/SA046S28	SES105	-4.02823	-11.7203	-7.69209
BLOCK04/SES046/SA046S28	SES147	-4.01488	-11.707	-7.69209
BLOCK04/SES046/SA046S28	SES148	-4.31728	-12.0094	-7.69209
BLOCK04/SES049/SA049S16	SES104	-4.28769	-13.6697	-9.38201
BLOCK04/SES049/SA049S16	SES106	-4.08333	-13.4653	-9.38201
BLOCK04/SES049/SA049S16	SES120	-5.01882	-14.4008	-9.38201
BLOCK04/SES049/SA049S16	SES206	-5.03431	-14.4163	-9.38201
BLOCK04/SES049/SA049S18	SES099	-3.72502	-12.5031	-8.77808
BLOCK04/SES049/SA049S18	SES104	-3.7922	-12.5703	-8.77808
BLOCK04/SES049/SA049S18	SES125	-3.61623	-12.3943	-8.77808
BLOCK04/SES049/SA049S18	SES206	-4.09626	-12.8743	-8.77808
BLOCK04/SES049/SA049S25	SES087	-4.83051	-14.4087	-9.57815
BLOCK04/SES049/SA049S25	SES104	-4.37601	-13.9542	-9.57815
BLOCK04/SES049/SA049S25	SES125	-4.52594	-14.1041	-9.57815
BLOCK04/SES049/SA049S25	SES206	-4.98265	-14.5608	-9.57815
BLOCK04/SES049/SA049S27	SES099	-6.21525	-14.3666	-8.15134
BLOCK04/SES049/SA049S27	SES104	-4.93505	-13.0864	-8.15134
BLOCK04/SES049/SA049S27	SES125	-5.31345	-13.4648	-8.15134
BLOCK04/SES049/SA049S27	SES206	-5.96752	-14.1189	-8.15134
BLOCK04/SES049/SA049S29	SES099	-6.08087	-13.9901	-7.90919
BLOCK04/SES049/SA049S29	SES104	-4.53598	-12.4452	-7.90919
BLOCK04/SES049/SA049S29	SES125	-4.82104	-12.7302	-7.90919
BLOCK04/SES049/SA049S29	SES206	-5.73583	-13.645	-7.90919
BLOCK06/SES063/SA063S09	SES068	-4.04672	-13.5582	-9.51145
BLOCK06/SES063/SA063S09	SES083	-3.87071	-13.3822	-9.51145
BLOCK06/SES063/SA063S09	SES177	-3.89711	-13.4086	-9.51145
BLOCK06/SES063/SA063S09	SES187	-3.82038	-13.3318	-9.51145
BLOCK06/SES063/SA063S10	SES068	-4.00766	-12.9621	-8.95443
BLOCK06/SES063/SA063S10	SES083	-4.12735	-13.0818	-8.95443
BLOCK06/SES063/SA063S10	SES172	-4.05964	-13.0141	-8.95443
BLOCK06/SES063/SA063S10	SES187	-4.14303	-13.0975	-8.95443
BLOCK06/SES063/SA063S20	SES068	-4.21455	-13.1873	-8.97279
BLOCK06/SES063/SA063S20	SES083	-4.037	-13.0098	-8.97279
BLOCK06/SES063/SA063S20	SES172	-4.07019	-13.043	-8.97279
BLOCK06/SES063/SA063S20	SES187	-4.21767	-13.1905	-8.97279
BLOCK06/SES063/SA063S24	SES029	-3.51305	-13.4168	-9.9038
BLOCK06/SES063/SA063S24	SES083	-2.95287	-12.8567	-9.9038
BLOCK06/SES063/SA063S24	SES177	-3.20534	-13.1091	-9.9038
BLOCK06/SES063/SA063S24	SES189	-3.17707	-13.0809	-9.9038
BLOCK06/SES063/SA063S27	SES083	-3.46421	-12.2114	-8.74717
BLOCK06/SES063/SA063S27	SES172	-3.60796	-12.3551	-8.74717
BLOCK06/SES063/SA063S27	SES187	-3.74722	-12.4944	-8.74717
BLOCK06/SES063/SA063S27	SES292	-3.89097	-12.6381	-8.74717
BLOCK06/SES067/SA067S12	SES083	-4.29276	-11.6933	-7.40054
BLOCK06/SES067/SA067S12	SES172	-4.17437	-11.5749	-7.40054
BLOCK06/SES067/SA067S12	SES202	-4.28201	-11.6825	-7.40054
BLOCK06/SES067/SA067S12	SES292	-4.31029	-11.7108	-7.40054
BLOCK06/SES067/SA067S14	SES085	-4.5556	-10.8352	-6.27956
BLOCK06/SES067/SA067S14	SES177	-5.11062	-11.3902	-6.27956
BLOCK06/SES067/SA067S14	SES183	-4.36634	-10.6459	-6.27956
BLOCK06/SES067/SA067S14	SES202	-4.62428	-10.9038	-6.27956
BLOCK06/SES067/SA067S21	SES144	-5.95103	-13.8959	-7.94491
BLOCK06/SES067/SA067S21	SES177	-5.4124	-13.3573	-7.94491
BLOCK06/SES067/SA067S21	SES183	-5.85505	-13.8	-7.94491
BLOCK06/SES067/SA067S21	SES189	-5.41982	-13.3647	-7.94491
BLOCK06/SES067/SA067S25	SES085	-6.81179	-14.0276	-7.21576
BLOCK06/SES067/SA067S25	SES177	-6.09328	-13.309	-7.21576
BLOCK06/SES067/SA067S25	SES183	-6.4184	-13.6342	-7.21576
BLOCK06/SES067/SA067S25	SES202	-6.45456	-13.6703	-7.21576
BLOCK06/SES067/SA067S29	SES085	-4.3192	-12.5561	-8.23695
BLOCK06/SES067/SA067S29	SES177	-4.28737	-12.5243	-8.23695
BLOCK06/SES067/SA067S29	SES183	-4.19663	-12.4336	-8.23695
BLOCK06/SES067/SA067S29	SES202	-4.08152	-12.3185	-8.23695
BLOCK06/SES069/SA069S12	SES029	-5.49667	-13.001	-7.50438
BLOCK06/SES069/SA069S12	SES082	-5.19608	-12.7005	-7.50438
BLOCK06/SES069/SA069S12	SES087	-5.48638	-12.9908	-7.50438
BLOCK06/SES069/SA069S12	SES206	-5.60587	-13.1102	-7.50438
BLOCK06/SES069/SA069S13	SES029	-5.14221	-12.5502	-7.408
BLOCK06/SES069/SA069S13	SES087	-4.75589	-12.1639	-7.408
BLOCK06/SES069/SA069S13	SES206	-5.71869	-13.1267	-7.408
BLOCK06/SES069/SA069S13	SES226	-4.63784	-12.0458	-7.408
BLOCK06/SES069/SA069S23	SES029	-4.71659	-11.5486	-6.83196
BLOCK06/SES069/SA069S23	SES087	-3.92911	-10.7611	-6.83196
BLOCK06/SES069/SA069S23	SES206	-5.22562	-12.0576	-6.83196
BLOCK06/SES069/SA069S23	SES226	-4.22794	-11.0599	-6.83196
BLOCK06/SES069/SA069S25	SES087	-5.29511	-12.7333	-7.43818
BLOCK06/SES069/SA069S25	SES206	-5.52888	-12.9671	-7.43818
BLOCK06/SES069/SA069S25	SES226	-4.3612	-11.7994	-7.43818
BLOCK06/SES069/SA069S25	SES270	-4.85777	-12.2959	-7.43818
BLOCK06/SES069/SA069S27	SES087	-5.65512	-13.5798	-7.92465
BLOCK06/SES069/SA069S27	SES206	-5.24438	-13.169	-7.92465
BLOCK06/SES069/SA069S27	SES226	-4.92313	-12.8478	-7.92465
BLOCK06/SES069/SA069S27	SES270	-5.96729	-13.8919	-7.92465
BLOCK08/SES081/SA081S11	SES060	-5.42961	-13.6384	-8.20878
BLOCK08/SES081/SA081S11	SES062	-4.66771	-12.8765	-8.20878
BLOCK08/SES081/SA081S11	SES117	-5.50439	-13.7132	-8.20878
BLOCK08/SES081/SA081S11	SES162	-5.22428	-13.4331	-8.20878
BLOCK08/SES081/SA081S13	SES016	-5.66389	-12.9162	-7.25235
BLOCK08/SES081/SA081S13	SES060	-5.5317	-12.7841	-7.25235
BLOCK08/SES081/SA081S13	SES068	-5.3717	-12.6241	-7.25235
BLOCK08/SES081/SA081S13	SES129	-6.15306	-13.4054	-7.25235
BLOCK08/SES081/SA081S24	SES060	-5.96374	-13.595	-7.63125
BLOCK08/SES081/SA081S24	SES068	-5.89867	-13.5299	-7.63125
BLOCK08/SES081/SA081S24	SES117	-6.07308	-13.7043	-7.63125
BLOCK08/SES081/SA081S24	SES275	-6.16077	-13.792	-7.63125
BLOCK08/SES081/SA081S27	SES007	-6.80207	-15.1988	-8.39669
BLOCK08/SES081/SA081S27	SES060	-6.80986	-15.2065	-8.39669
BLOCK08/SES081/SA081S27	SES117	-7.33692	-15.7336	-8.39669
BLOCK08/SES081/SA081S27	SES275	-8.49536	-16.892	-8.39669
BLOCK08/SES081/SA081S29	SES007	-6.14711	-15.0763	-8.92924
BLOCK08/SES081/SA081S29	SES060	-5.75606	-14.6853	-8.92924
BLOCK08/SES081/SA081S29	SES117	-6.24474	-15.174	-8.92924
BLOCK08/SES081/SA081S29	SES275	-8.35127	-17.2805	-8.92924
BLOCK08/SES086/SA086S11	SES029	-4.75636	-14.2738	-9.51748
BLOCK08/SES086/SA086S11	SES082	-3.99874	-13.5162	-9.51748
BLOCK08/SES086/SA086S11	SES087	-3.56296	-13.0804	-9.51748
BLOCK08/SES086/SA086S11	SES206	-4.02964	-13.5471	-9.51748
BLOCK08/SES086/SA086S12	SES029	-5.52903	-14.1945	-8.66552
BLOCK08/SES086/SA086S12	SES082	-4.83016	-13.4957	-8.66552
BLOCK08/SES086/SA086S12	SES087	-4.50427	-13.1698	-8.66552
BLOCK08/SES086/SA086S12	SES206	-4.65201	-13.3175	-8.66552
BLOCK08/SES086/SA086S20	SES029	-5.77394	-13.969	-8.19508
BLOCK08/SES086/SA086S20	SES082	-5.10111	-13.2962	-8.19508
BLOCK08/SES086/SA086S20	SES087	-4.93868	-13.1338	-8.19508
BLOCK08/SES086/SA086S20	SES206	-5.0133	-13.2084	-8.19508
BLOCK08/SES086/SA086S24	SES087	-5.21767	-14.7052	-9.48748
BLOCK08/SES086/SA086S24	SES104	-5.07316	-14.5606	-9.48748
BLOCK08/SES086/SA086S24	SES120	-5.24149	-14.729	-9.48748
BLOCK08/SES086/SA086S24	SES206	-4.60125	-14.0887	-9.48748
BLOCK08/SES086/SA086S28	SES029	-5.76336	-13.822	-8.05867
BLOCK08/SES086/SA086S28	SES082	-5.0917	-13.1504	-8.05867
BLOCK08/SES086/SA086S28	SES087	-4.11238	-12.1711	-8.05867
BLOCK08/SES086/SA086S28	SES206	-5.11742	-13.1761	-8.05867
BLOCK08/SES089/SA089S13	SES087	-3.16291	-12.1425	-8.97962
BLOCK08/SES089/SA089S13	SES206	-3.87632	-12.8559	-8.97962
BLOCK08/SES089/SA089S13	SES226	-3.05859	-12.0382	-8.97962
BLOCK08/SES089/SA089S13	SES270	-3.40737	-12.387	-8.97962
BLOCK08/SES089/SA089S14	SES062	-4.4649	-12.8034	-8.33853
BLOCK08/SES089/SA089S14	SES087	-3.64044	-11.979	-8.33853
BLOCK08/SES089/SA089S14	SES206	-4.40743	-12.746	-8.33853
BLOCK08/SES089/SA089S14	SES226	-4.14875	-12.4873	-8.33853
BLOCK08/SES089/SA089S23	SES087	-2.50024	-12.8448	-10.3445
BLOCK08/SES089/SA089S23	SES206	-3.33509	-13.6796	-10.3445
BLOCK08/SES089/SA089S23	SES226	-2.47825	-12.8228	-10.3445
BLOCK08/SES089/SA089S23	SES270	-2.79532	-13.1398	-10.3445
BLOCK08/SES089/SA089S25	SES062	-3.23699	-12.2375	-9.00051
BLOCK08/SES089/SA089S25	SES087	-2.94398	-11.9445	-9.00051
BLOCK08/SES089/SA089S25	SES206	-3.80374	-12.8042	-9.00051
BLOCK08/SES089/SA089S25	SES226	-2.9178	-11.9183	-9.00051
BLOCK08/SES089/SA089S28	SES062	-4.15913	-12.8896	-8.73043
BLOCK08/SES089/SA089S28	SES087	-3.4759	-12.2063	-8.73043
BLOCK08/SES089/SA089S28	SES206	-4.69802	-13.4285	-8.73043
BLOCK08/SES089/SA089S28	SES226	-3.63786	-12.3683	-8.73043
BLOCK09/SES097/SA097S11	SES099	-5.15087	-14.2712	-9.12033
BLOCK09/SES097/SA097S11	SES125	-3.97103	-13.0914	-9.12033
BLOCK09/SES097/SA097S11	SES206	-4.89353	-14.0139	-9.12033
BLOCK09/SES097/SA097S11	SES226	-3.04003	-12.1604	-9.12033
BLOCK09/SES097/SA097S14	SES062	-4.8852	-13.1741	-8.28893
BLOCK09/SES097/SA097S14	SES099	-6.15435	-14.4433	-8.28893
BLOCK09/SES097/SA097S14	SES104	-4.86489	-13.1538	-8.28893
BLOCK09/SES097/SA097S14	SES206	-5.83507	-14.124	-8.28893
BLOCK09/SES097/SA097S22	SES099	-5.13361	-13.9445	-8.81091
BLOCK09/SES097/SA097S22	SES206	-4.77605	-13.587	-8.81091
BLOCK09/SES097/SA097S22	SES226	-3.72163	-12.5325	-8.81091
BLOCK09/SES097/SA097S22	SES270	-4.47494	-13.2859	-8.81091
BLOCK09/SES097/SA097S26	SES099	-5.46756	-14.6569	-9.1893
BLOCK09/SES097/SA097S26	SES120	-5.15852	-14.3478	-9.1893
BLOCK09/SES097/SA097S26	SES206	-5.16584	-14.3551	-9.1893
BLOCK09/SES097/SA097S26	SES226	-3.92576	-13.1151	-9.1893
BLOCK09/SES097/SA097S28	SES099	-4.84602	-12.8781	-8.0321
BLOCK09/SES097/SA097S28	SES120	-5.44797	-13.4801	-8.0321
BLOCK09/SES097/SA097S28	SES206	-4.85866	-12.8908	-8.0321
BLOCK09/SES097/SA097S28	SES226	-3.92527	-11.9574	-8.0321
BLOCK09/SES098/SA098S11	SES127	-6.0675	-13.4871	-7.41959
BLOCK09/SES098/SA098S11	SES144	-6.1312	-13.5508	-7.41959
BLOCK09/SES098/SA098S11	SES147	-5.71727	-13.1369	-7.41959
BLOCK09/SES098/SA098S11	SES148	-7.912	-15.3316	-7.41959
BLOCK09/SES098/SA098S12	SES127	-7.10228	-16.1884	-9.08611
BLOCK09/SES098/SA098S12	SES144	-7.5774	-16.6635	-9.08611
BLOCK09/SES098/SA098S12	SES147	-6.68318	-15.7693	-9.08611
BLOCK09/SES098/SA098S12	SES189	-6.48162	-15.5677	-9.08611
BLOCK09/SES098/SA098S20	SES127	-10.2972	-18.8523	-8.55511
BLOCK09/SES098/SA098S20	SES147	-9.27425	-17.8294	-8.55511
BLOCK09/SES098/SA098S20	SES148	-13.5868	-22.1419	-8.55511
BLOCK09/SES098/SA098S20	SES292	-8.78694	-17.3421	-8.55511
BLOCK09/SES098/SA098S23	SES127	-6.733	-15.0515	-8.31846
BLOCK09/SES098/SA098S23	SES147	-6.2692	-14.5877	-8.31846
BLOCK09/SES098/SA098S23	SES187	-5.96569	-14.2842	-8.31846
BLOCK09/SES098/SA098S23	SES292	-6.36118	-14.6796	-8.31846
BLOCK09/SES098/SA098S27	SES127	-6.40028	-14.7747	-8.37445
BLOCK09/SES098/SA098S27	SES147	-5.98615	-14.3606	-8.37445
BLOCK09/SES098/SA098S27	SES148	-7.60168	-15.9761	-8.37445
BLOCK09/SES098/SA098S27	SES292	-5.63198	-14.0064	-8.37445
BLOCK10/SES102/SA102S13	SES101	-5.21734	-14.6607	-9.44335
BLOCK10/SES102/SA102S13	SES105	-4.70643	-14.1498	-9.44335
BLOCK10/SES102/SA102S13	SES120	-4.8129	-14.2563	-9.44335
BLOCK10/SES102/SA102S13	SES158	-4.39442	-13.8378	-9.44335
BLOCK10/SES102/SA102S14	SES007	-7.49686	-13.9993	-6.50248
BLOCK10/SES102/SA102S14	SES101	-8.20316	-14.7056	-6.50248
BLOCK10/SES102/SA102S14	SES105	-8.86299	-15.3655	-6.50248
BLOCK10/SES102/SA102S14	SES147	-8.02597	-14.5284	-6.50248
BLOCK10/SES102/SA102S22	SES007	-5.97245	-13.3844	-7.41191
BLOCK10/SES102/SA102S22	SES101	-6.19802	-13.6099	-7.41191
BLOCK10/SES102/SA102S22	SES105	-5.88297	-13.2949	-7.41191
BLOCK10/SES102/SA102S22	SES158	-6.05191	-13.4638	-7.41191
BLOCK10/SES102/SA102S25	SES007	-5.69133	-13.0749	-7.38354
BLOCK10/SES102/SA102S25	SES101	-5.74814	-13.1317	-7.38354
BLOCK10/SES102/SA102S25	SES105	-6.08825	-13.4718	-7.38354
BLOCK10/SES102/SA102S25	SES147	-5.81947	-13.203	-7.38354
BLOCK10/SES102/SA102S27	SES007	-5.61808	-13.2712	-7.65311
BLOCK10/SES102/SA102S27	SES101	-5.1329	-12.786	-7.65311
BLOCK10/SES102/SA102S27	SES105	-5.69364	-13.3467	-7.65311
BLOCK10/SES102/SA102S27	SES147	-5.40163	-13.0547	-7.65311
BLOCK10/SES103/SA103S14	SES105	-6.22435	-15.0301	-8.8058
BLOCK10/SES103/SA103S14	SES106	-6.14594	-14.9517	-8.8058
BLOCK10/SES103/SA103S14	SES120	-5.69633	-14.5021	-8.8058
BLOCK10/SES103/SA103S14	SES206	-5.51928	-14.3251	-8.8058
BLOCK10/SES103/SA103S15	SES099	-3.37489	-13.3893	-10.0144
BLOCK10/SES103/SA103S15	SES101	-3.36094	-13.3754	-10.0144
BLOCK10/SES103/SA103S15	SES104	-3.34438	-13.3588	-10.0144
BLOCK10/SES103/SA103S15	SES125	-3.08558	-13.1	-10.0144
BLOCK10/SES103/SA103S24	SES104	-4.79007	-13.5901	-8.80004
BLOCK10/SES103/SA103S24	SES125	-4.71475	-13.5148	-8.80004
BLOCK10/SES103/SA103S24	SES148	-4.92674	-13.7268	-8.80004
BLOCK10/SES103/SA103S24	SES158	-4.82838	-13.6284	-8.80004
BLOCK10/SES103/SA103S26	SES104	-4.4559	-13.1018	-8.64591
BLOCK10/SES103/SA103S26	SES106	-4.25663	-12.9025	-8.64591
BLOCK10/SES103/SA103S26	SES125	-4.3088	-12.9547	-8.64591
BLOCK10/SES103/SA103S26	SES148	-4.5935	-13.2394	-8.64591
BLOCK10/SES103/SA103S28	SES104	-4.67604	-13.751	-9.07495
BLOCK10/SES103/SA103S28	SES106	-4.54852	-13.6235	-9.07495
BLOCK10/SES103/SA103S28	SES125	-4.73335	-13.8083	-9.07495
BLOCK10/SES103/SA103S28	SES206	-4.92514	-14.0001	-9.07495
BLOCK12/SES121/SA121S12	SES042	-5.4346	-14.4677	-9.03311
BLOCK12/SES121/SA121S12	SES087	-3.17961	-12.2127	-9.03311
BLOCK12/SES121/SA121S12	SES105	-3.41569	-12.4488	-9.03311
BLOCK12/SES121/SA121S12	SES206	-3.94002	-12.9731	-9.03311
BLOCK12/SES121/SA121S14	SES007	-4.71466	-15.5754	-10.8607
BLOCK12/SES121/SA121S14	SES105	-5.61644	-16.4771	-10.8607
BLOCK12/SES121/SA121S14	SES106	-5.9067	-16.7674	-10.8607
BLOCK12/SES121/SA121S14	SES206	-4.08889	-14.9496	-10.8607
BLOCK12/SES121/SA121S23	SES105	-5.66478	-15.8235	-10.1587
BLOCK12/SES121/SA121S23	SES106	-5.99788	-16.1566	-10.1587
BLOCK12/SES121/SA121S23	SES120	-5.69819	-15.8569	-10.1587
BLOCK12/SES121/SA121S23	SES206	-4.76415	-14.9229	-10.1587
BLOCK12/SES121/SA121S25	SES007	-5.34545	-16.2429	-10.8974
BLOCK12/SES121/SA121S25	SES105	-6.60682	-17.5043	-10.8974
BLOCK12/SES121/SA121S25	SES106	-6.96367	-17.8611	-10.8974
BLOCK12/SES121/SA121S25	SES206	-4.62846	-15.5259	-10.8974
BLOCK12/SES121/SA121S27	SES087	-5.49114	-15.9812	-10.49
BLOCK12/SES121/SA121S27	SES105	-5.8017	-16.2917	-10.49
BLOCK12/SES121/SA121S27	SES120	-4.8415	-15.3315	-10.49
BLOCK12/SES121/SA121S27	SES206	-4.3817	-14.8717	-10.49
BLOCK12/SES124/SA124S16	SES042	-4.85601	-11.9959	-7.13989
BLOCK12/SES124/SA124S16	SES082	-4.23549	-11.3754	-7.13989
BLOCK12/SES124/SA124S16	SES183	-4.40541	-11.5453	-7.13989
BLOCK12/SES124/SA124S16	SES206	-4.57393	-11.7138	-7.13989
BLOCK12/SES124/SA124S17	SES105	-5.10214	-13.4078	-8.30561
BLOCK12/SES124/SA124S17	SES149	-4.98793	-13.2935	-8.30561
BLOCK12/SES124/SA124S17	SES158	-4.64575	-12.9514	-8.30561
BLOCK12/SES124/SA124S17	SES275	-5.2498	-13.5554	-8.30561
BLOCK12/SES124/SA124S23	SES105	-5.33321	-11.8751	-6.5419
BLOCK12/SES124/SA124S23	SES125	-5.05521	-11.5971	-6.5419
BLOCK12/SES124/SA124S23	SES129	-5.35239	-11.8943	-6.5419
BLOCK12/SES124/SA124S23	SES158	-5.95512	-12.497	-6.5419
BLOCK12/SES124/SA124S26	SES105	-3.87983	-11.878	-7.99819
BLOCK12/SES124/SA124S26	SES125	-3.45103	-11.4492	-7.99819
BLOCK12/SES124/SA124S26	SES129	-3.6733	-11.6715	-7.99819
BLOCK12/SES124/SA124S26	SES158	-3.90966	-11.9078	-7.99819
BLOCK12/SES124/SA124S28	SES104	-4.36412	-11.5131	-7.14898
BLOCK12/SES124/SA124S28	SES106	-4.25026	-11.3992	-7.14898
BLOCK12/SES124/SA124S28	SES125	-4.31554	-11.4645	-7.14898
BLOCK12/SES124/SA124S28	SES275	-4.44828	-11.5973	-7.14898
BLOCK12/SES126/SA126S13	SES007	-5.20979	-13.4016	-8.19186
BLOCK12/SES126/SA126S13	SES162	-5.61768	-13.8095	-8.19186
BLOCK12/SES126/SA126S13	SES177	-5.21167	-13.4035	-8.19186
BLOCK12/SES126/SA126S13	SES180	-6.03671	-14.2286	-8.19186
BLOCK12/SES126/SA126S14	SES144	-4.90038	-12.4383	-7.5379
BLOCK12/SES126/SA126S14	SES148	-5.81761	-13.3555	-7.5379
BLOCK12/SES126/SA126S14	SES177	-4.81887	-12.3568	-7.5379
BLOCK12/SES126/SA126S14	SES180	-4.88348	-12.4214	-7.5379
BLOCK12/SES126/SA126S20	SES007	-5.43978	-12.2234	-6.78361
BLOCK12/SES126/SA126S20	SES162	-5.3656	-12.1492	-6.78361
BLOCK12/SES126/SA126S20	SES172	-4.95216	-11.7358	-6.78361
BLOCK12/SES126/SA126S20	SES180	-5.15027	-11.9339	-6.78361
BLOCK12/SES126/SA126S24	SES120	-5.78022	-13.0577	-7.27751
BLOCK12/SES126/SA126S24	SES162	-5.97237	-13.2499	-7.27751
BLOCK12/SES126/SA126S24	SES177	-5.69861	-12.9761	-7.27751
BLOCK12/SES126/SA126S24	SES180	-6.20047	-13.478	-7.27751
BLOCK12/SES126/SA126S26	SES120	-4.77713	-12.8241	-8.04701
BLOCK12/SES126/SA126S26	SES177	-4.66814	-12.7152	-8.04701
BLOCK12/SES126/SA126S26	SES180	-4.29473	-12.3417	-8.04701
BLOCK12/SES126/SA126S26	SES202	-4.28002	-12.327	-8.04701
BLOCK12/SES128/SA128S10	SES087	-6.3787	-14.5613	-8.18262
BLOCK12/SES128/SA128S10	SES206	-5.59315	-13.7758	-8.18262
BLOCK12/SES128/SA128S10	SES226	-5.45625	-13.6389	-8.18262
BLOCK12/SES128/SA128S10	SES270	-6.34258	-14.5252	-8.18262
BLOCK12/SES128/SA128S12	SES120	-6.19767	-14.496	-8.29832
BLOCK12/SES128/SA128S12	SES158	-6.22925	-14.5276	-8.29832
BLOCK12/SES128/SA128S12	SES206	-6.18828	-14.4866	-8.29832
BLOCK12/SES128/SA128S12	SES226	-7.94397	-16.2423	-8.29832
BLOCK12/SES128/SA128S21	SES106	-5.10375	-13.0577	-7.95393
BLOCK12/SES128/SA128S21	SES120	-5.65308	-13.607	-7.95393
BLOCK12/SES128/SA128S21	SES206	-5.62157	-13.5755	-7.95393
BLOCK12/SES128/SA128S21	SES226	-4.98733	-12.9413	-7.95393
BLOCK12/SES128/SA128S24	SES087	-4.94131	-13.7537	-8.81234
BLOCK12/SES128/SA128S24	SES120	-5.07907	-13.8914	-8.81234
BLOCK12/SES128/SA128S24	SES206	-4.8451	-13.6574	-8.81234
BLOCK12/SES128/SA128S24	SES226	-4.89783	-13.7102	-8.81234
BLOCK12/SES128/SA128S27	SES099	-5.97946	-13.4751	-7.49563
BLOCK12/SES128/SA128S27	SES120	-6.06964	-13.5653	-7.49563
BLOCK12/SES128/SA128S27	SES206	-5.86117	-13.3568	-7.49563
BLOCK12/SES128/SA128S27	SES226	-6.14937	-13.645	-7.49563
BLOCK13/SES130/SA130S13	SES143	-2.58	-11.6903	-9.11029
BLOCK13/SES130/SA130S13	SES144	-2.84188	-11.9522	-9.11029
BLOCK13/SES130/SA130S13	SES146	-3.84796	-12.9582	-9.11029
BLOCK13/SES130/SA130S13	SES275	-4.12433	-13.2346	-9.11029
BLOCK13/SES130/SA130S15	SES143	-4.77139	-12.3897	-7.61828
BLOCK13/SES130/SA130S15	SES144	-4.64041	-12.2587	-7.61828
BLOCK13/SES130/SA130S15	SES146	-4.8902	-12.5085	-7.61828
BLOCK13/SES130/SA130S15	SES275	-5.0681	-12.6864	-7.61828
BLOCK13/SES130/SA130S23	SES127	-3.65807	-11.9111	-8.25308
BLOCK13/SES130/SA130S23	SES144	-3.53767	-11.7907	-8.25308
BLOCK13/SES130/SA130S23	SES146	-4.31565	-12.5687	-8.25308
BLOCK13/SES130/SA130S23	SES162	-3.87669	-12.1298	-8.25308
BLOCK13/SES130/SA130S25	SES127	-4.78839	-11.7017	-6.91331
BLOCK13/SES130/SA130S25	SES144	-4.60335	-11.5167	-6.91331
BLOCK13/SES130/SA130S25	SES146	-5.13233	-12.0456	-6.91331
BLOCK13/SES130/SA130S25	SES275	-4.98997	-11.9033	-6.91331
BLOCK13/SES130/SA130S28	SES127	-4.54282	-12.8737	-8.33085
BLOCK13/SES130/SA130S28	SES144	-4.07854	-12.4094	-8.33085
BLOCK13/SES130/SA130S28	SES146	-4.3384	-12.6692	-8.33085
BLOCK13/SES130/SA130S28	SES275	-4.07639	-12.4072	-8.33085
BLOCK13/SES131/SA131S13	SES002	-3.55956	-12.4156	-8.85604
BLOCK13/SES131/SA131S13	SES007	-3.96176	-12.8178	-8.85604
BLOCK13/SES131/SA131S13	SES099	-3.21092	-12.067	-8.85604
BLOCK13/SES131/SA131S13	SES105	-3.19673	-12.0528	-8.85604
BLOCK13/SES131/SA131S14	SES104	-4.88995	-11.3401	-6.4502
BLOCK13/SES131/SA131S14	SES106	-4.5158	-10.966	-6.4502
BLOCK13/SES131/SA131S14	SES125	-4.87649	-11.3267	-6.4502
BLOCK13/SES131/SA131S14	SES148	-3.80216	-10.2524	-6.4502
BLOCK13/SES131/SA131S20	SES104	-3.79215	-12.9183	-9.12611
BLOCK13/SES131/SA131S20	SES106	-3.59641	-12.7225	-9.12611
BLOCK13/SES131/SA131S20	SES125	-3.82746	-12.9536	-9.12611
BLOCK13/SES131/SA131S20	SES148	-3.85234	-12.9784	-9.12611
BLOCK13/SES131/SA131S22	SES099	-4.58956	-11.8454	-7.25581
BLOCK13/SES131/SA131S22	SES104	-4.46278	-11.7186	-7.25581
BLOCK13/SES131/SA131S22	SES125	-4.34383	-11.5996	-7.25581
BLOCK13/SES131/SA131S22	SES206	-4.7819	-12.0377	-7.25581
BLOCK13/SES131/SA131S29	SES087	-4.70674	-13.7846	-9.07791
BLOCK13/SES131/SA131S29	SES104	-4.04844	-13.1263	-9.07791
BLOCK13/SES131/SA131S29	SES125	-3.98075	-13.0587	-9.07791
BLOCK13/SES131/SA131S29	SES206	-4.10451	-13.1824	-9.07791
BLOCK13/SES132/SA132S11	SES083	-6.33039	-14.3181	-7.9877
BLOCK13/SES132/SA132S11	SES120	-5.46003	-13.4477	-7.9877
BLOCK13/SES132/SA132S11	SES127	-7.34246	-15.3302	-7.9877
BLOCK13/SES132/SA132S11	SES275	-7.01586	-15.0036	-7.9877
BLOCK13/SES132/SA132S12	SES083	-5.2029	-12.8058	-7.60288
BLOCK13/SES132/SA132S12	SES143	-5.94152	-13.5444	-7.60288
BLOCK13/SES132/SA132S12	SES144	-5.52115	-13.124	-7.60288
BLOCK13/SES132/SA132S12	SES148	-6.3952	-13.9981	-7.60288
BLOCK13/SES132/SA132S22	SES062	-7.05933	-14.9625	-7.90315
BLOCK13/SES132/SA132S22	SES083	-6.82145	-14.7246	-7.90315
BLOCK13/SES132/SA132S22	SES127	-8.03372	-15.9369	-7.90315
BLOCK13/SES132/SA132S22	SES275	-7.17266	-15.0758	-7.90315
BLOCK13/SES132/SA132S24	SES007	-6.31721	-13.6119	-7.29466
BLOCK13/SES132/SA132S24	SES083	-6.79607	-14.0907	-7.29466
BLOCK13/SES132/SA132S24	SES127	-7.97849	-15.2732	-7.29466
BLOCK13/SES132/SA132S24	SES275	-7.1805	-14.4752	-7.29466
BLOCK13/SES132/SA132S27	SES083	-7.86647	-16.6384	-8.77197
BLOCK13/SES132/SA132S27	SES120	-6.03807	-14.81	-8.77197
BLOCK13/SES132/SA132S27	SES127	-9.84144	-18.6134	-8.77197
BLOCK13/SES132/SA132S27	SES275	-8.21534	-16.9873	-8.77197
BLOCK14/SES141/SA141S09	SES143	-4.90541	-11.9831	-7.07772
BLOCK14/SES141/SA141S09	SES144	-4.51953	-11.5973	-7.07772
BLOCK14/SES141/SA141S09	SES162	-4.70203	-11.7798	-7.07772
BLOCK14/SES141/SA141S09	SES180	-4.78472	-11.8624	-7.07772
BLOCK14/SES141/SA141S15	SES127	-4.5946	-12.6791	-8.08451
BLOCK14/SES141/SA141S15	SES144	-4.18063	-12.2651	-8.08451
BLOCK14/SES141/SA141S15	SES162	-4.30883	-12.3933	-8.08451
BLOCK14/SES141/SA141S15	SES180	-4.29744	-12.3819	-8.08451
BLOCK14/SES141/SA141S24	SES127	-6.06683	-13.8662	-7.79938
BLOCK14/SES141/SA141S24	SES144	-5.86849	-13.6679	-7.79938
BLOCK14/SES141/SA141S24	SES162	-5.28195	-13.0813	-7.79938
BLOCK14/SES141/SA141S24	SES183	-5.85163	-13.651	-7.79938
BLOCK14/SES141/SA141S26	SES142	-3.61017	-12.1402	-8.53003
BLOCK14/SES141/SA141S26	SES144	-4.26933	-12.7994	-8.53003
BLOCK14/SES141/SA141S26	SES172	-4.04077	-12.5708	-8.53003
BLOCK14/SES141/SA141S26	SES180	-4.14213	-12.6722	-8.53003
BLOCK14/SES141/SA141S29	SES127	-5.04118	-12.4434	-7.40217
BLOCK14/SES141/SA141S29	SES142	-4.95932	-12.3615	-7.40217
BLOCK14/SES141/SA141S29	SES144	-4.94109	-12.3433	-7.40217
BLOCK14/SES141/SA141S29	SES180	-4.91914	-12.3213	-7.40217
BLOCK15/SES157/SA157S08	SES083	-4.74489	-12.1966	-7.45174
BLOCK15/SES157/SA157S08	SES127	-4.81246	-12.2642	-7.45174
BLOCK15/SES157/SA157S08	SES148	-4.92476	-12.3765	-7.45174
BLOCK15/SES157/SA157S08	SES292	-4.78652	-12.2383	-7.45174
BLOCK15/SES157/SA157S11	SES083	-4.46962	-12.6046	-8.13494
BLOCK15/SES157/SA157S11	SES127	-4.97044	-13.1054	-8.13494
BLOCK15/SES157/SA157S11	SES148	-4.78098	-12.9159	-8.13494
BLOCK15/SES157/SA157S11	SES292	-4.51341	-12.6484	-8.13494
BLOCK15/SES157/SA157S21	SES127	-4.12913	-11.1829	-7.05381
BLOCK15/SES157/SA157S21	SES148	-3.89463	-10.9484	-7.05381
BLOCK15/SES157/SA157S21	SES158	-5.33016	-12.384	-7.05381
BLOCK15/SES157/SA157S21	SES292	-4.38646	-11.4403	-7.05381
BLOCK15/SES157/SA157S24	SES127	-3.48363	-11.9908	-8.50718
BLOCK15/SES157/SA157S24	SES148	-3.80389	-12.3111	-8.50718
BLOCK15/SES157/SA157S24	SES183	-3.68977	-12.1969	-8.50718
BLOCK15/SES157/SA157S24	SES292	-3.5095	-12.0167	-8.50718
BLOCK15/SES157/SA157S26	SES007	-4.13989	-11.8161	-7.67616
BLOCK15/SES157/SA157S26	SES127	-3.50741	-11.1836	-7.67616
BLOCK15/SES157/SA157S26	SES147	-3.48838	-11.1645	-7.67616
BLOCK15/SES157/SA157S26	SES148	-3.92966	-11.6058	-7.67616
BLOCK16/SES161/SA161S10	SES007	-4.88881	-12.7902	-7.90135
BLOCK16/SES161/SA161S10	SES105	-4.2875	-12.1888	-7.90135
BLOCK16/SES161/SA161S10	SES158	-4.73663	-12.638	-7.90135
BLOCK16/SES161/SA161S10	SES275	-4.46018	-12.3615	-7.90135
BLOCK16/SES161/SA161S12	SES007	-6.08711	-15.3774	-9.29025
BLOCK16/SES161/SA161S12	SES105	-6.75166	-16.0419	-9.29025
BLOCK16/SES161/SA161S12	SES158	-5.76029	-15.0505	-9.29025
BLOCK16/SES161/SA161S12	SES275	-7.17137	-16.4616	-9.29025
BLOCK16/SES161/SA161S20	SES007	-4.77515	-14.192	-9.41689
BLOCK16/SES161/SA161S20	SES105	-5.5055	-14.9224	-9.41689
BLOCK16/SES161/SA161S20	SES158	-4.49458	-13.9115	-9.41689
BLOCK16/SES161/SA161S20	SES275	-6.01303	-15.4299	-9.41689
BLOCK16/SES161/SA161S23	SES007	-4.5069	-13.8482	-9.34134
BLOCK16/SES161/SA161S23	SES105	-4.31946	-13.6608	-9.34134
BLOCK16/SES161/SA161S23	SES148	-5.84217	-15.1835	-9.34134
BLOCK16/SES161/SA161S23	SES158	-4.43968	-13.781	-9.34134
BLOCK16/SES161/SA161S28	SES007	-6.65041	-15.1666	-8.51619
BLOCK16/SES161/SA161S28	SES105	-8.03462	-16.5508	-8.51619
BLOCK16/SES161/SA161S28	SES158	-6.29717	-14.8134	-8.51619
BLOCK16/SES161/SA161S28	SES206	-6.22237	-14.7386	-8.51619
BLOCK16/SES164/SA164S11	SES104	-4.99213	-12.9924	-8.00024
BLOCK16/SES164/SA164S11	SES125	-4.86705	-12.8673	-8.00024
BLOCK16/SES164/SA164S11	SES158	-5.24285	-13.2431	-8.00024
BLOCK16/SES164/SA164S11	SES206	-5.65311	-13.6533	-8.00024
BLOCK16/SES164/SA164S13	SES099	-6.09624	-14.6696	-8.57338
BLOCK16/SES164/SA164S13	SES104	-5.77844	-14.3518	-8.57338
BLOCK16/SES164/SA164S13	SES125	-5.50593	-14.0793	-8.57338
BLOCK16/SES164/SA164S13	SES206	-5.90139	-14.4748	-8.57338
BLOCK16/SES164/SA164S24	SES002	-3.41284	-11.4773	-8.06444
BLOCK16/SES164/SA164S24	SES099	-4.95432	-13.0188	-8.06444
BLOCK16/SES164/SA164S24	SES125	-3.84701	-11.9114	-8.06444
BLOCK16/SES164/SA164S24	SES226	-2.89937	-10.9638	-8.06444
BLOCK16/SES164/SA164S27	SES087	-4.01084	-12.6562	-8.64537
BLOCK16/SES164/SA164S27	SES125	-3.76583	-12.4112	-8.64537
BLOCK16/SES164/SA164S27	SES206	-4.78216	-13.4275	-8.64537
BLOCK16/SES164/SA164S27	SES226	-2.74202	-11.3874	-8.64537
BLOCK16/SES164/SA164S29	SES002	-3.81389	-12.331	-8.5171
BLOCK16/SES164/SA164S29	SES019	-4.04745	-12.5645	-8.5171
BLOCK16/SES164/SA164S29	SES125	-4.20992	-12.727	-8.5171
BLOCK16/SES164/SA164S29	SES226	-3.22551	-11.7426	-8.5171
BLOCK16/SES169/SA169S13	SES117	-5.16702	-13.2097	-8.04263
BLOCK16/SES169/SA169S13	SES144	-4.95821	-13.0008	-8.04263
BLOCK16/SES169/SA169S13	SES146	-4.72895	-12.7716	-8.04263
BLOCK16/SES169/SA169S13	SES162	-4.75854	-12.8012	-8.04263
BLOCK16/SES169/SA169S14	SES144	-5.1665	-11.9579	-6.79143
BLOCK16/SES169/SA169S14	SES148	-5.27696	-12.0684	-6.79143
BLOCK16/SES169/SA169S14	SES177	-5.49473	-12.2862	-6.79143
BLOCK16/SES169/SA169S14	SES180	-5.29373	-12.0852	-6.79143
BLOCK16/SES169/SA169S24	SES117	-4.73679	-13.3711	-8.6343
BLOCK16/SES169/SA169S24	SES144	-4.27669	-12.911	-8.6343
BLOCK16/SES169/SA169S24	SES146	-4.32101	-12.9553	-8.6343
BLOCK16/SES169/SA169S24	SES162	-4.15762	-12.7919	-8.6343
BLOCK16/SES169/SA169S27	SES127	-5.51367	-13.3451	-7.8314
BLOCK16/SES169/SA169S27	SES129	-5.78038	-13.6118	-7.8314
BLOCK16/SES169/SA169S27	SES144	-5.48441	-13.3158	-7.8314
BLOCK16/SES169/SA169S27	SES146	-5.06744	-12.8988	-7.8314
BLOCK16/SES169/SA169S29	SES144	-5.33708	-12.2983	-6.96119
BLOCK16/SES169/SA169S29	SES162	-5.49027	-12.4515	-6.96119
BLOCK16/SES169/SA169S29	SES177	-5.62763	-12.5888	-6.96119
BLOCK16/SES169/SA169S29	SES180	-5.57051	-12.5317	-6.96119
BLOCK17/SES171/SA171S12	SES083	-3.84263	-12.9082	-9.06553
BLOCK17/SES171/SA171S12	SES148	-3.70216	-12.7677	-9.06553
BLOCK17/SES171/SA171S12	SES172	-3.84447	-12.91	-9.06553
BLOCK17/SES171/SA171S12	SES292	-3.94925	-13.0148	-9.06553
BLOCK17/SES171/SA171S15	SES148	-3.62125	-11.8894	-8.26818
BLOCK17/SES171/SA171S15	SES177	-4.40147	-12.6697	-8.26818
BLOCK17/SES171/SA171S15	SES180	-4.08827	-12.3564	-8.26818
BLOCK17/SES171/SA171S15	SES292	-4.02592	-12.2941	-8.26818
BLOCK17/SES171/SA171S22	SES007	-5.47256	-12.127	-6.65446
BLOCK17/SES171/SA171S22	SES148	-3.66564	-10.3201	-6.65446
BLOCK17/SES171/SA171S22	SES177	-5.38568	-12.0401	-6.65446
BLOCK17/SES171/SA171S22	SES180	-4.88546	-11.5399	-6.65446
BLOCK17/SES171/SA171S25	SES101	-4.22733	-12.6623	-8.43502
BLOCK17/SES171/SA171S25	SES120	-5.13775	-13.5728	-8.43502
BLOCK17/SES171/SA171S25	SES177	-4.73142	-13.1664	-8.43502
BLOCK17/SES171/SA171S25	SES180	-4.30727	-12.7423	-8.43502
BLOCK17/SES171/SA171S27	SES177	-4.22608	-12.9016	-8.67553
BLOCK17/SES171/SA171S27	SES180	-4.24875	-12.9243	-8.67553
BLOCK17/SES171/SA171S27	SES189	-4.14348	-12.819	-8.67553
BLOCK17/SES171/SA171S27	SES292	-4.03728	-12.7128	-8.67553
BLOCK17/SES173/SA173S13	SES162	-6.30591	-14.2001	-7.89423
BLOCK17/SES173/SA173S13	SES177	-6.03379	-13.928	-7.89423
BLOCK17/SES173/SA173S13	SES180	-6.09874	-13.993	-7.89423
BLOCK17/SES173/SA173S13	SES292	-5.32157	-13.2158	-7.89423
BLOCK17/SES173/SA173S14	SES007	-5.38305	-12.9873	-7.60429
BLOCK17/SES173/SA173S14	SES162	-5.79319	-13.3975	-7.60429
BLOCK17/SES173/SA173S14	SES177	-5.60236	-13.2066	-7.60429
BLOCK17/SES173/SA173S14	SES180	-5.6602	-13.2645	-7.60429
BLOCK17/SES173/SA173S24	SES144	-5.76117	-13.9517	-8.19053
BLOCK17/SES173/SA173S24	SES162	-5.72268	-13.9132	-8.19053
BLOCK17/SES173/SA173S24	SES177	-5.53171	-13.7222	-8.19053
BLOCK17/SES173/SA173S24	SES180	-5.88027	-14.0708	-8.19053
BLOCK17/SES173/SA173S27	SES162	-6.72557	-14.514	-7.78846
BLOCK17/SES173/SA173S27	SES177	-6.17002	-13.9585	-7.78846
BLOCK17/SES173/SA173S27	SES180	-6.13938	-13.9278	-7.78846
BLOCK17/SES173/SA173S27	SES292	-5.52506	-13.3135	-7.78846
BLOCK17/SES173/SA173S29	SES162	-4.46344	-12.7243	-8.26085
BLOCK17/SES173/SA173S29	SES175	-4.20561	-12.4665	-8.26085
BLOCK17/SES173/SA173S29	SES177	-4.508	-12.7689	-8.26085
BLOCK17/SES173/SA173S29	SES292	-3.91524	-12.1761	-8.26085
BLOCK18/SES182/SA182S10	SES144	-7.20169	-14.3377	-7.13597
BLOCK18/SES182/SA182S10	SES177	-6.28418	-13.4201	-7.13597
BLOCK18/SES182/SA182S10	SES180	-7.18946	-14.3254	-7.13597
BLOCK18/SES182/SA182S10	SES275	-6.96249	-14.0985	-7.13597
BLOCK18/SES182/SA182S12	SES144	-7.13144	-14.1892	-7.05776
BLOCK18/SES182/SA182S12	SES177	-6.42296	-13.4807	-7.05776
BLOCK18/SES182/SA182S12	SES180	-7.31937	-14.3771	-7.05776
BLOCK18/SES182/SA182S12	SES275	-6.78539	-13.8432	-7.05776
BLOCK18/SES182/SA182S21	SES117	-6.0331	-14.7119	-8.67877
BLOCK18/SES182/SA182S21	SES144	-6.83082	-15.5096	-8.67877
BLOCK18/SES182/SA182S21	SES162	-5.96762	-14.6464	-8.67877
BLOCK18/SES182/SA182S21	SES180	-6.79059	-15.4694	-8.67877
BLOCK18/SES182/SA182S23	SES117	-7.06229	-16.0501	-8.98781
BLOCK18/SES182/SA182S23	SES144	-8.65702	-17.6448	-8.98781
BLOCK18/SES182/SA182S23	SES180	-8.49674	-17.4845	-8.98781
BLOCK18/SES182/SA182S23	SES275	-7.59039	-16.5782	-8.98781
BLOCK18/SES182/SA182S25	SES007	-6.48982	-14.6352	-8.14539
BLOCK18/SES182/SA182S25	SES162	-7.10013	-15.2455	-8.14539
BLOCK18/SES182/SA182S25	SES177	-6.57138	-14.7168	-8.14539
BLOCK18/SES182/SA182S25	SES180	-8.32691	-16.4723	-8.14539
BLOCK18/SES184/SA184S12	SES177	-4.6408	-12.3002	-7.65941
BLOCK18/SES184/SA184S12	SES180	-4.29934	-11.9588	-7.65941
BLOCK18/SES184/SA184S12	SES189	-5.03145	-12.6909	-7.65941
BLOCK18/SES184/SA184S12	SES292	-4.36648	-12.0259	-7.65941
BLOCK18/SES184/SA184S13	SES101	-4.08786	-12.0334	-7.94554
BLOCK18/SES184/SA184S13	SES177	-4.29097	-12.2365	-7.94554
BLOCK18/SES184/SA184S13	SES180	-3.98475	-11.9303	-7.94554
BLOCK18/SES184/SA184S13	SES292	-4.24877	-12.1943	-7.94554
BLOCK18/SES184/SA184S22	SES177	-4.39348	-12.6149	-8.22146
BLOCK18/SES184/SA184S22	SES180	-4.21661	-12.4381	-8.22146
BLOCK18/SES184/SA184S22	SES189	-5.13748	-13.3589	-8.22146
BLOCK18/SES184/SA184S22	SES292	-4.82111	-13.0426	-8.22146
BLOCK18/SES184/SA184S25	SES101	-4.44581	-12.1759	-7.73006
BLOCK18/SES184/SA184S25	SES177	-4.68253	-12.4126	-7.73006
BLOCK18/SES184/SA184S25	SES180	-4.34981	-12.0799	-7.73006
BLOCK18/SES184/SA184S25	SES292	-4.61751	-12.3476	-7.73006
BLOCK18/SES184/SA184S27	SES083	-4.08012	-11.8291	-7.74896
BLOCK18/SES184/SA184S27	SES177	-4.35205	-12.101	-7.74896
BLOCK18/SES184/SA184S27	SES202	-4.16578	-11.9147	-7.74896
BLOCK18/SES184/SA184S27	SES292	-4.0782	-11.8272	-7.74896
BLOCK20/SES204/SA204S12	SES062	-5.74921	-13.0661	-7.31686
BLOCK20/SES204/SA204S12	SES083	-5.96272	-13.2796	-7.31686
BLOCK20/SES204/SA204S12	SES206	-5.41936	-12.7362	-7.31686
BLOCK20/SES204/SA204S12	SES226	-5.74391	-13.0608	-7.31686
BLOCK20/SES204/SA204S14	SES068	-5.03695	-11.6697	-6.63272
BLOCK20/SES204/SA204S14	SES087	-4.37498	-11.0077	-6.63272
BLOCK20/SES204/SA204S14	SES206	-5.26726	-11.9	-6.63272
BLOCK20/SES204/SA204S14	SES226	-4.97534	-11.6081	-6.63272
BLOCK20/SES204/SA204S22	SES068	-5.18672	-12.3973	-7.21055
BLOCK20/SES204/SA204S22	SES082	-5.2545	-12.465	-7.21055
BLOCK20/SES204/SA204S22	SES083	-5.56402	-12.7746	-7.21055
BLOCK20/SES204/SA204S22	SES206	-5.46728	-12.6778	-7.21055
BLOCK20/SES204/SA204S25	SES062	-5.03354	-12.0636	-7.03007
BLOCK20/SES204/SA204S25	SES083	-5.19042	-12.2205	-7.03007
BLOCK20/SES204/SA204S25	SES206	-5.05018	-12.0802	-7.03007
BLOCK20/SES204/SA204S25	SES226	-5.10378	-12.1339	-7.03007
BLOCK20/SES204/SA204S27	SES068	-4.32409	-12.3523	-8.02819
BLOCK20/SES204/SA204S27	SES082	-4.12195	-12.1501	-8.02819
BLOCK20/SES204/SA204S27	SES087	-4.00501	-12.0332	-8.02819
BLOCK20/SES204/SA204S27	SES206	-4.54479	-12.573	-8.02819
BLOCK20/SES207/SA207S10	SES127	-4.70162	-12.3632	-7.66155
BLOCK20/SES207/SA207S10	SES183	-4.16513	-11.8267	-7.66155
BLOCK20/SES207/SA207S10	SES189	-4.67071	-12.3323	-7.66155
BLOCK20/SES207/SA207S10	SES292	-4.42127	-12.0828	-7.66155
BLOCK20/SES207/SA207S11	SES127	-3.75149	-12.3165	-8.56503
BLOCK20/SES207/SA207S11	SES183	-3.5088	-12.0738	-8.56503
BLOCK20/SES207/SA207S11	SES187	-3.4439	-12.0089	-8.56503
BLOCK20/SES207/SA207S11	SES292	-3.31326	-11.8783	-8.56503
BLOCK20/SES207/SA207S25	SES068	-4.21752	-12.7043	-8.48682
BLOCK20/SES207/SA207S25	SES083	-4.43925	-12.9261	-8.48682
BLOCK20/SES207/SA207S25	SES127	-4.48165	-12.9685	-8.48682
BLOCK20/SES207/SA207S25	SES187	-4.22854	-12.7154	-8.48682
BLOCK20/SES207/SA207S27	SES127	-4.06129	-12.5503	-8.48899
BLOCK20/SES207/SA207S27	SES183	-3.96753	-12.4565	-8.48899
BLOCK20/SES207/SA207S27	SES187	-3.82879	-12.3178	-8.48899
BLOCK20/SES207/SA207S27	SES292	-3.77716	-12.2661	-8.48899
BLOCK20/SES207/SA207S29	SES083	-4.20623	-12.2626	-8.05635
BLOCK20/SES207/SA207S29	SES085	-4.18178	-12.2381	-8.05635
BLOCK20/SES207/SA207S29	SES172	-3.57393	-11.6303	-8.05635
BLOCK20/SES207/SA207S29	SES189	-4.69007	-12.7464	-8.05635
BLOCK22/SES221/SA221S12	SES068	-5.21696	-12.3088	-7.09181
BLOCK22/SES221/SA221S12	SES143	-5.9046	-12.9964	-7.09181
BLOCK22/SES221/SA221S12	SES175	-5.5612	-12.653	-7.09181
BLOCK22/SES221/SA221S12	SES202	-5.37984	-12.4716	-7.09181
BLOCK22/SES221/SA221S15	SES085	-4.98902	-12.416	-7.42697
BLOCK22/SES221/SA221S15	SES143	-5.3951	-12.8221	-7.42697
BLOCK22/SES221/SA221S15	SES175	-5.07442	-12.5014	-7.42697
BLOCK22/SES221/SA221S15	SES187	-5.04615	-12.4731	-7.42697
BLOCK22/SES221/SA221S23	SES068	-4.95622	-12.248	-7.2918
BLOCK22/SES221/SA221S23	SES143	-5.54274	-12.8345	-7.2918
BLOCK22/SES221/SA221S23	SES175	-5.28763	-12.5794	-7.2918
BLOCK22/SES221/SA221S23	SES189	-5.78007	-13.0719	-7.2918
BLOCK22/SES221/SA221S27	SES085	-5.08683	-12.9297	-7.84283
BLOCK22/SES221/SA221S27	SES143	-5.6021	-13.4449	-7.84283
BLOCK22/SES221/SA221S27	SES175	-5.19894	-13.0418	-7.84283
BLOCK22/SES221/SA221S27	SES189	-5.45169	-13.2945	-7.84283
BLOCK22/SES221/SA221S29	SES085	-5.26001	-12.5437	-7.28372
BLOCK22/SES221/SA221S29	SES143	-5.8271	-13.1108	-7.28372
BLOCK22/SES221/SA221S29	SES175	-5.65171	-12.9354	-7.28372
BLOCK22/SES221/SA221S29	SES187	-5.89747	-13.1812	-7.28372
BLOCK22/SES223/SA223S11	SES143	-4.64873	-12.5432	-7.89452
BLOCK22/SES223/SA223S11	SES144	-4.82219	-12.7167	-7.89452
BLOCK22/SES223/SA223S11	SES175	-4.50992	-12.4044	-7.89452
BLOCK22/SES223/SA223S11	SES187	-4.59209	-12.4866	-7.89452
BLOCK22/SES223/SA223S13	SES068	-4.42011	-12.3608	-7.94064
BLOCK22/SES223/SA223S13	SES143	-5.06623	-13.0069	-7.94064
BLOCK22/SES223/SA223S13	SES146	-4.78919	-12.7298	-7.94064
BLOCK22/SES223/SA223S13	SES202	-4.56736	-12.508	-7.94064
BLOCK22/SES223/SA223S22	SES143	-5.1497	-12.6875	-7.53785
BLOCK22/SES223/SA223S22	SES144	-5.03583	-12.5737	-7.53785
BLOCK22/SES223/SA223S22	SES175	-4.93692	-12.4748	-7.53785
BLOCK22/SES223/SA223S22	SES187	-4.92389	-12.4617	-7.53785
BLOCK22/SES223/SA223S25	SES068	-6.4204	-14.1282	-7.70777
BLOCK22/SES223/SA223S25	SES143	-6.91265	-14.6204	-7.70777
BLOCK22/SES223/SA223S25	SES175	-6.33453	-14.0423	-7.70777
BLOCK22/SES223/SA223S25	SES187	-6.54035	-14.2481	-7.70777
BLOCK22/SES223/SA223S27	SES143	-4.96825	-13.2198	-8.25155
BLOCK22/SES223/SA223S27	SES146	-5.93415	-14.1857	-8.25155
BLOCK22/SES223/SA223S27	SES187	-5.16219	-13.4137	-8.25155
BLOCK22/SES223/SA223S27	SES292	-5.11817	-13.3697	-8.25155
BLOCK27/SES273/SA273S12	SES099	-5.59201	-13.2673	-7.67531
BLOCK27/SES273/SA273S12	SES104	-5.71287	-13.3882	-7.67531
BLOCK27/SES273/SA273S12	SES125	-5.75262	-13.4279	-7.67531
BLOCK27/SES273/SA273S12	SES206	-5.50145	-13.1768	-7.67531
BLOCK27/SES273/SA273S13	SES099	-6.57499	-13.8456	-7.27062
BLOCK27/SES273/SA273S13	SES104	-5.71178	-12.9824	-7.27062
BLOCK27/SES273/SA273S13	SES206	-6.23545	-13.5061	-7.27062
BLOCK27/SES273/SA273S13	SES292	-5.82372	-13.0943	-7.27062
BLOCK27/SES273/SA273S21	SES099	-4.55708	-12.637	-8.07989
BLOCK27/SES273/SA273S21	SES148	-5.36051	-13.4404	-8.07989
BLOCK27/SES273/SA273S21	SES149	-4.59409	-12.674	-8.07989
BLOCK27/SES273/SA273S21	SES177	-4.69707	-12.777	-8.07989
BLOCK27/SES273/SA273S25	SES104	-7.14221	-15.5829	-8.44065
BLOCK27/SES273/SA273S25	SES125	-7.16838	-15.609	-8.44065
BLOCK27/SES273/SA273S25	SES158	-6.42489	-14.8655	-8.44065
BLOCK27/SES273/SA273S25	SES206	-6.45354	-14.8942	-8.44065
BLOCK27/SES273/SA273S27	SES099	-6.37712	-13.0322	-6.65508
BLOCK27/SES273/SA273S27	SES104	-6.00166	-12.6567	-6.65508
BLOCK27/SES273/SA273S27	SES149	-6.18747	-12.8425	-6.65508
BLOCK27/SES273/SA273S27	SES275	-5.97113	-12.6262	-6.65508
BLOCK27/SES274/SA274S10	SES105	-4.50813	-11.4064	-6.89823
BLOCK27/SES274/SA274S10	SES125	-4.36075	-11.259	-6.89823
BLOCK27/SES274/SA274S10	SES129	-3.07999	-9.97821	-6.89823
BLOCK27/SES274/SA274S10	SES158	-4.98476	-11.883	-6.89823
BLOCK27/SES274/SA274S11	SES105	-5.31412	-12.1811	-6.86702
BLOCK27/SES274/SA274S11	SES149	-5.33085	-12.1979	-6.86702
BLOCK27/SES274/SA274S11	SES158	-5.56253	-12.4296	-6.86702
BLOCK27/SES274/SA274S11	SES275	-5.15355	-12.0206	-6.86702
BLOCK27/SES274/SA274S21	SES105	-4.78896	-11.8867	-7.09777
BLOCK27/SES274/SA274S21	SES129	-4.67883	-11.7766	-7.09777
BLOCK27/SES274/SA274S21	SES149	-4.80889	-11.9067	-7.09777
BLOCK27/SES274/SA274S21	SES158	-5.34995	-12.4477	-7.09777
BLOCK27/SES274/SA274S24	SES105	-4.11997	-12.1937	-8.07372
BLOCK27/SES274/SA274S24	SES129	-3.82611	-11.8998	-8.07372
BLOCK27/SES274/SA274S24	SES149	-4.21697	-12.2907	-8.07372
BLOCK27/SES274/SA274S24	SES158	-4.54217	-12.6159	-8.07372
BLOCK27/SES274/SA274S29	SES105	-5.50712	-12.9386	-7.43147
BLOCK27/SES274/SA274S29	SES106	-5.45354	-12.885	-7.43147
BLOCK27/SES274/SA274S29	SES120	-6.05005	-13.4815	-7.43147
BLOCK27/SES274/SA274S29	SES275	-5.34196	-12.7734	-7.43147
BLOCK27/SES276/SA276S16	SES148	-4.90558	-12.2143	-7.30876
BLOCK27/SES276/SA276S16	SES172	-4.07231	-11.3811	-7.30876
BLOCK27/SES276/SA276S16	SES180	-3.91421	-11.223	-7.30876
BLOCK27/SES276/SA276S16	SES292	-4.34332	-11.6521	-7.30876
BLOCK27/SES276/SA276S17	SES101	-3.65524	-11.4221	-7.76684
BLOCK27/SES276/SA276S17	SES177	-4.3351	-12.1019	-7.76684
BLOCK27/SES276/SA276S17	SES180	-3.85786	-11.6247	-7.76684
BLOCK27/SES276/SA276S17	SES292	-4.0418	-11.8086	-7.76684
BLOCK27/SES276/SA276S24	SES101	-4.95064	-11.9352	-6.98459
BLOCK27/SES276/SA276S24	SES177	-5.1191	-12.1037	-6.98459
BLOCK27/SES276/SA276S24	SES180	-5.08746	-12.072	-6.98459
BLOCK27/SES276/SA276S24	SES292	-5.39045	-12.375	-6.98459
BLOCK27/SES276/SA276S26	SES101	-4.43903	-11.3693	-6.93028
BLOCK27/SES276/SA276S26	SES177	-5.36095	-12.2912	-6.93028
BLOCK27/SES276/SA276S26	SES180	-4.74597	-11.6762	-6.93028
BLOCK27/SES276/SA276S26	SES292	-4.68797	-11.6182	-6.93028
BLOCK27/SES276/SA276S28	SES101	-3.65259	-10.9247	-7.27213
BLOCK27/SES276/SA276S28	SES177	-4.56929	-11.8414	-7.27213
BLOCK27/SES276/SA276S28	SES180	-3.69997	-10.9721	-7.27213
BLOCK27/SES276/SA276S28	SES292	-3.973	-11.2451	-7.27213
BLOCK27/SES277/SA277S12	SES101	-3.21275	-11.8177	-8.60496
BLOCK27/SES277/SA277S12	SES177	-3.74284	-12.3478	-8.60496
BLOCK27/SES277/SA277S12	SES180	-3.41324	-12.0182	-8.60496
BLOCK27/SES277/SA277S12	SES292	-3.49266	-12.0976	-8.60496
BLOCK27/SES277/SA277S14	SES177	-4.13419	-13.0071	-8.87292
BLOCK27/SES277/SA277S14	SES180	-4.05131	-12.9242	-8.87292
BLOCK27/SES277/SA277S14	SES189	-4.0504	-12.9233	-8.87292
BLOCK27/SES277/SA277S14	SES292	-3.90778	-12.7807	-8.87292
BLOCK27/SES277/SA277S21	SES177	-3.59646	-12.4139	-8.81742
BLOCK27/SES277/SA277S21	SES180	-3.24759	-12.065	-8.81742
BLOCK27/SES277/SA277S21	SES189	-3.71568	-12.5331	-8.81742
BLOCK27/SES277/SA277S21	SES292	-3.3642	-12.1816	-8.81742
BLOCK27/SES277/SA277S24	SES144	-3.02893	-12.1922	-9.16327
BLOCK27/SES277/SA277S24	SES177	-3.4747	-12.638	-9.16327
BLOCK27/SES277/SA277S24	SES180	-3.53578	-12.6991	-9.16327
BLOCK27/SES277/SA277S24	SES189	-3.56537	-12.7286	-9.16327
BLOCK27/SES277/SA277S29	SES177	-5.15642	-11.8127	-6.65631
BLOCK27/SES277/SA277S29	SES180	-4.60257	-11.2589	-6.65631
BLOCK27/SES277/SA277S29	SES202	-4.88286	-11.5392	-6.65631
BLOCK27/SES277/SA277S29	SES292	-5.07876	-11.7351	-6.65631
BLOCK27/SES279/SA279S09	SES120	-6.7161	-13.6331	-6.91698
BLOCK27/SES279/SA279S09	SES146	-6.35678	-13.2738	-6.91698
BLOCK27/SES279/SA279S09	SES206	-6.01795	-12.9349	-6.91698
BLOCK27/SES279/SA279S09	SES226	-6.26226	-13.1792	-6.91698
BLOCK27/SES279/SA279S10	SES099	-5.32145	-12.7716	-7.45013
BLOCK27/SES279/SA279S10	SES206	-5.47998	-12.9301	-7.45013
BLOCK27/SES279/SA279S10	SES226	-5.85061	-13.3007	-7.45013
BLOCK27/SES279/SA279S10	SES292	-5.65353	-13.1037	-7.45013
BLOCK27/SES279/SA279S20	SES099	-5.85088	-13.7598	-7.90887
BLOCK27/SES279/SA279S20	SES206	-5.81941	-13.7283	-7.90887
BLOCK27/SES279/SA279S20	SES226	-6.19452	-14.1034	-7.90887
BLOCK27/SES279/SA279S20	SES292	-6.21387	-14.1227	-7.90887
BLOCK27/SES279/SA279S26	SES099	-4.72517	-13.0932	-8.368
BLOCK27/SES279/SA279S26	SES206	-4.88937	-13.2574	-8.368
BLOCK27/SES279/SA279S26	SES226	-5.44826	-13.8163	-8.368
BLOCK27/SES279/SA279S26	SES292	-5.23337	-13.6014	-8.368
BLOCK27/SES279/SA279S28	SES099	-5.32793	-12.1595	-6.83155
BLOCK27/SES279/SA279S28	SES120	-6.30152	-13.1331	-6.83155
BLOCK27/SES279/SA279S28	SES177	-5.94228	-12.7738	-6.83155
BLOCK27/SES279/SA279S28	SES206	-5.49241	-12.324	-6.83155
BLOCK29/SES290/SA290S12	SES162	-5.67063	-11.7575	-6.08685
BLOCK29/SES290/SA290S12	SES177	-5.88003	-11.9669	-6.08685
BLOCK29/SES290/SA290S12	SES180	-5.82483	-11.9117	-6.08685
BLOCK29/SES290/SA290S12	SES292	-6.18057	-12.2674	-6.08685
BLOCK29/SES290/SA290S13	SES007	-5.20035	-11.9867	-6.78633
BLOCK29/SES290/SA290S13	SES162	-5.08672	-11.8731	-6.78633
BLOCK29/SES290/SA290S13	SES177	-5.09484	-11.8812	-6.78633
BLOCK29/SES290/SA290S13	SES180	-5.00538	-11.7917	-6.78633
BLOCK29/SES290/SA290S22	SES177	-5.07201	-12.0996	-7.02758
BLOCK29/SES290/SA290S22	SES180	-4.75574	-11.7833	-7.02758
BLOCK29/SES290/SA290S22	SES202	-4.82876	-11.8563	-7.02758
BLOCK29/SES290/SA290S22	SES292	-4.98909	-12.0167	-7.02758
BLOCK29/SES290/SA290S25	SES162	-5.65412	-12.6231	-6.96896
BLOCK29/SES290/SA290S25	SES177	-5.56274	-12.5317	-6.96896
BLOCK29/SES290/SA290S25	SES180	-5.60739	-12.5764	-6.96896
BLOCK29/SES290/SA290S25	SES292	-5.81671	-12.7857	-6.96896
BLOCK29/SES290/SA290S29	SES177	-6.22553	-12.7364	-6.51088
BLOCK29/SES290/SA290S29	SES180	-6.28865	-12.7995	-6.51088
BLOCK29/SES290/SA290S29	SES275	-5.78922	-12.3001	-6.51088
BLOCK29/SES290/SA290S29	SES292	-6.12336	-12.6342	-6.51088
BLOCK29/SES291/SA291S11	SES105	-5.17146	-13.49	-8.31859
BLOCK29/SES291/SA291S11	SES125	-4.96895	-13.2875	-8.31859
BLOCK29/SES291/SA291S11	SES158	-5.00684	-13.3254	-8.31859
BLOCK29/SES291/SA291S11	SES275	-5.27301	-13.5916	-8.31859
BLOCK29/SES291/SA291S12	SES158	-5.75071	-13.4672	-7.71648
BLOCK29/SES291/SA291S12	SES226	-7.01837	-14.7348	-7.71648
BLOCK29/SES291/SA291S12	SES270	-8.24686	-15.9633	-7.71648
BLOCK29/SES291/SA291S12	SES275	-6.87041	-14.5869	-7.71648
BLOCK29/SES291/SA291S22	SES082	-5.87951	-13.7656	-7.88605
BLOCK29/SES291/SA291S22	SES158	-5.82838	-13.7144	-7.88605
BLOCK29/SES291/SA291S22	SES259	-6.07316	-13.9592	-7.88605
BLOCK29/SES291/SA291S22	SES275	-6.25823	-14.1443	-7.88605
BLOCK29/SES291/SA291S24	SES104	-5.07328	-12.4511	-7.37785
BLOCK29/SES291/SA291S24	SES125	-5.2494	-12.6272	-7.37785
BLOCK29/SES291/SA291S24	SES158	-5.3953	-12.7731	-7.37785
BLOCK29/SES291/SA291S24	SES275	-5.60117	-12.979	-7.37785
BLOCK29/SES291/SA291S27	SES158	-5.39447	-12.853	-7.45854
BLOCK29/SES291/SA291S27	SES172	-5.50973	-12.9683	-7.45854
BLOCK29/SES291/SA291S27	SES275	-5.21632	-12.6749	-7.45854
BLOCK29/SES291/SA291S27	SES292	-5.35648	-12.815	-7.45854
Threshold search:
THR	-13.58681141608	9	0(0)	1(1000)
THR	-13.4726505019192	8.991	0(0)	0.999(999)
THR	-13.3584895877584	8.991	0(0)	0.999(999)
THR	-13.2443286735976	8.991	0(0)	0.999(999)
THR	-13.1301677594368	8.991	0(0)	0.999(999)
THR	-13.016006845276	8.991	0(0)	0.999(999)
THR	-12.9018459311152	8.991	0(0)	0.999(999)
THR	-12.7876850169544	8.991	0(0)	0.999(999)
THR	-12.6735241027936	8.991	0(0)	0.999(999)
THR	-12.5593631886328	8.991	0(0)	0.999(999)
THR	-12.445202274472	8.991	0(0)	0.999(999)
THR	-12.3310413603112	8.991	0(0)	0.999(999)
THR	-12.2168804461504	8.991	0(0)	0.999(999)
THR	-12.1027195319896	8.991	0(0)	0.999(999)
THR	-11.9885586178288	8.991	0(0)	0.999(999)
THR	-11.874397703668	8.991	0(0)	0.999(999)
THR	-11.7602367895072	8.991	0(0)	0.999(999)
THR	-11.6460758753464	8.991	0(0)	0.999(999)
THR	-11.5319149611856	8.991	0(0)	0.999(999)
THR	-11.4177540470248	8.991	0(0)	0.999(999)
THR	-11.303593132864	8.991	0(0)	0.999(999)
THR	-11.1894322187032	8.991	0(0)	0.999(999)
THR	-11.0752713045424	8.991	0(0)	0.999(999)
THR	-10.9611103903816	8.991	0(0)	0.999(999)
THR	-10.8469494762208	8.991	0(0)	0.999(999)
THR	-10.73278856206	8.991	0(0)	0.999(999)
THR	-10.6186276478992	8.991	0(0)	0.999(999)
THR	-10.5044667337384	8.991	0(0)	0.999(999)
THR	-10.3903058195776	8.991	0(0)	0.999(999)
THR	-10.2761449054168	8.982	0(0)	0.998(998)
THR	-10.161983991256	8.982	0(0)	0.998(998)
THR	-10.0478230770952	8.982	0(0)	0.998(998)
THR	-9.93366216293439	8.982	0(0)	0.998(998)
THR	-9.81950124877359	8.973	0(0)	0.997(997)
THR	-9.70534033461279	8.973	0(0)	0.997(997)
THR	-9.59117942045198	8.973	0(0)	0.997(997)
THR	-9.47701850629118	8.973	0(0)	0.997(997)
THR	-9.36285759213038	8.973	0(0)	0.997(997)
THR	-9.24869667796958	8.964	0(0)	0.996(996)
THR	-9.13453576380878	8.964	0(0)	0.996(996)
THR	-9.02037484964798	8.964	0(0)	0.996(996)
THR	-8.90621393548718	8.964	0(0)	0.996(996)
THR	-8.79205302132638	8.946	0(0)	0.994(994)
THR	-8.67789210716558	8.937	0(0)	0.993(993)
THR	-8.56373119300478	8.928	0(0)	0.992(992)
THR	-8.44957027884398	8.91	0(0)	0.99(990)
THR	-8.33540936468318	8.892	0(0)	0.988(988)
THR	-8.22124845052238	8.856	0(0)	0.984(984)
THR	-8.10708753636158	8.829	0(0)	0.981(981)
THR	-7.99292662220078	8.802	0(0)	0.978(978)
THR	-7.87876570803998	8.766	0(0)	0.974(974)
THR	-7.76460479387918	8.748	0(0)	0.972(972)
THR	-7.65044387971838	8.739	0(0)	0.971(971)
THR	-7.53628296555758	8.703	0(0)	0.967(967)
THR	-7.42212205139678	8.689	0.004(1)	0.965(965)
THR	-7.30796113723598	8.662	0.004(1)	0.962(962)
THR	-7.19380022307518	8.635	0.004(1)	0.959(959)
THR	-7.07963930891438	8.545	0.004(1)	0.949(949)
THR	-6.96547839475357	8.49	0.012(3)	0.942(942)
THR	-6.85131748059277	8.431	0.016(4)	0.935(935)
THR	-6.73715656643197	8.358	0.024(6)	0.926(926)
THR	-6.62299565227117	8.295	0.024(6)	0.919(919)
THR	-6.50883473811037	8.253	0.036(9)	0.913(913)
THR	-6.39467382394957	8.152	0.052(13)	0.9(900)
THR	-6.28051290978877	8.029	0.064(16)	0.885(885)
THR	-6.16635199562797	7.808	0.068(17)	0.86(860)
THR	-6.05219108146717	7.603	0.088(22)	0.835(835)
THR	-5.93803016730637	7.318	0.1(25)	0.802(802)
THR	-5.82386925314557	7.064	0.116(29)	0.772(772)
THR	-5.70970833898477	6.749	0.152(38)	0.733(733)
THR	-5.59554742482397	6.485	0.176(44)	0.701(701)
THR	-5.48138651066317	6.173	0.224(56)	0.661(661)
THR	-5.36722559650237	5.98	0.292(73)	0.632(632)
THR	-5.25306468234157	5.715	0.324(81)	0.599(599)
THR	-5.13890376818077	5.412	0.372(93)	0.56(560)
THR	-5.02474285401997	5.087	0.416(104)	0.519(519)
THR	-4.91058193985917	4.749	0.456(114)	0.477(477)
THR	-4.79642102569837	4.45	0.508(127)	0.438(438)
THR	-4.68226011153757	4.107	0.552(138)	0.395(395)
THR	-4.56809919737677	3.834	0.576(144)	0.362(362)
THR	-4.45393828321597	3.602	0.632(158)	0.33(330)
THR	-4.33977736905516	3.322	0.676(169)	0.294(294)
THR	-4.22561645489436	2.999	0.704(176)	0.255(255)
THR	-4.11145554073356	2.729	0.74(185)	0.221(221)
THR	-3.99729462657276	2.442	0.768(192)	0.186(186)
THR	-3.88313371241196	2.218	0.796(199)	0.158(158)
THR	-3.76897279825116	2.012	0.824(206)	0.132(132)
THR	-3.65481188409036	1.783	0.856(214)	0.103(103)
THR	-3.54065096992956	1.592	0.872(218)	0.08(80)
THR	-3.42649005576876	1.399	0.904(226)	0.055(55)
THR	-3.31232914160796	1.28	0.92(230)	0.04(40)
THR	-3.19816822744716	1.153	0.928(232)	0.025(25)
THR	-3.08400731328636	1.076	0.932(233)	0.016(16)
THR	-2.96984639912556	1.034	0.944(236)	0.01(10)
THR	-2.85568548496476	1.01	0.956(239)	0.006(6)
THR	-2.74152457080396	0.991	0.964(241)	0.003(3)
THR	-2.62736365664316	1.011	0.984(246)	0.003(3)
THR	-2.51320274248236	1.006	0.988(247)	0.002(2)
THR	-2.39904182832156	0.996	0.996(249)	0(0)
THR	-2.28488091416076	0.996	0.996(249)	0(0)
THR	-2.17071999999996	1	1(250)	0(0)


==============================================
THR: -2.74152457080396
Missed:     241/250=0.9640
FalseAlarm: 3/1000=0.0030
----------------------------------------------
==> CostDetection: 99.1
==============================================
