BLOCK00/SES002/SA002S12	SES002	0.568405	-51.0975	-51.6659
BLOCK00/SES002/SA002S13	SES002	0.108788	-52.1468	-52.2556
BLOCK00/SES002/SA002S23	SES002	0.373055	-51.1799	-51.553
BLOCK00/SES002/SA002S26	SES002	0.708443	-51.0778	-51.7862
BLOCK00/SES002/SA002S28	SES002	0.348522	-52.0656	-52.4142
BLOCK00/SES007/SA007S14	SES007	0.238697	-51.3958	-51.6345
BLOCK00/SES007/SA007S15	SES007	0.0725136	-52.6682	-52.7407
BLOCK00/SES007/SA007S24	SES007	0.190147	-52.6912	-52.8813
BLOCK00/SES007/SA007S27	SES007	0.0618477	-52.8915	-52.9533
BLOCK00/SES007/SA007S29	SES007	-0.25576	-52.1982	-51.9424
BLOCK00/SES008/SA008S11	SES008	0.753853	-51.9639	-52.7178
BLOCK00/SES008/SA008S12	SES008	0.606636	-52.0041	-52.6108
BLOCK00/SES008/SA008S19	SES008	1.28315	-51.5274	-52.8106
BLOCK00/SES008/SA008S22	SES008	0.514824	-52.4836	-52.9984
BLOCK00/SES008/SA008S29	SES008	0.922497	-51.5896	-52.512
BLOCK01/SES014/SA014S10	SES014	0.991371	-52.0883	-53.0797
BLOCK01/SES014/SA014S12	SES014	1.7575	-49.534	-51.2915
BLOCK01/SES014/SA014S24	SES014	0.995621	-50.7225	-51.7181
BLOCK01/SES014/SA014S26	SES014	1.48545	-48.894	-50.3794
BLOCK01/SES014/SA014S28	SES014	0.751488	-50.5952	-51.3467
BLOCK01/SES016/SA016S12	SES016	0.24493	-54.1184	-54.3634
BLOCK01/SES016/SA016S13	SES016	0.343887	-53.0512	-53.3951
BLOCK01/SES016/SA016S22	SES016	-0.0707092	-53.4965	-53.4257
BLOCK01/SES016/SA016S25	SES016	0.172577	-51.1948	-51.3674
BLOCK01/SES016/SA016S27	SES016	0.852417	-50.7667	-51.6191
BLOCK01/SES019/SA019S13	SES019	1.7534	-52.108	-53.8614
BLOCK01/SES019/SA019S14	SES019	1.14499	-52.1795	-53.3245
BLOCK01/SES019/SA019S22	SES019	1.57256	-51.7681	-53.3407
BLOCK01/SES019/SA019S25	SES019	1.08234	-52.4356	-53.5179
BLOCK01/SES019/SA019S29	SES019	1.88747	-51.9581	-53.8456
BLOCK02/SES029/SA029S11	SES029	0.261093	-52.293	-52.5541
BLOCK02/SES029/SA029S12	SES029	0.297432	-52.0876	-52.3851
BLOCK02/SES029/SA029S20	SES029	-0.442963	-53.8463	-53.4034
BLOCK02/SES029/SA029S25	SES029	0.048481	-51.9819	-52.0304
BLOCK02/SES029/SA029S28	SES029	0.18404	-52.311	-52.495
BLOCK04/SES042/SA042S12	SES042	0.649849	-51.0318	-51.6816
BLOCK04/SES042/SA042S15	SES042	0.89262	-51.3447	-52.2373
BLOCK04/SES042/SA042S22	SES042	1.68278	-49.4395	-51.1222
BLOCK04/SES042/SA042S25	SES042	1.3498	-51.3664	-52.7162
BLOCK04/SES042/SA042S27	SES042	0.938118	-50.3363	-51.2744
BLOCK04/SES048/SA048S11	SES048	0.750099	-51.5381	-52.2882
BLOCK04/SES048/SA048S12	SES048	0.165375	-51.9326	-52.0979
BLOCK04/SES048/SA048S20	SES048	-0.0621071	-51.782	-51.7199
BLOCK04/SES048/SA048S23	SES048	0.371906	-52.3351	-52.7071
BLOCK04/SES048/SA048S27	SES048	0.295731	-51.2682	-51.5639
BLOCK06/SES060/SA060S11	SES060	0.110115	-52.7161	-52.8262
BLOCK06/SES060/SA060S12	SES060	-1.17059	-54.1748	-53.0042
BLOCK06/SES060/SA060S22	SES060	-0.279072	-53.8362	-53.5572
BLOCK06/SES060/SA060S24	SES060	-0.169613	-52.4642	-52.2946
BLOCK06/SES060/SA060S28	SES060	0.00698471	-50.5758	-50.5828
BLOCK06/SES062/SA062S10	SES062	0.108807	-51.9472	-52.056
BLOCK06/SES062/SA062S11	SES062	0.874977	-51.6678	-52.5428
BLOCK06/SES062/SA062S21	SES062	0.688694	-49.8525	-50.5411
BLOCK06/SES062/SA062S26	SES062	-0.205063	-51.3923	-51.1873
BLOCK06/SES062/SA062S29	SES062	0.623756	-50.7107	-51.3345
BLOCK06/SES068/SA068S14	SES068	0.0362968	-52.5279	-52.5642
BLOCK06/SES068/SA068S15	SES068	0.553047	-51.2466	-51.7996
BLOCK06/SES068/SA068S23	SES068	0.294533	-52.9561	-53.2506
BLOCK06/SES068/SA068S27	SES068	0.72559	-51.3991	-52.1247
BLOCK06/SES068/SA068S29	SES068	0.447094	-51.6529	-52.1
BLOCK08/SES082/SA082S12	SES082	0.542667	-52.6521	-53.1948
BLOCK08/SES082/SA082S14	SES082	-0.0904007	-53.24	-53.1496
BLOCK08/SES082/SA082S21	SES082	0.131226	-52.5665	-52.6977
BLOCK08/SES082/SA082S24	SES082	-0.240768	-52.2891	-52.0483
BLOCK08/SES082/SA082S28	SES082	-0.656971	-53.245	-52.588
BLOCK08/SES083/SA083S14	SES083	-0.872486	-53.0608	-52.1883
BLOCK08/SES083/SA083S15	SES083	-0.486465	-52.4673	-51.9809
BLOCK08/SES083/SA083S24	SES083	-0.419636	-52.7128	-52.2931
BLOCK08/SES083/SA083S26	SES083	-0.293056	-52.5759	-52.2829
BLOCK08/SES083/SA083S29	SES083	-0.712803	-52.7756	-52.0628
BLOCK08/SES085/SA085S10	SES085	-0.259651	-52.2938	-52.0342
BLOCK08/SES085/SA085S13	SES085	-0.0134697	-53.0452	-53.0318
BLOCK08/SES085/SA085S22	SES085	-2.5481	-55.11	-52.5619
BLOCK08/SES085/SA085S26	SES085	-0.410233	-52.9217	-52.5114
BLOCK08/SES085/SA085S28	SES085	0.436775	-52.2369	-52.6737
BLOCK08/SES087/SA087S15	SES087	0.827847	-51.7317	-52.5596
BLOCK08/SES087/SA087S16	SES087	0.612934	-51.9305	-52.5434
BLOCK08/SES087/SA087S24	SES087	0.581688	-51.833	-52.4147
BLOCK08/SES087/SA087S26	SES087	0.482777	-50.7796	-51.2624
BLOCK08/SES087/SA087S29	SES087	0.507545	-52.2513	-52.7589
BLOCK09/SES099/SA099S15	SES099	0.511925	-52.5586	-53.0705
BLOCK09/SES099/SA099S16	SES099	-0.0656776	-52.3099	-52.2442
BLOCK09/SES099/SA099S24	SES099	0.517101	-51.568	-52.0851
BLOCK09/SES099/SA099S26	SES099	0.485382	-51.5752	-52.0606
BLOCK09/SES099/SA099S29	SES099	0.343548	-51.6509	-51.9945
BLOCK10/SES101/SA101S11	SES101	-0.0137749	-51.8573	-51.8435
BLOCK10/SES101/SA101S13	SES101	-0.335087	-52.2475	-51.9124
BLOCK10/SES101/SA101S22	SES101	-0.0963326	-53.2359	-53.1396
BLOCK10/SES101/SA101S24	SES101	0.317528	-52.2221	-52.5396
BLOCK10/SES101/SA101S28	SES101	-1.23789	-54.0197	-52.7818
BLOCK10/SES104/SA104S11	SES104	0.413219	-50.6323	-51.0455
BLOCK10/SES104/SA104S12	SES104	0.262829	-51.3122	-51.575
BLOCK10/SES104/SA104S21	SES104	0.380238	-51.7162	-52.0964
BLOCK10/SES104/SA104S24	SES104	0.418526	-51.8958	-52.3143
BLOCK10/SES104/SA104S28	SES104	0.796204	-51.1905	-51.9867
BLOCK10/SES105/SA105S12	SES105	0.116478	-53.3227	-53.4392
BLOCK10/SES105/SA105S13	SES105	-0.092247	-53.2117	-53.1194
BLOCK10/SES105/SA105S22	SES105	-0.236008	-53.6585	-53.4225
BLOCK10/SES105/SA105S26	SES105	0.0668259	-53.1057	-53.1725
BLOCK10/SES105/SA105S29	SES105	-0.362961	-53.2802	-52.9172
BLOCK10/SES106/SA106S09	SES106	0.066288	-53.1387	-53.205
BLOCK10/SES106/SA106S11	SES106	0.458389	-51.4236	-51.882
BLOCK10/SES106/SA106S22	SES106	0.684711	-52.3818	-53.0665
BLOCK10/SES106/SA106S27	SES106	0.680649	-52.1216	-52.8022
BLOCK10/SES106/SA106S29	SES106	0.397041	-51.6416	-52.0387
BLOCK11/SES117/SA117S12	SES117	-0.262901	-53.571	-53.3081
BLOCK11/SES117/SA117S13	SES117	-0.647079	-53.2823	-52.6352
BLOCK11/SES117/SA117S23	SES117	0.773609	-54.027	-54.8006
BLOCK11/SES117/SA117S25	SES117	0.270054	-53.5388	-53.8088
BLOCK11/SES117/SA117S28	SES117	0.198383	-53.9754	-54.1738
BLOCK12/SES120/SA120S08	SES120	0.987011	-53.714	-54.701
BLOCK12/SES120/SA120S11	SES120	0.936867	-54.2212	-55.1581
BLOCK12/SES120/SA120S22	SES120	0.228794	-52.3792	-52.608
BLOCK12/SES120/SA120S24	SES120	-0.183876	-53.2939	-53.1101
BLOCK12/SES120/SA120S28	SES120	0.564133	-53.866	-54.4301
BLOCK12/SES125/SA125S13	SES125	0.771755	-51.0697	-51.8415
BLOCK12/SES125/SA125S14	SES125	0.358952	-51.7338	-52.0928
BLOCK12/SES125/SA125S25	SES125	1.34106	-50.8327	-52.1738
BLOCK12/SES125/SA125S27	SES125	1.09909	-50.5604	-51.6595
BLOCK12/SES125/SA125S29	SES125	1.10614	-51.1392	-52.2453
BLOCK12/SES127/SA127S11	SES127	0.2925	-52.8066	-53.0991
BLOCK12/SES127/SA127S12	SES127	-0.652485	-52.6376	-51.9851
BLOCK12/SES127/SA127S23	SES127	-0.127411	-52.7228	-52.5954
BLOCK12/SES127/SA127S25	SES127	-0.920628	-53.6801	-52.7595
BLOCK12/SES127/SA127S27	SES127	-0.0995483	-52.5382	-52.4386
BLOCK12/SES129/SA129S11	SES129	0.885845	-51.3741	-52.26
BLOCK12/SES129/SA129S12	SES129	0.750614	-51.2405	-51.9911
BLOCK12/SES129/SA129S22	SES129	0.530422	-51.7656	-52.296
BLOCK12/SES129/SA129S27	SES129	0.726856	-51.2225	-51.9493
BLOCK12/SES129/SA129S29	SES129	0.698135	-51.0959	-51.794
BLOCK14/SES142/SA142S11	SES142	1.27018	-52.6952	-53.9654
BLOCK14/SES142/SA142S12	SES142	0.692921	-53.3958	-54.0888
BLOCK14/SES142/SA142S24	SES142	1.57825	-52.3659	-53.9442
BLOCK14/SES142/SA142S27	SES142	1.65562	-52.0575	-53.7131
BLOCK14/SES142/SA142S29	SES142	1.6193	-51.6124	-53.2317
BLOCK14/SES143/SA143S12	SES143	0.476273	-53.1579	-53.6341
BLOCK14/SES143/SA143S13	SES143	-0.115082	-53.4731	-53.3581
BLOCK14/SES143/SA143S23	SES143	-0.0977287	-53.6262	-53.5285
BLOCK14/SES143/SA143S25	SES143	-0.408527	-53.5502	-53.1417
BLOCK14/SES143/SA143S28	SES143	-0.103348	-52.7413	-52.638
BLOCK14/SES144/SA144S09	SES144	0.525463	-52.3909	-52.9164
BLOCK14/SES144/SA144S11	SES144	-0.0138855	-53.3746	-53.3607
BLOCK14/SES144/SA144S21	SES144	-0.0808067	-53.0171	-52.9363
BLOCK14/SES144/SA144S25	SES144	0.118835	-53.256	-53.3749
BLOCK14/SES144/SA144S29	SES144	-0.107613	-52.791	-52.6834
BLOCK14/SES146/SA146S14	SES146	0.0951385	-53.2922	-53.3873
BLOCK14/SES146/SA146S15	SES146	-0.201244	-53.4254	-53.2242
BLOCK14/SES146/SA146S24	SES146	-0.142292	-53.1291	-52.9868
BLOCK14/SES146/SA146S26	SES146	0.0968704	-53.5673	-53.6642
BLOCK14/SES146/SA146S29	SES146	-0.323593	-53.9593	-53.6357
BLOCK14/SES147/SA147S11	SES147	0.503231	-53.6805	-54.1838
BLOCK14/SES147/SA147S13	SES147	0.96545	-52.3022	-53.2676
BLOCK14/SES147/SA147S23	SES147	0.449921	-53.6458	-54.0957
BLOCK14/SES147/SA147S26	SES147	0.723461	-53.1363	-53.8598
BLOCK14/SES147/SA147S28	SES147	1.23331	-52.1924	-53.4257
BLOCK14/SES148/SA148S10	SES148	0.490662	-52.0428	-52.5335
BLOCK14/SES148/SA148S12	SES148	0.115196	-53.0794	-53.1946
BLOCK14/SES148/SA148S22	SES148	0.109158	-51.8695	-51.9786
BLOCK14/SES148/SA148S26	SES148	-0.260422	-52.4859	-52.2255
BLOCK14/SES148/SA148S29	SES148	0.0777702	-52.8054	-52.8832
BLOCK14/SES149/SA149S13	SES149	0.263924	-52.1003	-52.3642
BLOCK14/SES149/SA149S14	SES149	0.0215111	-51.6494	-51.6709
BLOCK14/SES149/SA149S24	SES149	0.460217	-51.922	-52.3822
BLOCK14/SES149/SA149S26	SES149	1.05694	-51.352	-52.4089
BLOCK14/SES149/SA149S28	SES149	1.65513	-50.7709	-52.426
BLOCK15/SES158/SA158S13	SES158	0.486973	-52.545	-53.032
BLOCK15/SES158/SA158S14	SES158	0.811901	-52.4201	-53.232
BLOCK15/SES158/SA158S23	SES158	0.179054	-52.3014	-52.4805
BLOCK15/SES158/SA158S26	SES158	0.964897	-52.1831	-53.148
BLOCK15/SES158/SA158S28	SES158	0.0241852	-52.6991	-52.7233
BLOCK16/SES162/SA162S10	SES162	-0.0579147	-53.6997	-53.6417
BLOCK16/SES162/SA162S11	SES162	0.0626488	-52.8546	-52.9172
BLOCK16/SES162/SA162S21	SES162	0.743099	-52.7516	-53.4947
BLOCK16/SES162/SA162S24	SES162	0.275047	-53.0389	-53.314
BLOCK16/SES162/SA162S27	SES162	0.281975	-53.385	-53.6669
BLOCK16/SES167/SA167S14	SES167	0.496075	-51.5053	-52.0014
BLOCK16/SES167/SA167S15	SES167	0.28648	-52.7995	-53.086
BLOCK16/SES167/SA167S21	SES167	0.193058	-51.7984	-51.9915
BLOCK16/SES167/SA167S25	SES167	0.615433	-52.6329	-53.2484
BLOCK16/SES167/SA167S29	SES167	0.942963	-51.2036	-52.1466
BLOCK17/SES172/SA172S12	SES172	0.0447807	-53.1438	-53.1886
BLOCK17/SES172/SA172S13	SES172	0.388512	-53.6015	-53.99
BLOCK17/SES172/SA172S23	SES172	-0.52269	-52.2342	-51.7115
BLOCK17/SES172/SA172S27	SES172	0.177963	-52.9643	-53.1423
BLOCK17/SES172/SA172S29	SES172	0.12944	-52.9461	-53.0755
BLOCK17/SES175/SA175S11	SES175	0.295368	-52.9921	-53.2874
BLOCK17/SES175/SA175S13	SES175	0.493214	-52.5194	-53.0126
BLOCK17/SES175/SA175S23	SES175	0.747639	-52.7418	-53.4894
BLOCK17/SES175/SA175S25	SES175	0.0965576	-54.195	-54.2916
BLOCK17/SES175/SA175S28	SES175	0.304115	-52.5863	-52.8904
BLOCK17/SES177/SA177S15	SES177	-0.0476189	-52.8444	-52.7968
BLOCK17/SES177/SA177S17	SES177	-0.236191	-52.7502	-52.514
BLOCK17/SES177/SA177S23	SES177	-0.23962	-53.2316	-52.992
BLOCK17/SES177/SA177S26	SES177	-0.162525	-51.2891	-51.1266
BLOCK17/SES177/SA177S28	SES177	-0.172691	-52.0859	-51.9132
BLOCK18/SES180/SA180S13	SES180	0.0857925	-52.9984	-53.0842
BLOCK18/SES180/SA180S15	SES180	0.182449	-53.2079	-53.3903
BLOCK18/SES180/SA180S24	SES180	-0.090992	-51.7799	-51.6889
BLOCK18/SES180/SA180S26	SES180	0.116562	-52.5015	-52.618
BLOCK18/SES180/SA180S29	SES180	0.459293	-53.0842	-53.5434
BLOCK18/SES183/SA183S13	SES183	0.16222	-53.5009	-53.6631
BLOCK18/SES183/SA183S14	SES183	0.0546455	-53.243	-53.2977
BLOCK18/SES183/SA183S24	SES183	0.327778	-53.6038	-53.9316
BLOCK18/SES183/SA183S27	SES183	0.558765	-52.6321	-53.1908
BLOCK18/SES183/SA183S29	SES183	0.483994	-52.3652	-52.8491
BLOCK18/SES187/SA187S13	SES187	-0.741467	-54.4834	-53.7419
BLOCK18/SES187/SA187S14	SES187	-0.196884	-53.9118	-53.7149
BLOCK18/SES187/SA187S24	SES187	-0.059845	-53.3682	-53.3084
BLOCK18/SES187/SA187S27	SES187	-0.00386429	-53.2668	-53.263
BLOCK18/SES187/SA187S29	SES187	-0.170082	-53.6137	-53.4436
BLOCK18/SES189/SA189S10	SES189	0.423584	-55.3398	-55.7634
BLOCK18/SES189/SA189S13	SES189	0.860474	-55.6177	-56.4781
BLOCK18/SES189/SA189S24	SES189	0.467999	-55.1402	-55.6082
BLOCK18/SES189/SA189S26	SES189	0.163578	-54.3563	-54.5198
BLOCK18/SES189/SA189S29	SES189	0.394009	-54.4586	-54.8526
BLOCK20/SES202/SA202S12	SES202	1.25716	-53.6118	-54.8689
BLOCK20/SES202/SA202S14	SES202	1.94681	-51.8638	-53.8106
BLOCK20/SES202/SA202S24	SES202	0.752438	-53.1676	-53.9201
BLOCK20/SES202/SA202S27	SES202	0.754784	-51.806	-52.5608
BLOCK20/SES202/SA202S29	SES202	1.22636	-51.9759	-53.2023
BLOCK20/SES206/SA206S15	SES206	-0.468033	-51.815	-51.347
BLOCK20/SES206/SA206S17	SES206	0.571072	-50.994	-51.5651
BLOCK20/SES206/SA206S24	SES206	0.344238	-51.0727	-51.4169
BLOCK20/SES206/SA206S27	SES206	0.230705	-51.8175	-52.0482
BLOCK20/SES206/SA206S29	SES206	0.565662	-50.4423	-51.0079
BLOCK22/SES226/SA226S12	SES226	0.564159	-52.2947	-52.8588
BLOCK22/SES226/SA226S13	SES226	-0.387264	-52.6027	-52.2154
BLOCK22/SES226/SA226S20	SES226	0.101986	-52.6122	-52.7142
BLOCK22/SES226/SA226S23	SES226	0.240059	-52.0123	-52.2523
BLOCK22/SES226/SA226S28	SES226	0.806473	-51.4073	-52.2138
BLOCK25/SES259/SA259S13	SES259	1.37546	-50.9871	-52.3626
BLOCK25/SES259/SA259S14	SES259	1.02846	-51.4551	-52.4836
BLOCK25/SES259/SA259S22	SES259	0.87421	-51.4367	-52.3109
BLOCK25/SES259/SA259S24	SES259	1.05642	-50.432	-51.4884
BLOCK25/SES259/SA259S28	SES259	0.969421	-50.5747	-51.5442
BLOCK27/SES270/SA270S14	SES270	0.979301	-52.5226	-53.5019
BLOCK27/SES270/SA270S16	SES270	0.0424194	-52.5502	-52.5926
BLOCK27/SES270/SA270S22	SES270	0.954346	-52.0761	-53.0304
BLOCK27/SES270/SA270S26	SES270	0.655197	-53.0381	-53.6933
BLOCK27/SES270/SA270S28	SES270	-0.183918	-52.3031	-52.1192
BLOCK27/SES275/SA275S17	SES275	0.418789	-53.0411	-53.4599
BLOCK27/SES275/SA275S18	SES275	-0.495289	-53.3876	-52.8923
BLOCK27/SES275/SA275S24	SES275	0.232456	-53.8418	-54.0742
BLOCK27/SES275/SA275S26	SES275	0.304832	-52.4088	-52.7137
BLOCK27/SES275/SA275S28	SES275	-0.409737	-52.7627	-52.353
BLOCK29/SES292/SA292S10	SES292	-0.610138	-53.5965	-52.9864
BLOCK29/SES292/SA292S12	SES292	-0.676933	-54.2867	-53.6097
BLOCK29/SES292/SA292S22	SES292	-0.309479	-52.8057	-52.4962
BLOCK29/SES292/SA292S24	SES292	-0.744434	-53.0558	-52.3114
BLOCK29/SES292/SA292S27	SES292	-0.984406	-52.8332	-51.8488
BLOCK00/SES001/SA001S14	SES062	-1.19709	-54.4754	-53.2783
BLOCK00/SES001/SA001S14	SES082	-1.24232	-54.5206	-53.2783
BLOCK00/SES001/SA001S14	SES106	-2.16398	-55.4423	-53.2783
BLOCK00/SES001/SA001S14	SES206	-2.57021	-55.8485	-53.2783
BLOCK00/SES001/SA001S15	SES062	-1.65783	-53.5608	-51.9029
BLOCK00/SES001/SA001S15	SES104	-2.05424	-53.9572	-51.9029
BLOCK00/SES001/SA001S15	SES106	-2.11282	-54.0158	-51.9029
BLOCK00/SES001/SA001S15	SES206	-2.94762	-54.8506	-51.9029
BLOCK00/SES001/SA001S24	SES062	-2.49957	-55.6612	-53.1617
BLOCK00/SES001/SA001S24	SES082	-1.43943	-54.6011	-53.1617
BLOCK00/SES001/SA001S24	SES087	-1.69255	-54.8542	-53.1617
BLOCK00/SES001/SA001S24	SES206	-1.37242	-54.5341	-53.1617
BLOCK00/SES001/SA001S27	SES062	-1.7963	-53.5096	-51.7133
BLOCK00/SES001/SA001S27	SES082	-1.02806	-52.7414	-51.7133
BLOCK00/SES001/SA001S27	SES087	-1.90547	-53.6188	-51.7133
BLOCK00/SES001/SA001S27	SES206	-1.89143	-53.6048	-51.7133
BLOCK00/SES001/SA001S29	SES062	-2.04781	-55.2487	-53.2009
BLOCK00/SES001/SA001S29	SES082	-1.46094	-54.6618	-53.2009
BLOCK00/SES001/SA001S29	SES158	-1.19007	-54.391	-53.2009
BLOCK00/SES001/SA001S29	SES206	-3.36215	-56.5631	-53.2009
BLOCK00/SES003/SA003S11	SES002	-0.837727	-53.2791	-52.4414
BLOCK00/SES003/SA003S11	SES019	-1.01989	-53.4613	-52.4414
BLOCK00/SES003/SA003S11	SES082	-0.334202	-52.7756	-52.4414
BLOCK00/SES003/SA003S11	SES125	-1.15913	-53.6005	-52.4414
BLOCK00/SES003/SA003S15	SES016	-2.80462	-54.8526	-52.048
BLOCK00/SES003/SA003S15	SES019	-0.882915	-52.9309	-52.048
BLOCK00/SES003/SA003S15	SES062	-2.27056	-54.3186	-52.048
BLOCK00/SES003/SA003S15	SES206	-0.537033	-52.585	-52.048
BLOCK00/SES003/SA003S22	SES002	-1.72426	-53.976	-52.2518
BLOCK00/SES003/SA003S22	SES062	-2.23752	-54.4893	-52.2518
BLOCK00/SES003/SA003S22	SES082	-1.00866	-53.2604	-52.2518
BLOCK00/SES003/SA003S22	SES087	-1.85169	-54.1035	-52.2518
BLOCK00/SES003/SA003S25	SES062	-3.40844	-56.0898	-52.6814
BLOCK00/SES003/SA003S25	SES082	-0.94994	-53.6313	-52.6814
BLOCK00/SES003/SA003S25	SES087	-1.84811	-54.5295	-52.6814
BLOCK00/SES003/SA003S25	SES206	-1.78218	-54.4636	-52.6814
BLOCK00/SES003/SA003S29	SES002	-1.45435	-53.9675	-52.5132
BLOCK00/SES003/SA003S29	SES062	-1.89107	-54.4042	-52.5132
BLOCK00/SES003/SA003S29	SES082	-0.436325	-52.9495	-52.5132
BLOCK00/SES003/SA003S29	SES087	-1.10923	-53.6224	-52.5132
BLOCK00/SES004/SA004S12	SES083	-1.27373	-54.9909	-53.7171
BLOCK00/SES004/SA004S12	SES148	-1.51125	-55.2284	-53.7171
BLOCK00/SES004/SA004S12	SES172	-1.32133	-55.0385	-53.7171
BLOCK00/SES004/SA004S12	SES292	-2.14907	-55.8662	-53.7171
BLOCK00/SES004/SA004S17	SES083	-1.09119	-54.8586	-53.7674
BLOCK00/SES004/SA004S17	SES162	-1.02892	-54.7963	-53.7674
BLOCK00/SES004/SA004S17	SES172	-1.47292	-55.2403	-53.7674
BLOCK00/SES004/SA004S17	SES292	-1.60564	-55.373	-53.7674
BLOCK00/SES004/SA004S24	SES083	-1.14572	-54.3453	-53.1996
BLOCK00/SES004/SA004S24	SES148	-1.7906	-54.9902	-53.1996
BLOCK00/SES004/SA004S24	SES172	-1.24728	-54.4469	-53.1996
BLOCK00/SES004/SA004S24	SES292	-1.40846	-54.6081	-53.1996
BLOCK00/SES004/SA004S26	SES083	-0.971523	-53.6341	-52.6626
BLOCK00/SES004/SA004S26	SES127	-1.54935	-54.2119	-52.6626
BLOCK00/SES004/SA004S26	SES148	-2.12001	-54.7826	-52.6626
BLOCK00/SES004/SA004S26	SES292	-2.2123	-54.8749	-52.6626
BLOCK00/SES004/SA004S28	SES083	-1.52225	-53.7685	-52.2462
BLOCK00/SES004/SA004S28	SES127	-2.14562	-54.3918	-52.2462
BLOCK00/SES004/SA004S28	SES187	-1.23601	-53.4822	-52.2462
BLOCK00/SES004/SA004S28	SES292	-2.9065	-55.1527	-52.2462
BLOCK00/SES006/SA006S10	SES014	-1.18577	-55.4642	-54.2784
BLOCK00/SES006/SA006S10	SES158	-0.412788	-54.6912	-54.2784
BLOCK00/SES006/SA006S10	SES226	-2.44532	-56.7237	-54.2784
BLOCK00/SES006/SA006S10	SES270	-0.193199	-54.4716	-54.2784
BLOCK00/SES006/SA006S11	SES158	0.0431213	-54.1446	-54.1877
BLOCK00/SES006/SA006S11	SES226	-1.27355	-55.4612	-54.1877
BLOCK00/SES006/SA006S11	SES270	0.00312042	-54.1846	-54.1877
BLOCK00/SES006/SA006S11	SES275	-2.43041	-56.6181	-54.1877
BLOCK00/SES006/SA006S23	SES062	-2.57636	-55.5465	-52.9701
BLOCK00/SES006/SA006S23	SES105	-1.97572	-54.9459	-52.9701
BLOCK00/SES006/SA006S23	SES158	-0.342602	-53.3128	-52.9701
BLOCK00/SES006/SA006S23	SES275	-1.66344	-54.6336	-52.9701
BLOCK00/SES006/SA006S26	SES104	-0.469879	-53.2996	-52.8297
BLOCK00/SES006/SA006S26	SES158	0.334679	-52.495	-52.8297
BLOCK00/SES006/SA006S26	SES270	0.489937	-52.3398	-52.8297
BLOCK00/SES006/SA006S26	SES275	-1.90701	-54.7367	-52.8297
BLOCK00/SES006/SA006S28	SES007	-2.0149	-56.0509	-54.036
BLOCK00/SES006/SA006S28	SES105	-1.80375	-55.8397	-54.036
BLOCK00/SES006/SA006S28	SES158	-0.25499	-54.291	-54.036
BLOCK00/SES006/SA006S28	SES275	-2.07745	-56.1134	-54.036
BLOCK00/SES009/SA009S12	SES083	-1.26551	-53.5551	-52.2896
BLOCK00/SES009/SA009S12	SES148	-0.879921	-53.1696	-52.2896
BLOCK00/SES009/SA009S12	SES177	-1.33956	-53.6292	-52.2896
BLOCK00/SES009/SA009S12	SES292	-0.657124	-52.9468	-52.2896
BLOCK00/SES009/SA009S15	SES007	0.19606	-51.54	-51.736
BLOCK00/SES009/SA009S15	SES099	-7.14825	-58.8843	-51.736
BLOCK00/SES009/SA009S15	SES148	-1.13282	-52.8689	-51.736
BLOCK00/SES009/SA009S15	SES172	-0.963047	-52.6991	-51.736
BLOCK00/SES009/SA009S24	SES146	-1.11174	-53.2896	-52.1779
BLOCK00/SES009/SA009S24	SES148	-1.10032	-53.2782	-52.1779
BLOCK00/SES009/SA009S24	SES177	-1.21753	-53.3954	-52.1779
BLOCK00/SES009/SA009S24	SES292	-0.834599	-53.0125	-52.1779
BLOCK00/SES009/SA009S26	SES083	-1.4322	-54.0184	-52.5862
BLOCK00/SES009/SA009S26	SES101	-0.95805	-53.5443	-52.5862
BLOCK00/SES009/SA009S26	SES120	-0.549503	-53.1357	-52.5862
BLOCK00/SES009/SA009S26	SES177	-1.48778	-54.074	-52.5862
BLOCK00/SES009/SA009S29	SES083	-1.0135	-52.9986	-51.9851
BLOCK00/SES009/SA009S29	SES101	-0.794304	-52.7794	-51.9851
BLOCK00/SES009/SA009S29	SES177	-1.23989	-53.2249	-51.9851
BLOCK00/SES009/SA009S29	SES292	-0.567276	-52.5523	-51.9851
BLOCK01/SES011/SA011S10	SES019	-0.799316	-52.9761	-52.1768
BLOCK01/SES011/SA011S10	SES042	-0.51519	-52.692	-52.1768
BLOCK01/SES011/SA011S10	SES082	-1.54343	-53.7202	-52.1768
BLOCK01/SES011/SA011S10	SES206	-0.108631	-52.2854	-52.1768
BLOCK01/SES011/SA011S11	SES019	-1.28549	-54.2983	-53.0129
BLOCK01/SES011/SA011S11	SES042	-1.0272	-54.0401	-53.0129
BLOCK01/SES011/SA011S11	SES082	-1.89716	-54.91	-53.0129
BLOCK01/SES011/SA011S11	SES206	-0.26693	-53.2798	-53.0129
BLOCK01/SES011/SA011S22	SES019	-0.371387	-53.303	-52.9316
BLOCK01/SES011/SA011S22	SES042	-0.333164	-53.2648	-52.9316
BLOCK01/SES011/SA011S22	SES082	-0.742905	-53.6745	-52.9316
BLOCK01/SES011/SA011S22	SES206	-0.222252	-53.1539	-52.9316
BLOCK01/SES011/SA011S24	SES019	-0.554111	-52.6923	-52.1382
BLOCK01/SES011/SA011S24	SES042	-0.40345	-52.5417	-52.1382
BLOCK01/SES011/SA011S24	SES104	-0.822197	-52.9604	-52.1382
BLOCK01/SES011/SA011S24	SES206	0.121124	-52.0171	-52.1382
BLOCK01/SES011/SA011S27	SES082	-0.31321	-52.4943	-52.1811
BLOCK01/SES011/SA011S27	SES087	-0.967419	-53.1485	-52.1811
BLOCK01/SES011/SA011S27	SES125	-0.380322	-52.5614	-52.1811
BLOCK01/SES011/SA011S27	SES206	-0.530125	-52.7112	-52.1811
BLOCK01/SES012/SA012S11	SES007	-2.84093	-53.8158	-50.9749
BLOCK01/SES012/SA012S11	SES082	-0.772778	-51.7476	-50.9749
BLOCK01/SES012/SA012S11	SES083	-2.83156	-53.8064	-50.9749
BLOCK01/SES012/SA012S11	SES206	-0.463909	-51.4388	-50.9749
BLOCK01/SES012/SA012S14	SES082	-0.618057	-52.5027	-51.8847
BLOCK01/SES012/SA012S14	SES087	-0.972416	-52.8571	-51.8847
BLOCK01/SES012/SA012S14	SES206	-0.626808	-52.5115	-51.8847
BLOCK01/SES012/SA012S14	SES292	-2.69466	-54.5793	-51.8847
BLOCK01/SES012/SA012S24	SES082	0.0790138	-52.6671	-52.7462
BLOCK01/SES012/SA012S24	SES087	-0.547764	-53.2939	-52.7462
BLOCK01/SES012/SA012S24	SES120	-2.94688	-55.693	-52.7462
BLOCK01/SES012/SA012S24	SES206	-0.425911	-53.1721	-52.7462
BLOCK01/SES012/SA012S26	SES019	-1.7557	-53.346	-51.5903
BLOCK01/SES012/SA012S26	SES082	-0.81052	-52.4008	-51.5903
BLOCK01/SES012/SA012S26	SES206	-0.1231	-51.7134	-51.5903
BLOCK01/SES012/SA012S26	SES292	-2.66312	-54.2534	-51.5903
BLOCK01/SES012/SA012S29	SES062	-2.73017	-54.3078	-51.5777
BLOCK01/SES012/SA012S29	SES082	-0.755184	-52.3329	-51.5777
BLOCK01/SES012/SA012S29	SES083	-2.64168	-54.2194	-51.5777
BLOCK01/SES012/SA012S29	SES206	-0.475239	-52.0529	-51.5777
BLOCK01/SES013/SA013S16	SES062	-3.87845	-56.0177	-52.1393
BLOCK01/SES013/SA013S16	SES106	-0.602959	-52.7423	-52.1393
BLOCK01/SES013/SA013S16	SES206	-0.768726	-52.908	-52.1393
BLOCK01/SES013/SA013S16	SES226	-0.786957	-52.9263	-52.1393
BLOCK01/SES013/SA013S17	SES062	-3.27856	-54.6686	-51.39
BLOCK01/SES013/SA013S17	SES106	-0.915466	-52.3055	-51.39
BLOCK01/SES013/SA013S17	SES206	0.101906	-51.2881	-51.39
BLOCK01/SES013/SA013S17	SES226	-0.267838	-51.6579	-51.39
BLOCK01/SES013/SA013S23	SES104	-0.880169	-53.2151	-52.3349
BLOCK01/SES013/SA013S23	SES106	-0.514469	-52.8494	-52.3349
BLOCK01/SES013/SA013S23	SES206	-0.583164	-52.9181	-52.3349
BLOCK01/SES013/SA013S23	SES270	-0.0674782	-52.4024	-52.3349
BLOCK01/SES013/SA013S25	SES042	-0.587833	-52.0972	-51.5093
BLOCK01/SES013/SA013S25	SES104	-0.888039	-52.3974	-51.5093
BLOCK01/SES013/SA013S25	SES106	-0.0305023	-51.5398	-51.5093
BLOCK01/SES013/SA013S25	SES206	-0.431988	-51.9413	-51.5093
BLOCK01/SES013/SA013S29	SES062	-4.13235	-56.0638	-51.9314
BLOCK01/SES013/SA013S29	SES104	-1.07735	-53.0088	-51.9314
BLOCK01/SES013/SA013S29	SES106	-0.41571	-52.3472	-51.9314
BLOCK01/SES013/SA013S29	SES206	-1.05262	-52.9841	-51.9314
BLOCK02/SES021/SA021S13	SES016	-2.54219	-54.384	-51.8418
BLOCK02/SES021/SA021S13	SES029	-2.23591	-54.0777	-51.8418
BLOCK02/SES021/SA021S13	SES087	-1.23156	-53.0733	-51.8418
BLOCK02/SES021/SA021S13	SES206	-0.744232	-52.586	-51.8418
BLOCK02/SES021/SA021S15	SES087	-0.902706	-51.3279	-50.4252
BLOCK02/SES021/SA021S15	SES125	-0.716995	-51.1422	-50.4252
BLOCK02/SES021/SA021S15	SES206	-0.0382614	-50.4634	-50.4252
BLOCK02/SES021/SA021S15	SES226	-0.987656	-51.4128	-50.4252
BLOCK02/SES021/SA021S23	SES062	-3.50048	-55.9708	-52.4703
BLOCK02/SES021/SA021S23	SES087	-1.54496	-54.0153	-52.4703
BLOCK02/SES021/SA021S23	SES206	-1.39196	-53.8623	-52.4703
BLOCK02/SES021/SA021S23	SES226	-1.06758	-53.5379	-52.4703
BLOCK02/SES021/SA021S27	SES002	-2.09745	-53.2182	-51.1207
BLOCK02/SES021/SA021S27	SES016	-3.83752	-54.9582	-51.1207
BLOCK02/SES021/SA021S27	SES019	-1.72954	-52.8502	-51.1207
BLOCK02/SES021/SA021S27	SES062	-2.74035	-53.8611	-51.1207
BLOCK02/SES021/SA021S29	SES087	-1.48111	-52.4743	-50.9932
BLOCK02/SES021/SA021S29	SES125	-0.961121	-51.9543	-50.9932
BLOCK02/SES021/SA021S29	SES206	-1.23953	-52.2327	-50.9932
BLOCK02/SES021/SA021S29	SES226	-1.915	-52.9082	-50.9932
BLOCK04/SES043/SA043S09	SES083	-1.31112	-55.1254	-53.8143
BLOCK04/SES043/SA043S09	SES101	-2.0972	-55.9115	-53.8143
BLOCK04/SES043/SA043S09	SES144	-0.730457	-54.5448	-53.8143
BLOCK04/SES043/SA043S09	SES172	-2.38889	-56.2032	-53.8143
BLOCK04/SES043/SA043S11	SES083	-0.750923	-53.1016	-52.3507
BLOCK04/SES043/SA043S11	SES101	-0.921055	-53.2718	-52.3507
BLOCK04/SES043/SA043S11	SES144	-0.450001	-52.8007	-52.3507
BLOCK04/SES043/SA043S11	SES172	-0.88121	-53.2319	-52.3507
BLOCK04/SES043/SA043S23	SES083	-0.572968	-53.5095	-52.9366
BLOCK04/SES043/SA043S23	SES144	-0.389702	-53.3263	-52.9366
BLOCK04/SES043/SA043S23	SES177	-1.38163	-54.3182	-52.9366
BLOCK04/SES043/SA043S23	SES275	-0.721836	-53.6584	-52.9366
BLOCK04/SES043/SA043S26	SES083	-0.336155	-53.2562	-52.9201
BLOCK04/SES043/SA043S26	SES101	-0.905975	-53.826	-52.9201
BLOCK04/SES043/SA043S26	SES144	-0.167854	-53.0879	-52.9201
BLOCK04/SES043/SA043S26	SES177	-0.821354	-53.7414	-52.9201
BLOCK04/SES043/SA043S28	SES016	-0.247978	-52.5256	-52.2776
BLOCK04/SES043/SA043S28	SES083	-0.202553	-52.4802	-52.2776
BLOCK04/SES043/SA043S28	SES101	-0.500854	-52.7785	-52.2776
BLOCK04/SES043/SA043S28	SES144	-0.67907	-52.9567	-52.2776
BLOCK04/SES044/SA044S10	SES127	-1.16442	-56.8937	-55.7292
BLOCK04/SES044/SA044S10	SES144	0.157524	-55.5717	-55.7292
BLOCK04/SES044/SA044S10	SES147	-2.0959	-57.8251	-55.7292
BLOCK04/SES044/SA044S10	SES148	-0.88961	-56.6188	-55.7292
BLOCK04/SES044/SA044S11	SES101	-1.17553	-55.7326	-54.5571
BLOCK04/SES044/SA044S11	SES144	-0.39817	-54.9552	-54.5571
BLOCK04/SES044/SA044S11	SES147	-2.10886	-56.6659	-54.5571
BLOCK04/SES044/SA044S11	SES177	-1.25574	-55.8128	-54.5571
BLOCK04/SES044/SA044S24	SES007	-0.902409	-54.9053	-54.0029
BLOCK04/SES044/SA044S24	SES101	-0.446499	-54.4494	-54.0029
BLOCK04/SES044/SA044S24	SES147	-2.05587	-56.0588	-54.0029
BLOCK04/SES044/SA044S24	SES177	-0.880341	-54.8833	-54.0029
BLOCK04/SES044/SA044S26	SES007	-1.2149	-54.3188	-53.1039
BLOCK04/SES044/SA044S26	SES016	-0.528469	-53.6324	-53.1039
BLOCK04/SES044/SA044S26	SES101	-1.05409	-54.158	-53.1039
BLOCK04/SES044/SA044S26	SES147	-0.915695	-54.0196	-53.1039
BLOCK04/SES044/SA044S29	SES007	-0.694649	-53.6512	-52.9566
BLOCK04/SES044/SA044S29	SES101	-0.00601578	-52.9626	-52.9566
BLOCK04/SES044/SA044S29	SES147	-1.17073	-54.1273	-52.9566
BLOCK04/SES044/SA044S29	SES177	-0.86277	-53.8193	-52.9566
BLOCK04/SES046/SA046S13	SES101	-2.83889	-56.6408	-53.8019
BLOCK04/SES046/SA046S13	SES144	-1.38305	-55.185	-53.8019
BLOCK04/SES046/SA046S13	SES147	-2.81995	-56.6219	-53.8019
BLOCK04/SES046/SA046S13	SES177	-1.46611	-55.268	-53.8019
BLOCK04/SES046/SA046S15	SES048	-2.09616	-54.4167	-52.3205
BLOCK04/SES046/SA046S15	SES083	-1.04389	-53.3644	-52.3205
BLOCK04/SES046/SA046S15	SES120	-1.61217	-53.9327	-52.3205
BLOCK04/SES046/SA046S15	SES148	-1.23954	-53.56	-52.3205
BLOCK04/SES046/SA046S22	SES101	-1.32866	-54.7813	-53.4527
BLOCK04/SES046/SA046S22	SES144	-1.3121	-54.7648	-53.4527
BLOCK04/SES046/SA046S22	SES147	-1.42329	-54.876	-53.4527
BLOCK04/SES046/SA046S22	SES172	-1.11621	-54.5689	-53.4527
BLOCK04/SES046/SA046S25	SES083	-1.38129	-54.3896	-53.0083
BLOCK04/SES046/SA046S25	SES127	-1.00075	-54.009	-53.0083
BLOCK04/SES046/SA046S25	SES144	-1.89044	-54.8987	-53.0083
BLOCK04/SES046/SA046S25	SES148	-1.27491	-54.2832	-53.0083
BLOCK04/SES046/SA046S28	SES007	-2.18394	-55.8864	-53.7025
BLOCK04/SES046/SA046S28	SES105	-2.00379	-55.7063	-53.7025
BLOCK04/SES046/SA046S28	SES147	-2.55642	-56.2589	-53.7025
BLOCK04/SES046/SA046S28	SES148	-1.08476	-54.7872	-53.7025
BLOCK04/SES049/SA049S16	SES104	-0.771439	-53.8544	-53.0829
BLOCK04/SES049/SA049S16	SES106	-1.11715	-54.2001	-53.0829
BLOCK04/SES049/SA049S16	SES120	-3.46644	-56.5494	-53.0829
BLOCK04/SES049/SA049S16	SES206	-1.08944	-54.1724	-53.0829
BLOCK04/SES049/SA049S18	SES099	-0.376404	-54.6106	-54.2342
BLOCK04/SES049/SA049S18	SES104	-1.1313	-55.3655	-54.2342
BLOCK04/SES049/SA049S18	SES125	-1.46121	-55.6954	-54.2342
BLOCK04/SES049/SA049S18	SES206	-0.586796	-54.821	-54.2342
BLOCK04/SES049/SA049S25	SES087	-0.628826	-53.5216	-52.8928
BLOCK04/SES049/SA049S25	SES104	-0.924397	-53.8172	-52.8928
BLOCK04/SES049/SA049S25	SES125	-1.51466	-54.4074	-52.8928
BLOCK04/SES049/SA049S25	SES206	-0.812431	-53.7052	-52.8928
BLOCK04/SES049/SA049S27	SES099	-0.622459	-53.2635	-52.641
BLOCK04/SES049/SA049S27	SES104	-0.191132	-52.8321	-52.641
BLOCK04/SES049/SA049S27	SES125	-1.13694	-53.7779	-52.641
BLOCK04/SES049/SA049S27	SES206	-0.445538	-53.0865	-52.641
BLOCK04/SES049/SA049S29	SES099	-0.911533	-52.7349	-51.8234
BLOCK04/SES049/SA049S29	SES104	-0.505127	-52.3285	-51.8234
BLOCK04/SES049/SA049S29	SES125	-1.12659	-52.95	-51.8234
BLOCK04/SES049/SA049S29	SES206	-0.245808	-52.0692	-51.8234
BLOCK06/SES063/SA063S09	SES068	-1.64724	-54.3194	-52.6722
BLOCK06/SES063/SA063S09	SES083	-1.05492	-53.7271	-52.6722
BLOCK06/SES063/SA063S09	SES177	-0.926266	-53.5984	-52.6722
BLOCK06/SES063/SA063S09	SES187	-1.20621	-53.8784	-52.6722
BLOCK06/SES063/SA063S10	SES068	-1.06926	-54.4599	-53.3907
BLOCK06/SES063/SA063S10	SES083	-0.032856	-53.4235	-53.3907
BLOCK06/SES063/SA063S10	SES172	0.344841	-53.0458	-53.3907
BLOCK06/SES063/SA063S10	SES187	-0.673397	-54.0641	-53.3907
BLOCK06/SES063/SA063S20	SES068	-1.67228	-55.0638	-53.3916
BLOCK06/SES063/SA063S20	SES083	-0.695004	-54.0866	-53.3916
BLOCK06/SES063/SA063S20	SES172	-0.716312	-54.1079	-53.3916
BLOCK06/SES063/SA063S20	SES187	0.155552	-53.236	-53.3916
BLOCK06/SES063/SA063S24	SES029	-1.48473	-53.6966	-52.2119
BLOCK06/SES063/SA063S24	SES083	-0.352161	-52.5641	-52.2119
BLOCK06/SES063/SA063S24	SES177	-0.386917	-52.5988	-52.2119
BLOCK06/SES063/SA063S24	SES189	-1.18274	-53.3946	-52.2119
BLOCK06/SES063/SA063S27	SES083	0.123238	-53.6723	-53.7955
BLOCK06/SES063/SA063S27	SES172	0.170776	-53.6247	-53.7955
BLOCK06/SES063/SA063S27	SES187	-0.91013	-54.7056	-53.7955
BLOCK06/SES063/SA063S27	SES292	-1.35437	-55.1499	-53.7955
BLOCK06/SES067/SA067S12	SES083	-0.807625	-53.4375	-52.6299
BLOCK06/SES067/SA067S12	SES172	-1.69843	-54.3283	-52.6299
BLOCK06/SES067/SA067S12	SES202	0.111832	-52.5181	-52.6299
BLOCK06/SES067/SA067S12	SES292	-2.17926	-54.8092	-52.6299
BLOCK06/SES067/SA067S14	SES085	-0.995785	-52.952	-51.9562
BLOCK06/SES067/SA067S14	SES177	-0.698296	-52.6545	-51.9562
BLOCK06/SES067/SA067S14	SES183	-1.22472	-53.1809	-51.9562
BLOCK06/SES067/SA067S14	SES202	-0.0849876	-52.0412	-51.9562
BLOCK06/SES067/SA067S21	SES144	-0.485241	-54.4452	-53.96
BLOCK06/SES067/SA067S21	SES177	-0.44883	-54.4088	-53.96
BLOCK06/SES067/SA067S21	SES183	-1.90722	-55.8672	-53.96
BLOCK06/SES067/SA067S21	SES189	-0.310825	-54.2708	-53.96
BLOCK06/SES067/SA067S25	SES085	-0.528496	-53.3193	-52.7908
BLOCK06/SES067/SA067S25	SES177	-0.324436	-53.1152	-52.7908
BLOCK06/SES067/SA067S25	SES183	-1.29177	-54.0826	-52.7908
BLOCK06/SES067/SA067S25	SES202	0.197403	-52.5934	-52.7908
BLOCK06/SES067/SA067S29	SES085	-0.0443611	-52.934	-52.8896
BLOCK06/SES067/SA067S29	SES177	-0.303417	-53.193	-52.8896
BLOCK06/SES067/SA067S29	SES183	-0.636223	-53.5258	-52.8896
BLOCK06/SES067/SA067S29	SES202	0.557373	-52.3322	-52.8896
BLOCK06/SES069/SA069S12	SES029	-1.92613	-53.9647	-52.0386
BLOCK06/SES069/SA069S12	SES082	-0.457035	-52.4956	-52.0386
BLOCK06/SES069/SA069S12	SES087	-1.46805	-53.5067	-52.0386
BLOCK06/SES069/SA069S12	SES206	-0.956718	-52.9953	-52.0386
BLOCK06/SES069/SA069S13	SES029	-2.37024	-54.393	-52.0228
BLOCK06/SES069/SA069S13	SES087	-1.64296	-53.6658	-52.0228
BLOCK06/SES069/SA069S13	SES206	-1.69194	-53.7148	-52.0228
BLOCK06/SES069/SA069S13	SES226	-1.22424	-53.2471	-52.0228
BLOCK06/SES069/SA069S23	SES029	-2.17444	-52.7879	-50.6134
BLOCK06/SES069/SA069S23	SES087	-1.81766	-52.4311	-50.6134
BLOCK06/SES069/SA069S23	SES206	-1.61645	-52.2299	-50.6134
BLOCK06/SES069/SA069S23	SES226	-0.983456	-51.5969	-50.6134
BLOCK06/SES069/SA069S25	SES087	-0.989765	-52.0324	-51.0427
BLOCK06/SES069/SA069S25	SES206	-1.03608	-52.0788	-51.0427
BLOCK06/SES069/SA069S25	SES226	-0.501888	-51.5446	-51.0427
BLOCK06/SES069/SA069S25	SES270	-1.28977	-52.3324	-51.0427
BLOCK06/SES069/SA069S27	SES087	-1.41377	-52.3982	-50.9845
BLOCK06/SES069/SA069S27	SES206	-0.776039	-51.7605	-50.9845
BLOCK06/SES069/SA069S27	SES226	-0.523621	-51.5081	-50.9845
BLOCK06/SES069/SA069S27	SES270	-1.23999	-52.2245	-50.9845
BLOCK08/SES081/SA081S11	SES060	-1.34058	-54.3365	-52.9959
BLOCK08/SES081/SA081S11	SES062	-2.22418	-55.2201	-52.9959
BLOCK08/SES081/SA081S11	SES117	-2.07784	-55.0738	-52.9959
BLOCK08/SES081/SA081S11	SES162	-1.18031	-54.1762	-52.9959
BLOCK08/SES081/SA081S13	SES016	-0.514526	-52.2777	-51.7631
BLOCK08/SES081/SA081S13	SES060	-0.187172	-51.9503	-51.7631
BLOCK08/SES081/SA081S13	SES068	-0.266644	-52.0298	-51.7631
BLOCK08/SES081/SA081S13	SES129	-1.54082	-53.3039	-51.7631
BLOCK08/SES081/SA081S24	SES060	-0.325146	-52.8664	-52.5413
BLOCK08/SES081/SA081S24	SES068	-0.419212	-52.9605	-52.5413
BLOCK08/SES081/SA081S24	SES117	-1.54095	-54.0822	-52.5413
BLOCK08/SES081/SA081S24	SES275	-1.47655	-54.0178	-52.5413
BLOCK08/SES081/SA081S27	SES007	-1.2936	-53.8273	-52.5337
BLOCK08/SES081/SA081S27	SES060	-1.40667	-53.9403	-52.5337
BLOCK08/SES081/SA081S27	SES117	-1.28705	-53.8207	-52.5337
BLOCK08/SES081/SA081S27	SES275	-1.6669	-54.2006	-52.5337
BLOCK08/SES081/SA081S29	SES007	-0.944107	-53.0656	-52.1215
BLOCK08/SES081/SA081S29	SES060	-0.695187	-52.8167	-52.1215
BLOCK08/SES081/SA081S29	SES117	-1.48345	-53.605	-52.1215
BLOCK08/SES081/SA081S29	SES275	-1.38644	-53.508	-52.1215
BLOCK08/SES086/SA086S11	SES029	-4.26205	-57.8607	-53.5987
BLOCK08/SES086/SA086S11	SES082	-0.689423	-54.2881	-53.5987
BLOCK08/SES086/SA086S11	SES087	-0.151138	-53.7498	-53.5987
BLOCK08/SES086/SA086S11	SES206	-0.767002	-54.3657	-53.5987
BLOCK08/SES086/SA086S12	SES029	-3.57329	-56.7362	-53.1629
BLOCK08/SES086/SA086S12	SES082	-1.05049	-54.2134	-53.1629
BLOCK08/SES086/SA086S12	SES087	0.216515	-52.9464	-53.1629
BLOCK08/SES086/SA086S12	SES206	-0.531544	-53.6944	-53.1629
BLOCK08/SES086/SA086S20	SES029	-3.88853	-55.6533	-51.7647
BLOCK08/SES086/SA086S20	SES082	-0.846039	-52.6108	-51.7647
BLOCK08/SES086/SA086S20	SES087	-0.234688	-51.9994	-51.7647
BLOCK08/SES086/SA086S20	SES206	-0.0132065	-51.7779	-51.7647
BLOCK08/SES086/SA086S24	SES087	0.148819	-52.6569	-52.8057
BLOCK08/SES086/SA086S24	SES104	-0.56955	-53.3753	-52.8057
BLOCK08/SES086/SA086S24	SES120	-3.06708	-55.8728	-52.8057
BLOCK08/SES086/SA086S24	SES206	0.0530701	-52.7527	-52.8057
BLOCK08/SES086/SA086S28	SES029	-3.10739	-54.8687	-51.7613
BLOCK08/SES086/SA086S28	SES082	-0.642799	-52.4041	-51.7613
BLOCK08/SES086/SA086S28	SES087	-0.208744	-51.9701	-51.7613
BLOCK08/SES086/SA086S28	SES206	-0.146019	-51.9073	-51.7613
BLOCK08/SES089/SA089S13	SES087	-1.81591	-54.2592	-52.4433
BLOCK08/SES089/SA089S13	SES206	-1.7902	-54.2335	-52.4433
BLOCK08/SES089/SA089S13	SES226	-1.35738	-53.8006	-52.4433
BLOCK08/SES089/SA089S13	SES270	-1.73885	-54.1821	-52.4433
BLOCK08/SES089/SA089S14	SES062	-2.06314	-54.4664	-52.4033
BLOCK08/SES089/SA089S14	SES087	-0.174969	-52.5783	-52.4033
BLOCK08/SES089/SA089S14	SES206	-0.340637	-52.7439	-52.4033
BLOCK08/SES089/SA089S14	SES226	-0.346848	-52.7502	-52.4033
BLOCK08/SES089/SA089S23	SES087	-1.18743	-54.4486	-53.2612
BLOCK08/SES089/SA089S23	SES206	-1.46259	-54.7237	-53.2612
BLOCK08/SES089/SA089S23	SES226	-0.999008	-54.2602	-53.2612
BLOCK08/SES089/SA089S23	SES270	-1.56832	-54.8295	-53.2612
BLOCK08/SES089/SA089S25	SES062	-2.80458	-55.0865	-52.2819
BLOCK08/SES089/SA089S25	SES087	-1.0594	-53.3413	-52.2819
BLOCK08/SES089/SA089S25	SES206	-1.01993	-53.3018	-52.2819
BLOCK08/SES089/SA089S25	SES226	-0.292969	-52.5749	-52.2819
BLOCK08/SES089/SA089S28	SES062	-2.5394	-54.8776	-52.3382
BLOCK08/SES089/SA089S28	SES087	-0.975697	-53.3139	-52.3382
BLOCK08/SES089/SA089S28	SES206	-0.885693	-53.2239	-52.3382
BLOCK08/SES089/SA089S28	SES226	-0.660618	-52.9988	-52.3382
BLOCK09/SES097/SA097S11	SES099	-0.878181	-53.8698	-52.9916
BLOCK09/SES097/SA097S11	SES125	-0.748974	-53.7406	-52.9916
BLOCK09/SES097/SA097S11	SES206	-1.01808	-54.0097	-52.9916
BLOCK09/SES097/SA097S11	SES226	-0.542042	-53.5337	-52.9916
BLOCK09/SES097/SA097S14	SES062	-2.84146	-55.4669	-52.6254
BLOCK09/SES097/SA097S14	SES099	-0.741138	-53.3666	-52.6254
BLOCK09/SES097/SA097S14	SES104	-0.703979	-53.3294	-52.6254
BLOCK09/SES097/SA097S14	SES206	-0.84798	-53.4734	-52.6254
BLOCK09/SES097/SA097S22	SES099	-0.112274	-52.6744	-52.5622
BLOCK09/SES097/SA097S22	SES206	-0.558632	-53.1208	-52.5622
BLOCK09/SES097/SA097S22	SES226	-0.890831	-53.453	-52.5622
BLOCK09/SES097/SA097S22	SES270	-0.151455	-52.7136	-52.5622
BLOCK09/SES097/SA097S26	SES099	-0.627022	-52.4947	-51.8677
BLOCK09/SES097/SA097S26	SES120	-2.84108	-54.7088	-51.8677
BLOCK09/SES097/SA097S26	SES206	-0.764946	-52.6326	-51.8677
BLOCK09/SES097/SA097S26	SES226	-1.00692	-52.8746	-51.8677
BLOCK09/SES097/SA097S28	SES099	-0.318974	-52.9971	-52.6781
BLOCK09/SES097/SA097S28	SES120	-1.86095	-54.5391	-52.6781
BLOCK09/SES097/SA097S28	SES206	-0.733994	-53.4121	-52.6781
BLOCK09/SES097/SA097S28	SES226	-0.819382	-53.4975	-52.6781
BLOCK09/SES098/SA098S11	SES127	-1.93987	-56.3224	-54.3825
BLOCK09/SES098/SA098S11	SES144	-0.969254	-55.3518	-54.3825
BLOCK09/SES098/SA098S11	SES147	-0.964046	-55.3466	-54.3825
BLOCK09/SES098/SA098S11	SES148	-1.78088	-56.1634	-54.3825
BLOCK09/SES098/SA098S12	SES127	-3.37357	-58.8931	-55.5195
BLOCK09/SES098/SA098S12	SES144	-1.50224	-57.0217	-55.5195
BLOCK09/SES098/SA098S12	SES147	-1.24418	-56.7637	-55.5195
BLOCK09/SES098/SA098S12	SES189	-0.816971	-56.3365	-55.5195
BLOCK09/SES098/SA098S20	SES127	-2.83796	-57.4619	-54.6239
BLOCK09/SES098/SA098S20	SES147	-0.459492	-55.0834	-54.6239
BLOCK09/SES098/SA098S20	SES148	-1.80447	-56.4284	-54.6239
BLOCK09/SES098/SA098S20	SES292	-4.20134	-58.8253	-54.6239
BLOCK09/SES098/SA098S23	SES127	-1.74289	-55.5002	-53.7573
BLOCK09/SES098/SA098S23	SES147	-0.57431	-54.3316	-53.7573
BLOCK09/SES098/SA098S23	SES187	-0.706383	-54.4637	-53.7573
BLOCK09/SES098/SA098S23	SES292	-3.23051	-56.9878	-53.7573
BLOCK09/SES098/SA098S27	SES127	-2.81861	-57.0786	-54.26
BLOCK09/SES098/SA098S27	SES147	-1.55414	-55.8142	-54.26
BLOCK09/SES098/SA098S27	SES148	-2.70942	-56.9695	-54.26
BLOCK09/SES098/SA098S27	SES292	-4.12716	-58.3872	-54.26
BLOCK10/SES102/SA102S13	SES101	-0.0902138	-54.398	-54.3078
BLOCK10/SES102/SA102S13	SES105	-1.04309	-55.3508	-54.3078
BLOCK10/SES102/SA102S13	SES120	-0.955715	-55.2635	-54.3078
BLOCK10/SES102/SA102S13	SES158	-4.82556	-59.1333	-54.3078
BLOCK10/SES102/SA102S14	SES007	-0.380451	-52.854	-52.4736
BLOCK10/SES102/SA102S14	SES101	-0.615299	-53.0889	-52.4736
BLOCK10/SES102/SA102S14	SES105	-1.01368	-53.4873	-52.4736
BLOCK10/SES102/SA102S14	SES147	-2.10353	-54.5771	-52.4736
BLOCK10/SES102/SA102S22	SES007	-0.797401	-53.1449	-52.3475
BLOCK10/SES102/SA102S22	SES101	0.0571594	-52.2904	-52.3475
BLOCK10/SES102/SA102S22	SES105	-0.437763	-52.7853	-52.3475
BLOCK10/SES102/SA102S22	SES158	-2.61302	-54.9606	-52.3475
BLOCK10/SES102/SA102S25	SES007	-0.471092	-52.9729	-52.5018
BLOCK10/SES102/SA102S25	SES101	-0.477119	-52.979	-52.5018
BLOCK10/SES102/SA102S25	SES105	-0.997494	-53.4993	-52.5018
BLOCK10/SES102/SA102S25	SES147	-2.15982	-54.6617	-52.5018
BLOCK10/SES102/SA102S27	SES007	-0.897556	-53.8348	-52.9372
BLOCK10/SES102/SA102S27	SES101	-1.15566	-54.0929	-52.9372
BLOCK10/SES102/SA102S27	SES105	-1.24136	-54.1786	-52.9372
BLOCK10/SES102/SA102S27	SES147	-2.2904	-55.2276	-52.9372
BLOCK10/SES103/SA103S14	SES105	-2.30782	-55.9034	-53.5956
BLOCK10/SES103/SA103S14	SES106	-0.407879	-54.0035	-53.5956
BLOCK10/SES103/SA103S14	SES120	-3.17554	-56.7711	-53.5956
BLOCK10/SES103/SA103S14	SES206	-0.974026	-54.5696	-53.5956
BLOCK10/SES103/SA103S15	SES099	-0.689293	-54.9563	-54.267
BLOCK10/SES103/SA103S15	SES101	-2.91322	-57.1802	-54.267
BLOCK10/SES103/SA103S15	SES104	-0.658806	-54.9258	-54.267
BLOCK10/SES103/SA103S15	SES125	-0.440006	-54.707	-54.267
BLOCK10/SES103/SA103S24	SES104	-0.879463	-53.7388	-52.8594
BLOCK10/SES103/SA103S24	SES125	-1.08061	-53.94	-52.8594
BLOCK10/SES103/SA103S24	SES148	-2.55574	-55.4151	-52.8594
BLOCK10/SES103/SA103S24	SES158	-0.263943	-53.1233	-52.8594
BLOCK10/SES103/SA103S26	SES104	-0.899921	-54.6957	-53.7958
BLOCK10/SES103/SA103S26	SES106	-0.374359	-54.1702	-53.7958
BLOCK10/SES103/SA103S26	SES125	-1.28456	-55.0804	-53.7958
BLOCK10/SES103/SA103S26	SES148	-2.56538	-56.3612	-53.7958
BLOCK10/SES103/SA103S28	SES104	-1.48799	-55.9643	-54.4763
BLOCK10/SES103/SA103S28	SES106	-1.2565	-55.7328	-54.4763
BLOCK10/SES103/SA103S28	SES125	-2.47332	-56.9496	-54.4763
BLOCK10/SES103/SA103S28	SES206	-3.0294	-57.5057	-54.4763
BLOCK12/SES121/SA121S12	SES042	-1.04108	-55.6896	-54.6485
BLOCK12/SES121/SA121S12	SES087	-0.791286	-55.4398	-54.6485
BLOCK12/SES121/SA121S12	SES105	-1.15555	-55.804	-54.6485
BLOCK12/SES121/SA121S12	SES206	-0.562263	-55.2107	-54.6485
BLOCK12/SES121/SA121S14	SES007	-2.92642	-57.9775	-55.0511
BLOCK12/SES121/SA121S14	SES105	-1.70229	-56.7534	-55.0511
BLOCK12/SES121/SA121S14	SES106	-0.0944824	-55.1456	-55.0511
BLOCK12/SES121/SA121S14	SES206	-0.425064	-55.4762	-55.0511
BLOCK12/SES121/SA121S23	SES105	-1.79079	-57.0821	-55.2913
BLOCK12/SES121/SA121S23	SES106	0.0545349	-55.2368	-55.2913
BLOCK12/SES121/SA121S23	SES120	-1.89071	-57.182	-55.2913
BLOCK12/SES121/SA121S23	SES206	-0.532185	-55.8235	-55.2913
BLOCK12/SES121/SA121S25	SES007	-2.27813	-58.2157	-55.9375
BLOCK12/SES121/SA121S25	SES105	-1.47653	-57.4141	-55.9375
BLOCK12/SES121/SA121S25	SES106	0.201305	-55.7362	-55.9375
BLOCK12/SES121/SA121S25	SES206	0.0116005	-55.9259	-55.9375
BLOCK12/SES121/SA121S27	SES087	-0.129669	-54.3216	-54.1919
BLOCK12/SES121/SA121S27	SES105	-2.67837	-56.8703	-54.1919
BLOCK12/SES121/SA121S27	SES120	-2.26074	-56.4527	-54.1919
BLOCK12/SES121/SA121S27	SES206	-0.259434	-54.4514	-54.1919
BLOCK12/SES124/SA124S16	SES042	-0.0707474	-52.9522	-52.8815
BLOCK12/SES124/SA124S16	SES082	-0.47834	-53.3598	-52.8815
BLOCK12/SES124/SA124S16	SES183	-2.72787	-55.6093	-52.8815
BLOCK12/SES124/SA124S16	SES206	-0.416656	-53.2981	-52.8815
BLOCK12/SES124/SA124S17	SES105	-2.15579	-55.8849	-53.7291
BLOCK12/SES124/SA124S17	SES149	-1.16461	-54.8937	-53.7291
BLOCK12/SES124/SA124S17	SES158	-0.93795	-54.6671	-53.7291
BLOCK12/SES124/SA124S17	SES275	-3.46627	-57.1954	-53.7291
BLOCK12/SES124/SA124S23	SES105	-2.45869	-53.5762	-51.1175
BLOCK12/SES124/SA124S23	SES125	-0.442707	-51.5602	-51.1175
BLOCK12/SES124/SA124S23	SES129	-2.86672	-53.9842	-51.1175
BLOCK12/SES124/SA124S23	SES158	-0.695332	-51.8129	-51.1175
BLOCK12/SES124/SA124S26	SES105	-3.49627	-55.5548	-52.0585
BLOCK12/SES124/SA124S26	SES125	-0.443626	-52.5022	-52.0585
BLOCK12/SES124/SA124S26	SES129	-3.64054	-55.6991	-52.0585
BLOCK12/SES124/SA124S26	SES158	-0.596893	-52.6554	-52.0585
BLOCK12/SES124/SA124S28	SES104	-0.243904	-52.3111	-52.0672
BLOCK12/SES124/SA124S28	SES106	-0.501499	-52.5687	-52.0672
BLOCK12/SES124/SA124S28	SES125	-0.380077	-52.4473	-52.0672
BLOCK12/SES124/SA124S28	SES275	-3.6692	-55.7364	-52.0672
BLOCK12/SES126/SA126S13	SES007	-1.058	-56.0638	-55.0058
BLOCK12/SES126/SA126S13	SES162	-0.777031	-55.7828	-55.0058
BLOCK12/SES126/SA126S13	SES177	-0.0625305	-55.0683	-55.0058
BLOCK12/SES126/SA126S13	SES180	-0.613937	-55.6197	-55.0058
BLOCK12/SES126/SA126S14	SES144	-1.50343	-54.6583	-53.1549
BLOCK12/SES126/SA126S14	SES148	-1.88962	-55.0445	-53.1549
BLOCK12/SES126/SA126S14	SES177	-0.0740471	-53.2289	-53.1549
BLOCK12/SES126/SA126S14	SES180	-0.289066	-53.4439	-53.1549
BLOCK12/SES126/SA126S20	SES007	-1.45588	-54.7297	-53.2738
BLOCK12/SES126/SA126S20	SES162	-1.34694	-54.6207	-53.2738
BLOCK12/SES126/SA126S20	SES172	-2.88774	-56.1615	-53.2738
BLOCK12/SES126/SA126S20	SES180	-1.07982	-54.3536	-53.2738
BLOCK12/SES126/SA126S24	SES120	-1.39853	-54.3273	-52.9288
BLOCK12/SES126/SA126S24	SES162	-0.91473	-53.8435	-52.9288
BLOCK12/SES126/SA126S24	SES177	-0.496929	-53.4257	-52.9288
BLOCK12/SES126/SA126S24	SES180	-0.146	-53.0748	-52.9288
BLOCK12/SES126/SA126S26	SES120	-0.372894	-54.3713	-53.9984
BLOCK12/SES126/SA126S26	SES177	-0.0496674	-54.048	-53.9984
BLOCK12/SES126/SA126S26	SES180	-0.0370255	-54.0354	-53.9984
BLOCK12/SES126/SA126S26	SES202	-1.56729	-55.5657	-53.9984
BLOCK12/SES128/SA128S10	SES087	-1.29396	-53.6548	-52.3609
BLOCK12/SES128/SA128S10	SES206	-0.842255	-53.2031	-52.3609
BLOCK12/SES128/SA128S10	SES226	-0.745533	-53.1064	-52.3609
BLOCK12/SES128/SA128S10	SES270	-0.766975	-53.1278	-52.3609
BLOCK12/SES128/SA128S12	SES120	-1.92038	-54.4199	-52.4995
BLOCK12/SES128/SA128S12	SES158	-1.29684	-53.7964	-52.4995
BLOCK12/SES128/SA128S12	SES206	-0.72681	-53.2263	-52.4995
BLOCK12/SES128/SA128S12	SES226	-0.808727	-53.3083	-52.4995
BLOCK12/SES128/SA128S21	SES106	-1.78798	-55.1135	-53.3255
BLOCK12/SES128/SA128S21	SES120	-1.42343	-54.749	-53.3255
BLOCK12/SES128/SA128S21	SES206	-1.96182	-55.2874	-53.3255
BLOCK12/SES128/SA128S21	SES226	-0.989182	-54.3147	-53.3255
BLOCK12/SES128/SA128S24	SES087	-2.16997	-55.3012	-53.1312
BLOCK12/SES128/SA128S24	SES120	-1.33593	-54.4672	-53.1312
BLOCK12/SES128/SA128S24	SES206	-1.9547	-55.0859	-53.1312
BLOCK12/SES128/SA128S24	SES226	-1.43554	-54.5668	-53.1312
BLOCK12/SES128/SA128S27	SES099	-1.14833	-53.2382	-52.0898
BLOCK12/SES128/SA128S27	SES120	-1.38773	-53.4776	-52.0898
BLOCK12/SES128/SA128S27	SES206	-1.07947	-53.1693	-52.0898
BLOCK12/SES128/SA128S27	SES226	-0.923965	-53.0138	-52.0898
BLOCK13/SES130/SA130S13	SES143	-2.11323	-56.8613	-54.7481
BLOCK13/SES130/SA130S13	SES144	-0.223648	-54.9717	-54.7481
BLOCK13/SES130/SA130S13	SES146	-1.01459	-55.7627	-54.7481
BLOCK13/SES130/SA130S13	SES275	-1.91334	-56.6614	-54.7481
BLOCK13/SES130/SA130S15	SES143	-1.28005	-54.743	-53.4629
BLOCK13/SES130/SA130S15	SES144	-0.734501	-54.1974	-53.4629
BLOCK13/SES130/SA130S15	SES146	-0.506905	-53.9698	-53.4629
BLOCK13/SES130/SA130S15	SES275	-0.825344	-54.2883	-53.4629
BLOCK13/SES130/SA130S23	SES127	-1.34796	-56.2754	-54.9275
BLOCK13/SES130/SA130S23	SES144	-0.74044	-55.6679	-54.9275
BLOCK13/SES130/SA130S23	SES146	-0.225197	-55.1526	-54.9275
BLOCK13/SES130/SA130S23	SES162	-1.06413	-55.9916	-54.9275
BLOCK13/SES130/SA130S25	SES127	-1.19253	-53.991	-52.7984
BLOCK13/SES130/SA130S25	SES144	-0.378242	-53.1767	-52.7984
BLOCK13/SES130/SA130S25	SES146	-0.561253	-53.3597	-52.7984
BLOCK13/SES130/SA130S25	SES275	-1.19174	-53.9902	-52.7984
BLOCK13/SES130/SA130S28	SES127	-0.989254	-54.1384	-53.1491
BLOCK13/SES130/SA130S28	SES144	-1.14313	-54.2923	-53.1491
BLOCK13/SES130/SA130S28	SES146	-1.19592	-54.345	-53.1491
BLOCK13/SES130/SA130S28	SES275	-1.06583	-54.215	-53.1491
BLOCK13/SES131/SA131S13	SES002	-0.503574	-55.4321	-54.9285
BLOCK13/SES131/SA131S13	SES007	-3.41808	-58.3466	-54.9285
BLOCK13/SES131/SA131S13	SES099	-1.51915	-56.4477	-54.9285
BLOCK13/SES131/SA131S13	SES105	-1.91901	-56.8475	-54.9285
BLOCK13/SES131/SA131S14	SES104	-0.446903	-53.5307	-53.0838
BLOCK13/SES131/SA131S14	SES106	0.0176964	-53.0661	-53.0838
BLOCK13/SES131/SA131S14	SES125	-1.31572	-54.3995	-53.0838
BLOCK13/SES131/SA131S14	SES148	-2.10793	-55.1918	-53.0838
BLOCK13/SES131/SA131S20	SES104	-0.621864	-54.9429	-54.3211
BLOCK13/SES131/SA131S20	SES106	0.198406	-54.1227	-54.3211
BLOCK13/SES131/SA131S20	SES125	-0.722664	-55.0437	-54.3211
BLOCK13/SES131/SA131S20	SES148	-2.55671	-56.8778	-54.3211
BLOCK13/SES131/SA131S22	SES099	-0.700581	-54.0343	-53.3337
BLOCK13/SES131/SA131S22	SES104	-0.471199	-53.8049	-53.3337
BLOCK13/SES131/SA131S22	SES125	-0.582169	-53.9159	-53.3337
BLOCK13/SES131/SA131S22	SES206	-0.797947	-54.1317	-53.3337
BLOCK13/SES131/SA131S29	SES087	-0.343067	-54.317	-53.974
BLOCK13/SES131/SA131S29	SES104	-0.827332	-54.8013	-53.974
BLOCK13/SES131/SA131S29	SES125	-0.744534	-54.7185	-53.974
BLOCK13/SES131/SA131S29	SES206	-0.789471	-54.7634	-53.974
BLOCK13/SES132/SA132S11	SES083	-0.87991	-53.5465	-52.6666
BLOCK13/SES132/SA132S11	SES120	0.0655098	-52.6011	-52.6666
BLOCK13/SES132/SA132S11	SES127	-0.540928	-53.2075	-52.6666
BLOCK13/SES132/SA132S11	SES275	-0.651024	-53.3176	-52.6666
BLOCK13/SES132/SA132S12	SES083	-0.748291	-53.2819	-52.5337
BLOCK13/SES132/SA132S12	SES143	-0.545666	-53.0793	-52.5337
BLOCK13/SES132/SA132S12	SES144	-0.928741	-53.4624	-52.5337
BLOCK13/SES132/SA132S12	SES148	-0.820621	-53.3543	-52.5337
BLOCK13/SES132/SA132S22	SES062	-0.0939903	-52.4283	-52.3343
BLOCK13/SES132/SA132S22	SES083	-0.401821	-52.7361	-52.3343
BLOCK13/SES132/SA132S22	SES127	-0.500053	-52.8343	-52.3343
BLOCK13/SES132/SA132S22	SES275	-0.511395	-52.8457	-52.3343
BLOCK13/SES132/SA132S24	SES007	-0.743954	-53.1323	-52.3884
BLOCK13/SES132/SA132S24	SES083	-0.994576	-53.3829	-52.3884
BLOCK13/SES132/SA132S24	SES127	-0.961353	-53.3497	-52.3884
BLOCK13/SES132/SA132S24	SES275	-1.35914	-53.7475	-52.3884
BLOCK13/SES132/SA132S27	SES083	-0.952229	-54.0428	-53.0905
BLOCK13/SES132/SA132S27	SES120	0.0904007	-53.0001	-53.0905
BLOCK13/SES132/SA132S27	SES127	-0.927719	-54.0183	-53.0905
BLOCK13/SES132/SA132S27	SES275	-0.772884	-53.8634	-53.0905
BLOCK14/SES141/SA141S09	SES143	-0.180321	-53.6129	-53.4326
BLOCK14/SES141/SA141S09	SES144	-0.579346	-54.012	-53.4326
BLOCK14/SES141/SA141S09	SES162	-0.352001	-53.7846	-53.4326
BLOCK14/SES141/SA141S09	SES180	-0.18924	-53.6219	-53.4326
BLOCK14/SES141/SA141S15	SES127	-0.702068	-53.8781	-53.1761
BLOCK14/SES141/SA141S15	SES144	-0.802662	-53.9787	-53.1761
BLOCK14/SES141/SA141S15	SES162	-0.544136	-53.7202	-53.1761
BLOCK14/SES141/SA141S15	SES180	-0.437279	-53.6133	-53.1761
BLOCK14/SES141/SA141S24	SES127	-0.403461	-53.4641	-53.0606
BLOCK14/SES141/SA141S24	SES144	-1.02972	-54.0903	-53.0606
BLOCK14/SES141/SA141S24	SES162	-0.469051	-53.5297	-53.0606
BLOCK14/SES141/SA141S24	SES183	-1.63963	-54.7002	-53.0606
BLOCK14/SES141/SA141S26	SES142	-0.753151	-54.6341	-53.881
BLOCK14/SES141/SA141S26	SES144	-0.621819	-54.5028	-53.881
BLOCK14/SES141/SA141S26	SES172	-1.02397	-54.9049	-53.881
BLOCK14/SES141/SA141S26	SES180	-0.200508	-54.0815	-53.881
BLOCK14/SES141/SA141S29	SES127	-0.424858	-53.2036	-52.7787
BLOCK14/SES141/SA141S29	SES142	-0.130444	-52.9091	-52.7787
BLOCK14/SES141/SA141S29	SES144	-1.18737	-53.9661	-52.7787
BLOCK14/SES141/SA141S29	SES180	-0.0408058	-52.8195	-52.7787
BLOCK15/SES157/SA157S08	SES083	-1.05857	-54.4922	-53.4336
BLOCK15/SES157/SA157S08	SES127	-1.0062	-54.4398	-53.4336
BLOCK15/SES157/SA157S08	SES148	-0.679771	-54.1134	-53.4336
BLOCK15/SES157/SA157S08	SES292	-1.23999	-54.6736	-53.4336
BLOCK15/SES157/SA157S11	SES083	-1.53133	-54.4922	-52.9609
BLOCK15/SES157/SA157S11	SES127	-1.63672	-54.5976	-52.9609
BLOCK15/SES157/SA157S11	SES148	-1.29599	-54.2569	-52.9609
BLOCK15/SES157/SA157S11	SES292	-1.94681	-54.9077	-52.9609
BLOCK15/SES157/SA157S21	SES127	-0.775799	-53.757	-52.9812
BLOCK15/SES157/SA157S21	SES148	-0.31884	-53.3	-52.9812
BLOCK15/SES157/SA157S21	SES158	-3.26043	-56.2416	-52.9812
BLOCK15/SES157/SA157S21	SES292	-0.307304	-53.2885	-52.9812
BLOCK15/SES157/SA157S24	SES127	-1.02552	-53.921	-52.8955
BLOCK15/SES157/SA157S24	SES148	-0.985775	-53.8812	-52.8955
BLOCK15/SES157/SA157S24	SES183	-1.13724	-54.0327	-52.8955
BLOCK15/SES157/SA157S24	SES292	-1.18592	-54.0814	-52.8955
BLOCK15/SES157/SA157S26	SES007	-0.394325	-53.2289	-52.8346
BLOCK15/SES157/SA157S26	SES127	-0.644733	-53.4793	-52.8346
BLOCK15/SES157/SA157S26	SES147	-2.70979	-55.5444	-52.8346
BLOCK15/SES157/SA157S26	SES148	-1.0054	-53.84	-52.8346
BLOCK16/SES161/SA161S10	SES007	-1.69461	-56.0445	-54.3499
BLOCK16/SES161/SA161S10	SES105	-0.881531	-55.2315	-54.3499
BLOCK16/SES161/SA161S10	SES158	-1.22012	-55.57	-54.3499
BLOCK16/SES161/SA161S10	SES275	-1.7017	-56.0516	-54.3499
BLOCK16/SES161/SA161S12	SES007	-1.25586	-55.139	-53.8831
BLOCK16/SES161/SA161S12	SES105	-1.26228	-55.1454	-53.8831
BLOCK16/SES161/SA161S12	SES158	-0.637959	-54.5211	-53.8831
BLOCK16/SES161/SA161S12	SES275	-1.60482	-55.488	-53.8831
BLOCK16/SES161/SA161S20	SES007	-1.90645	-57.0469	-55.1405
BLOCK16/SES161/SA161S20	SES105	-1.42749	-56.568	-55.1405
BLOCK16/SES161/SA161S20	SES158	-0.914127	-56.0546	-55.1405
BLOCK16/SES161/SA161S20	SES275	-2.04445	-57.1849	-55.1405
BLOCK16/SES161/SA161S23	SES007	-1.80367	-55.0944	-53.2907
BLOCK16/SES161/SA161S23	SES105	-1.09214	-54.3829	-53.2907
BLOCK16/SES161/SA161S23	SES148	-1.74744	-55.0382	-53.2907
BLOCK16/SES161/SA161S23	SES158	-0.91824	-54.209	-53.2907
BLOCK16/SES161/SA161S28	SES007	-2.36114	-56.1489	-53.7878
BLOCK16/SES161/SA161S28	SES105	-1.613	-55.4008	-53.7878
BLOCK16/SES161/SA161S28	SES158	-0.176998	-53.9648	-53.7878
BLOCK16/SES161/SA161S28	SES206	-0.690739	-54.4785	-53.7878
BLOCK16/SES164/SA164S11	SES104	-0.439777	-52.3933	-51.9535
BLOCK16/SES164/SA164S11	SES125	-0.416908	-52.3705	-51.9535
BLOCK16/SES164/SA164S11	SES158	0.265629	-51.6879	-51.9535
BLOCK16/SES164/SA164S11	SES206	-1.11063	-53.0642	-51.9535
BLOCK16/SES164/SA164S13	SES099	-1.20198	-54.3868	-53.1848
BLOCK16/SES164/SA164S13	SES104	-1.36091	-54.5457	-53.1848
BLOCK16/SES164/SA164S13	SES125	-0.646229	-53.8311	-53.1848
BLOCK16/SES164/SA164S13	SES206	-1.07542	-54.2603	-53.1848
BLOCK16/SES164/SA164S24	SES002	0.120598	-52.6157	-52.7363
BLOCK16/SES164/SA164S24	SES099	-0.924721	-53.661	-52.7363
BLOCK16/SES164/SA164S24	SES125	-0.583973	-53.3202	-52.7363
BLOCK16/SES164/SA164S24	SES226	-0.0128441	-52.7491	-52.7363
BLOCK16/SES164/SA164S27	SES087	-1.00248	-53.9869	-52.9844
BLOCK16/SES164/SA164S27	SES125	-0.501049	-53.4855	-52.9844
BLOCK16/SES164/SA164S27	SES206	-1.37041	-54.3548	-52.9844
BLOCK16/SES164/SA164S27	SES226	-0.837154	-53.8216	-52.9844
BLOCK16/SES164/SA164S29	SES002	-0.0808487	-52.7451	-52.6642
BLOCK16/SES164/SA164S29	SES019	-0.803741	-53.468	-52.6642
BLOCK16/SES164/SA164S29	SES125	-0.389015	-53.0532	-52.6642
BLOCK16/SES164/SA164S29	SES226	-0.904854	-53.5691	-52.6642
BLOCK16/SES169/SA169S13	SES117	-1.25953	-54.5402	-53.2807
BLOCK16/SES169/SA169S13	SES144	-0.883785	-54.1645	-53.2807
BLOCK16/SES169/SA169S13	SES146	-0.959988	-54.2407	-53.2807
BLOCK16/SES169/SA169S13	SES162	-1.25877	-54.5395	-53.2807
BLOCK16/SES169/SA169S14	SES144	-1.13625	-53.2538	-52.1175
BLOCK16/SES169/SA169S14	SES148	-0.875397	-52.9929	-52.1175
BLOCK16/SES169/SA169S14	SES177	-1.19032	-53.3079	-52.1175
BLOCK16/SES169/SA169S14	SES180	-1.80878	-53.9263	-52.1175
BLOCK16/SES169/SA169S24	SES117	-0.781616	-54.7225	-53.9409
BLOCK16/SES169/SA169S24	SES144	-0.689331	-54.6302	-53.9409
BLOCK16/SES169/SA169S24	SES146	-0.516335	-54.4572	-53.9409
BLOCK16/SES169/SA169S24	SES162	-0.529266	-54.4701	-53.9409
BLOCK16/SES169/SA169S27	SES127	-0.447289	-53.6865	-53.2392
BLOCK16/SES169/SA169S27	SES129	-0.321266	-53.5605	-53.2392
BLOCK16/SES169/SA169S27	SES144	-0.891876	-54.1311	-53.2392
BLOCK16/SES169/SA169S27	SES146	-0.299873	-53.5391	-53.2392
BLOCK16/SES169/SA169S29	SES144	-0.825306	-53.5238	-52.6985
BLOCK16/SES169/SA169S29	SES162	-1.02385	-53.7224	-52.6985
BLOCK16/SES169/SA169S29	SES177	-1.62902	-54.3275	-52.6985
BLOCK16/SES169/SA169S29	SES180	-1.30058	-53.9991	-52.6985
BLOCK17/SES171/SA171S12	SES083	-0.756241	-54.7351	-53.9789
BLOCK17/SES171/SA171S12	SES148	-0.688969	-54.6679	-53.9789
BLOCK17/SES171/SA171S12	SES172	-0.422859	-54.4017	-53.9789
BLOCK17/SES171/SA171S12	SES292	-1.46109	-55.44	-53.9789
BLOCK17/SES171/SA171S15	SES148	-1.6591	-56.0309	-54.3718
BLOCK17/SES171/SA171S15	SES177	-1.24117	-55.613	-54.3718
BLOCK17/SES171/SA171S15	SES180	-2.2967	-56.6685	-54.3718
BLOCK17/SES171/SA171S15	SES292	-3.81301	-58.1848	-54.3718
BLOCK17/SES171/SA171S22	SES007	-0.999649	-54.2811	-53.2814
BLOCK17/SES171/SA171S22	SES148	-0.803295	-54.0847	-53.2814
BLOCK17/SES171/SA171S22	SES177	-0.17374	-53.4551	-53.2814
BLOCK17/SES171/SA171S22	SES180	-0.806557	-54.088	-53.2814
BLOCK17/SES171/SA171S25	SES101	-2.90378	-57.193	-54.2893
BLOCK17/SES171/SA171S25	SES120	-2.49833	-56.7876	-54.2893
BLOCK17/SES171/SA171S25	SES177	-0.930229	-55.2195	-54.2893
BLOCK17/SES171/SA171S25	SES180	-1.61156	-55.9008	-54.2893
BLOCK17/SES171/SA171S27	SES177	-0.25478	-54.0361	-53.7813
BLOCK17/SES171/SA171S27	SES180	-1.55191	-55.3332	-53.7813
BLOCK17/SES171/SA171S27	SES189	-0.555576	-54.3369	-53.7813
BLOCK17/SES171/SA171S27	SES292	-2.43974	-56.2211	-53.7813
BLOCK17/SES173/SA173S13	SES162	-1.85008	-56.5911	-54.7411
BLOCK17/SES173/SA173S13	SES177	-1.37232	-56.1134	-54.7411
BLOCK17/SES173/SA173S13	SES180	-1.03859	-55.7797	-54.7411
BLOCK17/SES173/SA173S13	SES292	-3.51205	-58.2531	-54.7411
BLOCK17/SES173/SA173S14	SES007	-2.23109	-57.2689	-55.0378
BLOCK17/SES173/SA173S14	SES162	-1.40886	-56.4467	-55.0378
BLOCK17/SES173/SA173S14	SES177	-0.637409	-55.6752	-55.0378
BLOCK17/SES173/SA173S14	SES180	-0.566765	-55.6046	-55.0378
BLOCK17/SES173/SA173S24	SES144	-0.610241	-56.2496	-55.6394
BLOCK17/SES173/SA173S24	SES162	-1.67708	-57.3165	-55.6394
BLOCK17/SES173/SA173S24	SES177	-0.994473	-56.6338	-55.6394
BLOCK17/SES173/SA173S24	SES180	-0.767433	-56.4068	-55.6394
BLOCK17/SES173/SA173S27	SES162	-2.11471	-56.5306	-54.4159
BLOCK17/SES173/SA173S27	SES177	-0.894291	-55.3102	-54.4159
BLOCK17/SES173/SA173S27	SES180	-1.14094	-55.5569	-54.4159
BLOCK17/SES173/SA173S27	SES292	-4.31009	-58.726	-54.4159
BLOCK17/SES173/SA173S29	SES162	-1.5825	-56.3443	-54.7618
BLOCK17/SES173/SA173S29	SES175	-0.499062	-55.2609	-54.7618
BLOCK17/SES173/SA173S29	SES177	-1.37335	-56.1352	-54.7618
BLOCK17/SES173/SA173S29	SES292	-4.27392	-59.0357	-54.7618
BLOCK18/SES182/SA182S10	SES144	-0.485516	-53.6198	-53.1343
BLOCK18/SES182/SA182S10	SES177	-1.0402	-54.1745	-53.1343
BLOCK18/SES182/SA182S10	SES180	-1.11356	-54.2478	-53.1343
BLOCK18/SES182/SA182S10	SES275	-0.724182	-53.8584	-53.1343
BLOCK18/SES182/SA182S12	SES144	-0.597408	-53.4157	-52.8183
BLOCK18/SES182/SA182S12	SES177	-0.628437	-53.4467	-52.8183
BLOCK18/SES182/SA182S12	SES180	-0.934212	-53.7525	-52.8183
BLOCK18/SES182/SA182S12	SES275	-0.756031	-53.5743	-52.8183
BLOCK18/SES182/SA182S21	SES117	-0.952755	-54.8129	-53.8602
BLOCK18/SES182/SA182S21	SES144	-1.13463	-54.9948	-53.8602
BLOCK18/SES182/SA182S21	SES162	-0.693104	-54.5533	-53.8602
BLOCK18/SES182/SA182S21	SES180	-0.621441	-54.4816	-53.8602
BLOCK18/SES182/SA182S23	SES117	-0.909702	-54.1039	-53.1942
BLOCK18/SES182/SA182S23	SES144	-1.42933	-54.6235	-53.1942
BLOCK18/SES182/SA182S23	SES180	-1.1407	-54.3349	-53.1942
BLOCK18/SES182/SA182S23	SES275	-1.0504	-54.2446	-53.1942
BLOCK18/SES182/SA182S25	SES007	-0.726486	-54.1371	-53.4107
BLOCK18/SES182/SA182S25	SES162	-0.566841	-53.9775	-53.4107
BLOCK18/SES182/SA182S25	SES177	-0.550976	-53.9616	-53.4107
BLOCK18/SES182/SA182S25	SES180	-0.372272	-53.7829	-53.4107
BLOCK18/SES184/SA184S12	SES177	-0.173656	-54.0339	-53.8603
BLOCK18/SES184/SA184S12	SES180	-0.582291	-54.4426	-53.8603
BLOCK18/SES184/SA184S12	SES189	-1.61739	-55.4777	-53.8603
BLOCK18/SES184/SA184S12	SES292	-1.24523	-55.1055	-53.8603
BLOCK18/SES184/SA184S13	SES101	-1.21286	-54.7748	-53.5619
BLOCK18/SES184/SA184S13	SES177	-1.0941	-54.656	-53.5619
BLOCK18/SES184/SA184S13	SES180	-1.06623	-54.6281	-53.5619
BLOCK18/SES184/SA184S13	SES292	-1.18209	-54.744	-53.5619
BLOCK18/SES184/SA184S22	SES177	-1.16882	-53.9678	-52.799
BLOCK18/SES184/SA184S22	SES180	-1.00269	-53.8017	-52.799
BLOCK18/SES184/SA184S22	SES189	-2.43238	-55.2314	-52.799
BLOCK18/SES184/SA184S22	SES292	-2.0021	-54.8011	-52.799
BLOCK18/SES184/SA184S25	SES101	-0.895229	-53.2062	-52.311
BLOCK18/SES184/SA184S25	SES177	-1.4578	-53.7688	-52.311
BLOCK18/SES184/SA184S25	SES180	-1.31413	-53.6251	-52.311
BLOCK18/SES184/SA184S25	SES292	-1.09953	-53.4105	-52.311
BLOCK18/SES184/SA184S27	SES083	-0.922737	-53.9169	-52.9941
BLOCK18/SES184/SA184S27	SES177	-0.915215	-53.9093	-52.9941
BLOCK18/SES184/SA184S27	SES202	-2.28815	-55.2823	-52.9941
BLOCK18/SES184/SA184S27	SES292	-1.51001	-54.5041	-52.9941
BLOCK20/SES204/SA204S12	SES062	-2.8009	-54.6468	-51.8459
BLOCK20/SES204/SA204S12	SES083	-2.6867	-54.5326	-51.8459
BLOCK20/SES204/SA204S12	SES206	-0.645718	-52.4917	-51.8459
BLOCK20/SES204/SA204S12	SES226	-1.0463	-52.8922	-51.8459
BLOCK20/SES204/SA204S14	SES068	-2.16411	-53.1473	-50.9832
BLOCK20/SES204/SA204S14	SES087	-0.790485	-51.7737	-50.9832
BLOCK20/SES204/SA204S14	SES206	-1.01685	-52.0001	-50.9832
BLOCK20/SES204/SA204S14	SES226	-1.04388	-52.0271	-50.9832
BLOCK20/SES204/SA204S22	SES068	-2.98998	-54.7397	-51.7497
BLOCK20/SES204/SA204S22	SES082	-1.92112	-53.6708	-51.7497
BLOCK20/SES204/SA204S22	SES083	-3.08347	-54.8332	-51.7497
BLOCK20/SES204/SA204S22	SES206	-0.866035	-52.6157	-51.7497
BLOCK20/SES204/SA204S25	SES062	-3.66235	-55.4992	-51.8369
BLOCK20/SES204/SA204S25	SES083	-3.22472	-55.0616	-51.8369
BLOCK20/SES204/SA204S25	SES206	-0.779507	-52.6164	-51.8369
BLOCK20/SES204/SA204S25	SES226	-1.07106	-52.9079	-51.8369
BLOCK20/SES204/SA204S27	SES068	-3.11428	-55.3072	-52.1929
BLOCK20/SES204/SA204S27	SES082	-1.51304	-53.7059	-52.1929
BLOCK20/SES204/SA204S27	SES087	-0.613342	-52.8062	-52.1929
BLOCK20/SES204/SA204S27	SES206	-0.647449	-52.8403	-52.1929
BLOCK20/SES207/SA207S10	SES127	-0.556278	-54.1017	-53.5454
BLOCK20/SES207/SA207S10	SES183	-0.656742	-54.2022	-53.5454
BLOCK20/SES207/SA207S10	SES189	-1.0315	-54.5769	-53.5454
BLOCK20/SES207/SA207S10	SES292	-1.70352	-55.2489	-53.5454
BLOCK20/SES207/SA207S11	SES127	-1.9735	-55.207	-53.2335
BLOCK20/SES207/SA207S11	SES183	-1.3568	-54.5903	-53.2335
BLOCK20/SES207/SA207S11	SES187	-1.29277	-54.5263	-53.2335
BLOCK20/SES207/SA207S11	SES292	-1.90204	-55.1356	-53.2335
BLOCK20/SES207/SA207S25	SES068	-0.865963	-54.4317	-53.5657
BLOCK20/SES207/SA207S25	SES083	-1.26105	-54.8267	-53.5657
BLOCK20/SES207/SA207S25	SES127	-0.818409	-54.3841	-53.5657
BLOCK20/SES207/SA207S25	SES187	-0.461113	-54.0268	-53.5657
BLOCK20/SES207/SA207S27	SES127	-0.970589	-55.1455	-54.1749
BLOCK20/SES207/SA207S27	SES183	-0.599827	-54.7748	-54.1749
BLOCK20/SES207/SA207S27	SES187	-0.632053	-54.807	-54.1749
BLOCK20/SES207/SA207S27	SES292	-1.82521	-56.0002	-54.1749
BLOCK20/SES207/SA207S29	SES083	-1.17717	-54.3424	-53.1652
BLOCK20/SES207/SA207S29	SES085	-0.580162	-53.7454	-53.1652
BLOCK20/SES207/SA207S29	SES172	-1.04807	-54.2133	-53.1652
BLOCK20/SES207/SA207S29	SES189	-1.38018	-54.5454	-53.1652
BLOCK22/SES221/SA221S12	SES068	-1.43596	-54.6232	-53.1872
BLOCK22/SES221/SA221S12	SES143	-1.26709	-54.4543	-53.1872
BLOCK22/SES221/SA221S12	SES175	-0.813728	-54.0009	-53.1872
BLOCK22/SES221/SA221S12	SES202	-0.418461	-53.6057	-53.1872
BLOCK22/SES221/SA221S15	SES085	-2.54484	-57.173	-54.6282
BLOCK22/SES221/SA221S15	SES143	-1.66352	-56.2917	-54.6282
BLOCK22/SES221/SA221S15	SES175	-1.13594	-55.7641	-54.6282
BLOCK22/SES221/SA221S15	SES187	-0.765953	-55.3941	-54.6282
BLOCK22/SES221/SA221S23	SES068	-2.44875	-56.0909	-53.6421
BLOCK22/SES221/SA221S23	SES143	-1.70832	-55.3505	-53.6421
BLOCK22/SES221/SA221S23	SES175	-0.907467	-54.5496	-53.6421
BLOCK22/SES221/SA221S23	SES189	-0.700188	-54.3423	-53.6421
BLOCK22/SES221/SA221S27	SES085	-1.82071	-55.7104	-53.8897
BLOCK22/SES221/SA221S27	SES143	-1.29028	-55.18	-53.8897
BLOCK22/SES221/SA221S27	SES175	-1.51065	-55.4004	-53.8897
BLOCK22/SES221/SA221S27	SES189	0.33128	-53.5584	-53.8897
BLOCK22/SES221/SA221S29	SES085	-4.04735	-59.4832	-55.4359
BLOCK22/SES221/SA221S29	SES143	-1.51711	-56.953	-55.4359
BLOCK22/SES221/SA221S29	SES175	-1.42628	-56.8622	-55.4359
BLOCK22/SES221/SA221S29	SES187	-1.88078	-57.3167	-55.4359
BLOCK22/SES223/SA223S11	SES143	-0.421959	-55.3525	-54.9305
BLOCK22/SES223/SA223S11	SES144	-1.74154	-56.672	-54.9305
BLOCK22/SES223/SA223S11	SES175	0.145115	-54.7854	-54.9305
BLOCK22/SES223/SA223S11	SES187	-0.271729	-55.2022	-54.9305
BLOCK22/SES223/SA223S13	SES068	-0.847324	-56.2717	-55.4244
BLOCK22/SES223/SA223S13	SES143	-1.1477	-56.5721	-55.4244
BLOCK22/SES223/SA223S13	SES146	-2.21828	-57.6427	-55.4244
BLOCK22/SES223/SA223S13	SES202	-0.675606	-56.1	-55.4244
BLOCK22/SES223/SA223S22	SES143	-0.891224	-55.471	-54.5797
BLOCK22/SES223/SA223S22	SES144	-1.68725	-56.267	-54.5797
BLOCK22/SES223/SA223S22	SES175	-0.811329	-55.3911	-54.5797
BLOCK22/SES223/SA223S22	SES187	-0.754311	-55.334	-54.5797
BLOCK22/SES223/SA223S25	SES068	-1.14411	-55.7089	-54.5648
BLOCK22/SES223/SA223S25	SES143	-0.799583	-55.3644	-54.5648
BLOCK22/SES223/SA223S25	SES175	-0.502323	-55.0671	-54.5648
BLOCK22/SES223/SA223S25	SES187	-0.586708	-55.1515	-54.5648
BLOCK22/SES223/SA223S27	SES143	-0.960819	-55.6698	-54.7089
BLOCK22/SES223/SA223S27	SES146	-2.33624	-57.0452	-54.7089
BLOCK22/SES223/SA223S27	SES187	-1.12522	-55.8342	-54.7089
BLOCK22/SES223/SA223S27	SES292	-4.02616	-58.7351	-54.7089
BLOCK27/SES273/SA273S12	SES099	-0.511753	-51.4254	-50.9137
BLOCK27/SES273/SA273S12	SES104	-0.329216	-51.2429	-50.9137
BLOCK27/SES273/SA273S12	SES125	-0.603516	-51.5172	-50.9137
BLOCK27/SES273/SA273S12	SES206	-0.10442	-51.0181	-50.9137
BLOCK27/SES273/SA273S13	SES099	-0.711231	-51.6475	-50.9363
BLOCK27/SES273/SA273S13	SES104	-0.430191	-51.3665	-50.9363
BLOCK27/SES273/SA273S13	SES206	-0.322899	-51.2592	-50.9363
BLOCK27/SES273/SA273S13	SES292	-2.21187	-53.1481	-50.9363
BLOCK27/SES273/SA273S21	SES099	0.00625229	-51.2099	-51.2162
BLOCK27/SES273/SA273S21	SES148	-3.14788	-54.3641	-51.2162
BLOCK27/SES273/SA273S21	SES149	-0.330463	-51.5466	-51.2162
BLOCK27/SES273/SA273S21	SES177	-3.1977	-54.4139	-51.2162
BLOCK27/SES273/SA273S25	SES104	-0.564014	-51.9091	-51.3451
BLOCK27/SES273/SA273S25	SES125	-0.984024	-52.3291	-51.3451
BLOCK27/SES273/SA273S25	SES158	-0.695946	-52.041	-51.3451
BLOCK27/SES273/SA273S25	SES206	-0.12199	-51.4671	-51.3451
BLOCK27/SES273/SA273S27	SES099	-0.340755	-51.5668	-51.2261
BLOCK27/SES273/SA273S27	SES104	-0.567028	-51.7931	-51.2261
BLOCK27/SES273/SA273S27	SES149	-0.24231	-51.4684	-51.2261
BLOCK27/SES273/SA273S27	SES275	-1.69644	-52.9225	-51.2261
BLOCK27/SES274/SA274S10	SES105	-1.73415	-53.1472	-51.4131
BLOCK27/SES274/SA274S10	SES125	-0.554512	-51.9676	-51.4131
BLOCK27/SES274/SA274S10	SES129	-1.20602	-52.6191	-51.4131
BLOCK27/SES274/SA274S10	SES158	-1.10286	-52.5159	-51.4131
BLOCK27/SES274/SA274S11	SES105	-2.21658	-53.7246	-51.5081
BLOCK27/SES274/SA274S11	SES149	-0.878708	-52.3868	-51.5081
BLOCK27/SES274/SA274S11	SES158	-1.18681	-52.6949	-51.5081
BLOCK27/SES274/SA274S11	SES275	-2.12439	-53.6325	-51.5081
BLOCK27/SES274/SA274S21	SES105	-1.80265	-53.6773	-51.8746
BLOCK27/SES274/SA274S21	SES129	-1.58822	-53.4628	-51.8746
BLOCK27/SES274/SA274S21	SES149	-1.30378	-53.1784	-51.8746
BLOCK27/SES274/SA274S21	SES158	-1.70052	-53.5751	-51.8746
BLOCK27/SES274/SA274S24	SES105	-1.89278	-53.7468	-51.854
BLOCK27/SES274/SA274S24	SES129	-1.75772	-53.6117	-51.854
BLOCK27/SES274/SA274S24	SES149	-0.868195	-52.7222	-51.854
BLOCK27/SES274/SA274S24	SES158	-0.96286	-52.8169	-51.854
BLOCK27/SES274/SA274S29	SES105	-2.10916	-53.8726	-51.7635
BLOCK27/SES274/SA274S29	SES106	-1.1113	-52.8748	-51.7635
BLOCK27/SES274/SA274S29	SES120	-2.11921	-53.8827	-51.7635
BLOCK27/SES274/SA274S29	SES275	-1.97609	-53.7395	-51.7635
BLOCK27/SES276/SA276S16	SES148	-0.917259	-54.5546	-53.6373
BLOCK27/SES276/SA276S16	SES172	-1.24179	-54.8791	-53.6373
BLOCK27/SES276/SA276S16	SES180	-1.93109	-55.5684	-53.6373
BLOCK27/SES276/SA276S16	SES292	-0.785885	-54.4232	-53.6373
BLOCK27/SES276/SA276S17	SES101	-1.47638	-54.8511	-53.3748
BLOCK27/SES276/SA276S17	SES177	-1.30521	-54.68	-53.3748
BLOCK27/SES276/SA276S17	SES180	-1.16523	-54.54	-53.3748
BLOCK27/SES276/SA276S17	SES292	-1.16018	-54.5349	-53.3748
BLOCK27/SES276/SA276S24	SES101	-0.882217	-53.2784	-52.3962
BLOCK27/SES276/SA276S24	SES177	-1.29867	-53.6949	-52.3962
BLOCK27/SES276/SA276S24	SES180	-1.39743	-53.7936	-52.3962
BLOCK27/SES276/SA276S24	SES292	-1.65177	-54.048	-52.3962
BLOCK27/SES276/SA276S26	SES101	-2.23488	-55.0667	-52.8319
BLOCK27/SES276/SA276S26	SES177	-1.47752	-54.3094	-52.8319
BLOCK27/SES276/SA276S26	SES180	-1.17075	-54.0026	-52.8319
BLOCK27/SES276/SA276S26	SES292	-1.74013	-54.572	-52.8319
BLOCK27/SES276/SA276S28	SES101	-1.58033	-54.5559	-52.9756
BLOCK27/SES276/SA276S28	SES177	-1.79132	-54.7669	-52.9756
BLOCK27/SES276/SA276S28	SES180	-1.64407	-54.6197	-52.9756
BLOCK27/SES276/SA276S28	SES292	-1.67538	-54.651	-52.9756
BLOCK27/SES277/SA277S12	SES101	-0.830692	-54.662	-53.8313
BLOCK27/SES277/SA277S12	SES177	-1.51841	-55.3497	-53.8313
BLOCK27/SES277/SA277S12	SES180	-0.992222	-54.8235	-53.8313
BLOCK27/SES277/SA277S12	SES292	-1.72569	-55.557	-53.8313
BLOCK27/SES277/SA277S14	SES177	-0.443352	-55.068	-54.6246
BLOCK27/SES277/SA277S14	SES180	-1.13579	-55.7604	-54.6246
BLOCK27/SES277/SA277S14	SES189	-0.228798	-54.8534	-54.6246
BLOCK27/SES277/SA277S14	SES292	-2.88148	-57.5061	-54.6246
BLOCK27/SES277/SA277S21	SES177	-0.905716	-53.8617	-52.956
BLOCK27/SES277/SA277S21	SES180	-1.52564	-54.4816	-52.956
BLOCK27/SES277/SA277S21	SES189	-0.992702	-53.9487	-52.956
BLOCK27/SES277/SA277S21	SES292	-2.21711	-55.1731	-52.956
BLOCK27/SES277/SA277S24	SES144	-1.56772	-56.1739	-54.6062
BLOCK27/SES277/SA277S24	SES177	-0.735268	-55.3415	-54.6062
BLOCK27/SES277/SA277S24	SES180	-1.63327	-56.2395	-54.6062
BLOCK27/SES277/SA277S24	SES189	-0.80307	-55.4093	-54.6062
BLOCK27/SES277/SA277S29	SES177	-0.72348	-52.9607	-52.2372
BLOCK27/SES277/SA277S29	SES180	-0.863815	-53.101	-52.2372
BLOCK27/SES277/SA277S29	SES202	-1.64274	-53.8799	-52.2372
BLOCK27/SES277/SA277S29	SES292	-2.15863	-54.3958	-52.2372
BLOCK27/SES279/SA279S09	SES120	-1.31551	-53.5372	-52.2217
BLOCK27/SES279/SA279S09	SES146	-1.48103	-53.7027	-52.2217
BLOCK27/SES279/SA279S09	SES206	-1.43633	-53.658	-52.2217
BLOCK27/SES279/SA279S09	SES226	-1.50444	-53.7261	-52.2217
BLOCK27/SES279/SA279S10	SES099	-1.35976	-53.38	-52.0202
BLOCK27/SES279/SA279S10	SES206	-1.38208	-53.4023	-52.0202
BLOCK27/SES279/SA279S10	SES226	-1.24147	-53.2617	-52.0202
BLOCK27/SES279/SA279S10	SES292	-1.32402	-53.3442	-52.0202
BLOCK27/SES279/SA279S20	SES099	-2.3948	-54.7922	-52.3974
BLOCK27/SES279/SA279S20	SES206	-1.66589	-54.0633	-52.3974
BLOCK27/SES279/SA279S20	SES226	-1.76297	-54.1604	-52.3974
BLOCK27/SES279/SA279S20	SES292	-0.922455	-53.3198	-52.3974
BLOCK27/SES279/SA279S26	SES099	-1.65919	-54.1336	-52.4744
BLOCK27/SES279/SA279S26	SES206	-1.19885	-53.6732	-52.4744
BLOCK27/SES279/SA279S26	SES226	-1.37032	-53.8447	-52.4744
BLOCK27/SES279/SA279S26	SES292	-1.25847	-53.7328	-52.4744
BLOCK27/SES279/SA279S28	SES099	-2.32074	-53.4297	-51.109
BLOCK27/SES279/SA279S28	SES120	-1.32309	-52.432	-51.109
BLOCK27/SES279/SA279S28	SES177	-2.55426	-53.6632	-51.109
BLOCK27/SES279/SA279S28	SES206	-2.19406	-53.303	-51.109
BLOCK29/SES290/SA290S12	SES162	-1.48819	-54.37	-52.8818
BLOCK29/SES290/SA290S12	SES177	-1.36095	-54.2428	-52.8818
BLOCK29/SES290/SA290S12	SES180	-2.13608	-55.0179	-52.8818
BLOCK29/SES290/SA290S12	SES292	-3.31155	-56.1934	-52.8818
BLOCK29/SES290/SA290S13	SES007	-2.23549	-56.3589	-54.1234
BLOCK29/SES290/SA290S13	SES162	-1.58279	-55.7062	-54.1234
BLOCK29/SES290/SA290S13	SES177	-1.01547	-55.1389	-54.1234
BLOCK29/SES290/SA290S13	SES180	-1.59013	-55.7136	-54.1234
BLOCK29/SES290/SA290S22	SES177	-0.618866	-53.8724	-53.2535
BLOCK29/SES290/SA290S22	SES180	-0.77948	-54.033	-53.2535
BLOCK29/SES290/SA290S22	SES202	-0.887932	-54.1415	-53.2535
BLOCK29/SES290/SA290S22	SES292	-2.60366	-55.8572	-53.2535
BLOCK29/SES290/SA290S25	SES162	-1.20006	-53.9651	-52.765
BLOCK29/SES290/SA290S25	SES177	-0.86554	-53.6305	-52.765
BLOCK29/SES290/SA290S25	SES180	-1.13694	-53.9019	-52.765
BLOCK29/SES290/SA290S25	SES292	-2.55496	-55.32	-52.765
BLOCK29/SES290/SA290S29	SES177	-0.554211	-53.2579	-52.7037
BLOCK29/SES290/SA290S29	SES180	-0.529156	-53.2329	-52.7037
BLOCK29/SES290/SA290S29	SES275	-1.62057	-54.3243	-52.7037
BLOCK29/SES290/SA290S29	SES292	-1.873	-54.5767	-52.7037
BLOCK29/SES291/SA291S11	SES105	-3.25157	-55.98	-52.7284
BLOCK29/SES291/SA291S11	SES125	-0.629883	-53.3583	-52.7284
BLOCK29/SES291/SA291S11	SES158	-1.13373	-53.8621	-52.7284
BLOCK29/SES291/SA291S11	SES275	-4.02258	-56.751	-52.7284
BLOCK29/SES291/SA291S12	SES158	-0.833977	-52.9385	-52.1045
BLOCK29/SES291/SA291S12	SES226	-1.18716	-53.2917	-52.1045
BLOCK29/SES291/SA291S12	SES270	-0.159355	-52.2639	-52.1045
BLOCK29/SES291/SA291S12	SES275	-4.22495	-56.3295	-52.1045
BLOCK29/SES291/SA291S22	SES082	-0.862446	-52.7258	-51.8633
BLOCK29/SES291/SA291S22	SES158	-1.05281	-52.9161	-51.8633
BLOCK29/SES291/SA291S22	SES259	-1.01069	-52.874	-51.8633
BLOCK29/SES291/SA291S22	SES275	-3.39305	-55.2564	-51.8633
BLOCK29/SES291/SA291S24	SES104	0.101959	-51.0916	-51.1936
BLOCK29/SES291/SA291S24	SES125	-0.334164	-51.5277	-51.1936
BLOCK29/SES291/SA291S24	SES158	-0.529728	-51.7233	-51.1936
BLOCK29/SES291/SA291S24	SES275	-3.37483	-54.5684	-51.1936
BLOCK29/SES291/SA291S27	SES158	-0.692947	-51.9989	-51.306
BLOCK29/SES291/SA291S27	SES172	-4.7258	-56.0318	-51.306
BLOCK29/SES291/SA291S27	SES275	-4.34219	-55.6481	-51.306
BLOCK29/SES291/SA291S27	SES292	-3.16182	-54.4678	-51.306
Threshold search:
THR	-7.14825909506	9	0(0)	1(1000)
THR	-7.0573084041094	8.991	0(0)	0.999(999)
THR	-6.9663577131588	8.991	0(0)	0.999(999)
THR	-6.8754070222082	8.991	0(0)	0.999(999)
THR	-6.7844563312576	8.991	0(0)	0.999(999)
THR	-6.693505640307	8.991	0(0)	0.999(999)
THR	-6.6025549493564	8.991	0(0)	0.999(999)
THR	-6.5116042584058	8.991	0(0)	0.999(999)
THR	-6.4206535674552	8.991	0(0)	0.999(999)
THR	-6.3297028765046	8.991	0(0)	0.999(999)
THR	-6.238752185554	8.991	0(0)	0.999(999)
THR	-6.1478014946034	8.991	0(0)	0.999(999)
THR	-6.0568508036528	8.991	0(0)	0.999(999)
THR	-5.9659001127022	8.991	0(0)	0.999(999)
THR	-5.8749494217516	8.991	0(0)	0.999(999)
THR	-5.783998730801	8.991	0(0)	0.999(999)
THR	-5.6930480398504	8.991	0(0)	0.999(999)
THR	-5.6020973488998	8.991	0(0)	0.999(999)
THR	-5.5111466579492	8.991	0(0)	0.999(999)
THR	-5.4201959669986	8.991	0(0)	0.999(999)
THR	-5.329245276048	8.991	0(0)	0.999(999)
THR	-5.2382945850974	8.991	0(0)	0.999(999)
THR	-5.1473438941468	8.991	0(0)	0.999(999)
THR	-5.0563932031962	8.991	0(0)	0.999(999)
THR	-4.9654425122456	8.991	0(0)	0.999(999)
THR	-4.874491821295	8.991	0(0)	0.999(999)
THR	-4.7835411303444	8.982	0(0)	0.998(998)
THR	-4.6925904393938	8.973	0(0)	0.997(997)
THR	-4.6016397484432	8.973	0(0)	0.997(997)
THR	-4.5106890574926	8.973	0(0)	0.997(997)
THR	-4.419738366542	8.973	0(0)	0.997(997)
THR	-4.3287876755914	8.964	0(0)	0.996(996)
THR	-4.2378369846408	8.937	0(0)	0.993(993)
THR	-4.1468862936902	8.919	0(0)	0.991(991)
THR	-4.05593560273959	8.901	0(0)	0.989(989)
THR	-3.96498491178899	8.874	0(0)	0.986(986)
THR	-3.87403422083839	8.856	0(0)	0.984(984)
THR	-3.78308352988779	8.838	0(0)	0.982(982)
THR	-3.69213283893719	8.838	0(0)	0.982(982)
THR	-3.60118214798659	8.811	0(0)	0.979(979)
THR	-3.51023145703599	8.793	0(0)	0.977(977)
THR	-3.41928076608539	8.757	0(0)	0.973(973)
THR	-3.32833007513479	8.703	0(0)	0.967(967)
THR	-3.23737938418419	8.667	0(0)	0.963(963)
THR	-3.14642869323359	8.613	0(0)	0.957(957)
THR	-3.05547800228299	8.577	0(0)	0.953(953)
THR	-2.96452731133239	8.559	0(0)	0.951(951)
THR	-2.87357662038179	8.487	0(0)	0.943(943)
THR	-2.78262592943119	8.379	0(0)	0.931(931)
THR	-2.69167523848059	8.325	0(0)	0.925(925)
THR	-2.60072454752999	8.271	0(0)	0.919(919)
THR	-2.50977385657939	8.176	0.004(1)	0.908(908)
THR	-2.41882316562879	8.095	0.004(1)	0.899(899)
THR	-2.32787247467819	8.05	0.004(1)	0.894(894)
THR	-2.23692178372759	7.969	0.004(1)	0.885(885)
THR	-2.14597109277699	7.78	0.004(1)	0.864(864)
THR	-2.05502040182639	7.6	0.004(1)	0.844(844)
THR	-1.96406971087579	7.519	0.004(1)	0.835(835)
THR	-1.87311901992519	7.303	0.004(1)	0.811(811)
THR	-1.78216832897459	7.114	0.004(1)	0.79(790)
THR	-1.69121763802399	6.907	0.004(1)	0.767(767)
THR	-1.60026694707339	6.655	0.004(1)	0.739(739)
THR	-1.50931625612279	6.421	0.004(1)	0.713(713)
THR	-1.41836556517219	6.115	0.004(1)	0.679(679)
THR	-1.32741487422159	5.827	0.004(1)	0.647(647)
THR	-1.23646418327099	5.381	0.008(2)	0.597(597)
THR	-1.14551349232039	4.998	0.012(3)	0.554(554)
THR	-1.05456280136979	4.584	0.012(3)	0.508(508)
THR	-0.963612110419192	4.039	0.016(4)	0.447(447)
THR	-0.872661419468592	3.458	0.02(5)	0.382(382)
THR	-0.781710728517993	3.048	0.024(6)	0.336(336)
THR	-0.690760037567393	2.556	0.036(9)	0.28(280)
THR	-0.599809346616793	2.207	0.056(14)	0.239(239)
THR	-0.508858655666193	1.761	0.06(15)	0.189(189)
THR	-0.417907964715593	1.358	0.08(20)	0.142(142)
THR	-0.326957273764993	1.067	0.104(26)	0.107(107)
THR	-0.236006582814393	0.89	0.152(38)	0.082(82)
THR	-0.145055891863793	0.719	0.188(47)	0.059(59)
THR	-0.0541052009131928	0.643	0.256(64)	0.043(43)
THR	0.0368454900374072	0.553	0.292(73)	0.029(29)
THR	0.127796180988007	0.528	0.384(96)	0.016(16)
THR	0.218746871938607	0.49	0.436(109)	0.006(6)
THR	0.309697562889207	0.561	0.516(129)	0.005(5)
THR	0.400648253839807	0.586	0.568(142)	0.002(2)
THR	0.491598944790407	0.645	0.636(159)	0.001(1)
THR	0.582549635741007	0.708	0.708(177)	0(0)
THR	0.673500326691607	0.732	0.732(183)	0(0)
THR	0.764451017642207	0.8	0.8(200)	0(0)
THR	0.855401708592807	0.828	0.828(207)	0(0)
THR	0.946352399543407	0.864	0.864(216)	0(0)
THR	1.03730309049401	0.9	0.9(225)	0(0)
THR	1.12825378144461	0.92	0.92(230)	0(0)
THR	1.21920447239521	0.924	0.924(231)	0(0)
THR	1.31015516334581	0.944	0.944(236)	0(0)
THR	1.40110585429641	0.956	0.956(239)	0(0)
THR	1.49205654524701	0.96	0.96(240)	0(0)
THR	1.58300723619761	0.968	0.968(242)	0(0)
THR	1.67395792714821	0.98	0.98(245)	0(0)
THR	1.76490861809881	0.992	0.992(248)	0(0)
THR	1.85585930904941	0.992	0.992(248)	0(0)
THR	1.94681000000001	1	1(250)	0(0)


==============================================
THR: 0.218746871938607
Missed:     109/250=0.4360
FalseAlarm: 6/1000=0.0060
----------------------------------------------
==> CostDetection: 49.0
==============================================
